<?xml version="1.0" encoding="UTF-8"?>
<testsuite xmlns:xsi="http://www.w3.org/2001/XMLSchema-instance" xsi:noNamespaceSchemaLocation="https://maven.apache.org/surefire/maven-surefire-plugin/xsd/surefire-test-report-3.0.xsd" version="3.0" name="BookingTest" time="4.705" tests="3" errors="0" skipped="0" failures="1">
  <properties>
[...]
</properties>
  <testcase name="cadastrarReserva" classname="BookingTest" time="2.447">
    <system-err><![CDATA[SLF4J: Failed to load class "org.slf4j.impl.StaticLoggerBinder".
SLF4J: Defaulting to no-operation (NOP) logger implementation
SLF4J: See http://www.slf4j.org/codes.html#StaticLoggerBinder for further details.
]]></system-err>
  </testcase>
  <testcase name="testGetBooking" classname="BookingTest" time="1.424">
    <system-out><![CDATA[HTTP/1.1 200 OK
Server: Cowboy
Report-To: {"group":"heroku-nel","max_age":3600,"endpoints":[{"url":"https://nel.heroku.com/reports?ts=1743970755&sid=c46efe9b-d3d2-4a0c-8c76-bfafa16c5add&s=Q6oAlJkFB0IFvhRSyR6m1JnNISxpYQ6am9x9iYaBHEg%3D"}]}
Reporting-Endpoints: heroku-nel=https://nel.heroku.com/reports?ts=1743970755&sid=c46efe9b-d3d2-4a0c-8c76-bfafa16c5add&s=Q6oAlJkFB0IFvhRSyR6m1JnNISxpYQ6am9x9iYaBHEg%3D
Nel: {"report_to":"heroku-nel","max_age":3600,"success_fraction":0.005,"failure_fraction":0.05,"response_headers":["Via"]}
Connection: keep-alive
X-Powered-By: Express
Content-Type: application/json; charset=utf-8
Content-Length: 285438
Etag: W/"45afe-y1n8aex1hOyWnaVSnPdhN73Vmhw"
Date: Sun, 06 Apr 2025 20:19:15 GMT
Via: 1.1 vegur

[
    {
        "bookingid": 9038
    },
    {
        "bookingid": 3131
    },
    {
        "bookingid": 11104
    },
    {
        "bookingid": 5757
    },
    {
        "bookingid": 6064
    },
    {
        "bookingid": 5570
    },
    {
        "bookingid": 2552
    },
    {
        "bookingid": 10166
    },
    {
        "bookingid": 7798
    },
    {
        "bookingid": 2055
    },
    {
        "bookingid": 9021
    },
    {
        "bookingid": 2847
    },
    {
        "bookingid": 5788
    },
    {
        "bookingid": 10789
    },
    {
        "bookingid": 14886
    },
    {
        "bookingid": 7813
    },
    {
        "bookingid": 2548
    },
    {
        "bookingid": 3941
    },
    {
        "bookingid": 4954
    },
    {
        "bookingid": 5712
    },
    {
        "bookingid": 2102
    },
    {
        "bookingid": 14251
    },
    {
        "bookingid": 951
    },
    {
        "bookingid": 394
    },
    {
        "bookingid": 2566
    },
    {
        "bookingid": 3493
    },
    {
        "bookingid": 7119
    },
    {
        "bookingid": 11035
    },
    {
        "bookingid": 8585
    },
    {
        "bookingid": 11569
    },
    {
        "bookingid": 15649
    },
    {
        "bookingid": 5022
    },
    {
        "bookingid": 15233
    },
    {
        "bookingid": 10890
    },
    {
        "bookingid": 10080
    },
    {
        "bookingid": 5320
    },
    {
        "bookingid": 2038
    },
    {
        "bookingid": 15316
    },
    {
        "bookingid": 13881
    },
    {
        "bookingid": 9183
    },
    {
        "bookingid": 10580
    },
    {
        "bookingid": 4859
    },
    {
        "bookingid": 10774
    },
    {
        "bookingid": 496
    },
    {
        "bookingid": 3114
    },
    {
        "bookingid": 10188
    },
    {
        "bookingid": 3338
    },
    {
        "bookingid": 8424
    },
    {
        "bookingid": 16003
    },
    {
        "bookingid": 7251
    },
    {
        "bookingid": 2918
    },
    {
        "bookingid": 13404
    },
    {
        "bookingid": 8382
    },
    {
        "bookingid": 6817
    },
    {
        "bookingid": 8830
    },
    {
        "bookingid": 688
    },
    {
        "bookingid": 2851
    },
    {
        "bookingid": 4730
    },
    {
        "bookingid": 6228
    },
    {
        "bookingid": 10715
    },
    {
        "bookingid": 16013
    },
    {
        "bookingid": 5012
    },
    {
        "bookingid": 12167
    },
    {
        "bookingid": 8671
    },
    {
        "bookingid": 161
    },
    {
        "bookingid": 1938
    },
    {
        "bookingid": 14786
    },
    {
        "bookingid": 9023
    },
    {
        "bookingid": 4967
    },
    {
        "bookingid": 2246
    },
    {
        "bookingid": 11634
    },
    {
        "bookingid": 12869
    },
    {
        "bookingid": 15469
    },
    {
        "bookingid": 3395
    },
    {
        "bookingid": 12238
    },
    {
        "bookingid": 5292
    },
    {
        "bookingid": 13367
    },
    {
        "bookingid": 14629
    },
    {
        "bookingid": 6606
    },
    {
        "bookingid": 1385
    },
    {
        "bookingid": 11854
    },
    {
        "bookingid": 6517
    },
    {
        "bookingid": 9802
    },
    {
        "bookingid": 7641
    },
    {
        "bookingid": 13587
    },
    {
        "bookingid": 13364
    },
    {
        "bookingid": 12832
    },
    {
        "bookingid": 12599
    },
    {
        "bookingid": 6061
    },
    {
        "bookingid": 13089
    },
    {
        "bookingid": 8072
    },
    {
        "bookingid": 1919
    },
    {
        "bookingid": 12286
    },
    {
        "bookingid": 4942
    },
    {
        "bookingid": 4573
    },
    {
        "bookingid": 15562
    },
    {
        "bookingid": 15151
    },
    {
        "bookingid": 6287
    },
    {
        "bookingid": 12718
    },
    {
        "bookingid": 9800
    },
    {
        "bookingid": 118
    },
    {
        "bookingid": 3307
    },
    {
        "bookingid": 447
    },
    {
        "bookingid": 2607
    },
    {
        "bookingid": 421
    },
    {
        "bookingid": 12224
    },
    {
        "bookingid": 10689
    },
    {
        "bookingid": 14131
    },
    {
        "bookingid": 2821
    },
    {
        "bookingid": 11462
    },
    {
        "bookingid": 176
    },
    {
        "bookingid": 12145
    },
    {
        "bookingid": 1179
    },
    {
        "bookingid": 3128
    },
    {
        "bookingid": 10725
    },
    {
        "bookingid": 12689
    },
    {
        "bookingid": 8347
    },
    {
        "bookingid": 9442
    },
    {
        "bookingid": 14249
    },
    {
        "bookingid": 3088
    },
    {
        "bookingid": 14408
    },
    {
        "bookingid": 5929
    },
    {
        "bookingid": 6879
    },
    {
        "bookingid": 6604
    },
    {
        "bookingid": 7405
    },
    {
        "bookingid": 14126
    },
    {
        "bookingid": 13781
    },
    {
        "bookingid": 8948
    },
    {
        "bookingid": 6034
    },
    {
        "bookingid": 7424
    },
    {
        "bookingid": 5458
    },
    {
        "bookingid": 15058
    },
    {
        "bookingid": 2514
    },
    {
        "bookingid": 5041
    },
    {
        "bookingid": 9409
    },
    {
        "bookingid": 648
    },
    {
        "bookingid": 9568
    },
    {
        "bookingid": 12395
    },
    {
        "bookingid": 2606
    },
    {
        "bookingid": 7891
    },
    {
        "bookingid": 136
    },
    {
        "bookingid": 6233
    },
    {
        "bookingid": 9390
    },
    {
        "bookingid": 7391
    },
    {
        "bookingid": 12159
    },
    {
        "bookingid": 15859
    },
    {
        "bookingid": 82
    },
    {
        "bookingid": 1787
    },
    {
        "bookingid": 3874
    },
    {
        "bookingid": 3124
    },
    {
        "bookingid": 12932
    },
    {
        "bookingid": 2280
    },
    {
        "bookingid": 7773
    },
    {
        "bookingid": 12755
    },
    {
        "bookingid": 9354
    },
    {
        "bookingid": 14455
    },
    {
        "bookingid": 14810
    },
    {
        "bookingid": 190
    },
    {
        "bookingid": 12123
    },
    {
        "bookingid": 14728
    },
    {
        "bookingid": 15038
    },
    {
        "bookingid": 4549
    },
    {
        "bookingid": 3642
    },
    {
        "bookingid": 5392
    },
    {
        "bookingid": 10243
    },
    {
        "bookingid": 1265
    },
    {
        "bookingid": 11781
    },
    {
        "bookingid": 13454
    },
    {
        "bookingid": 9722
    },
    {
        "bookingid": 2636
    },
    {
        "bookingid": 8247
    },
    {
        "bookingid": 8586
    },
    {
        "bookingid": 5910
    },
    {
        "bookingid": 10751
    },
    {
        "bookingid": 9492
    },
    {
        "bookingid": 5869
    },
    {
        "bookingid": 15286
    },
    {
        "bookingid": 13569
    },
    {
        "bookingid": 11127
    },
    {
        "bookingid": 7577
    },
    {
        "bookingid": 5527
    },
    {
        "bookingid": 5173
    },
    {
        "bookingid": 13950
    },
    {
        "bookingid": 5148
    },
    {
        "bookingid": 14133
    },
    {
        "bookingid": 11832
    },
    {
        "bookingid": 2198
    },
    {
        "bookingid": 1017
    },
    {
        "bookingid": 6863
    },
    {
        "bookingid": 5891
    },
    {
        "bookingid": 7792
    },
    {
        "bookingid": 2243
    },
    {
        "bookingid": 11810
    },
    {
        "bookingid": 986
    },
    {
        "bookingid": 11787
    },
    {
        "bookingid": 6976
    },
    {
        "bookingid": 864
    },
    {
        "bookingid": 15124
    },
    {
        "bookingid": 4444
    },
    {
        "bookingid": 9027
    },
    {
        "bookingid": 13308
    },
    {
        "bookingid": 14914
    },
    {
        "bookingid": 15296
    },
    {
        "bookingid": 11667
    },
    {
        "bookingid": 9315
    },
    {
        "bookingid": 6350
    },
    {
        "bookingid": 15525
    },
    {
        "bookingid": 7204
    },
    {
        "bookingid": 12149
    },
    {
        "bookingid": 8112
    },
    {
        "bookingid": 9323
    },
    {
        "bookingid": 6505
    },
    {
        "bookingid": 9875
    },
    {
        "bookingid": 3505
    },
    {
        "bookingid": 8898
    },
    {
        "bookingid": 5368
    },
    {
        "bookingid": 14830
    },
    {
        "bookingid": 13592
    },
    {
        "bookingid": 14134
    },
    {
        "bookingid": 14182
    },
    {
        "bookingid": 10785
    },
    {
        "bookingid": 16002
    },
    {
        "bookingid": 14068
    },
    {
        "bookingid": 597
    },
    {
        "bookingid": 15758
    },
    {
        "bookingid": 13076
    },
    {
        "bookingid": 4003
    },
    {
        "bookingid": 5901
    },
    {
        "bookingid": 14698
    },
    {
        "bookingid": 166
    },
    {
        "bookingid": 10805
    },
    {
        "bookingid": 1803
    },
    {
        "bookingid": 11253
    },
    {
        "bookingid": 15122
    },
    {
        "bookingid": 6293
    },
    {
        "bookingid": 7766
    },
    {
        "bookingid": 4797
    },
    {
        "bookingid": 12404
    },
    {
        "bookingid": 9483
    },
    {
        "bookingid": 7400
    },
    {
        "bookingid": 8651
    },
    {
        "bookingid": 616
    },
    {
        "bookingid": 14228
    },
    {
        "bookingid": 10354
    },
    {
        "bookingid": 10546
    },
    {
        "bookingid": 10111
    },
    {
        "bookingid": 1519
    },
    {
        "bookingid": 2649
    },
    {
        "bookingid": 5438
    },
    {
        "bookingid": 11755
    },
    {
        "bookingid": 2344
    },
    {
        "bookingid": 8100
    },
    {
        "bookingid": 3713
    },
    {
        "bookingid": 1843
    },
    {
        "bookingid": 9353
    },
    {
        "bookingid": 7041
    },
    {
        "bookingid": 3006
    },
    {
        "bookingid": 3440
    },
    {
        "bookingid": 805
    },
    {
        "bookingid": 5615
    },
    {
        "bookingid": 5285
    },
    {
        "bookingid": 6754
    },
    {
        "bookingid": 12944
    },
    {
        "bookingid": 9132
    },
    {
        "bookingid": 13267
    },
    {
        "bookingid": 10420
    },
    {
        "bookingid": 14864
    },
    {
        "bookingid": 4190
    },
    {
        "bookingid": 7087
    },
    {
        "bookingid": 1153
    },
    {
        "bookingid": 6019
    },
    {
        "bookingid": 13092
    },
    {
        "bookingid": 15657
    },
    {
        "bookingid": 9065
    },
    {
        "bookingid": 4165
    },
    {
        "bookingid": 709
    },
    {
        "bookingid": 9120
    },
    {
        "bookingid": 985
    },
    {
        "bookingid": 12697
    },
    {
        "bookingid": 11870
    },
    {
        "bookingid": 3699
    },
    {
        "bookingid": 1591
    },
    {
        "bookingid": 13728
    },
    {
        "bookingid": 8856
    },
    {
        "bookingid": 15961
    },
    {
        "bookingid": 2558
    },
    {
        "bookingid": 15217
    },
    {
        "bookingid": 5090
    },
    {
        "bookingid": 4034
    },
    {
        "bookingid": 5528
    },
    {
        "bookingid": 8977
    },
    {
        "bookingid": 8587
    },
    {
        "bookingid": 15014
    },
    {
        "bookingid": 10863
    },
    {
        "bookingid": 14372
    },
    {
        "bookingid": 3258
    },
    {
        "bookingid": 3084
    },
    {
        "bookingid": 13755
    },
    {
        "bookingid": 11571
    },
    {
        "bookingid": 9639
    },
    {
        "bookingid": 5226
    },
    {
        "bookingid": 3215
    },
    {
        "bookingid": 14415
    },
    {
        "bookingid": 10195
    },
    {
        "bookingid": 7682
    },
    {
        "bookingid": 7907
    },
    {
        "bookingid": 4707
    },
    {
        "bookingid": 10283
    },
    {
        "bookingid": 15263
    },
    {
        "bookingid": 11928
    },
    {
        "bookingid": 10562
    },
    {
        "bookingid": 7980
    },
    {
        "bookingid": 9057
    },
    {
        "bookingid": 15016
    },
    {
        "bookingid": 9487
    },
    {
        "bookingid": 8285
    },
    {
        "bookingid": 4699
    },
    {
        "bookingid": 8401
    },
    {
        "bookingid": 5968
    },
    {
        "bookingid": 14987
    },
    {
        "bookingid": 1338
    },
    {
        "bookingid": 3863
    },
    {
        "bookingid": 9072
    },
    {
        "bookingid": 4422
    },
    {
        "bookingid": 9513
    },
    {
        "bookingid": 7937
    },
    {
        "bookingid": 11992
    },
    {
        "bookingid": 3671
    },
    {
        "bookingid": 13280
    },
    {
        "bookingid": 15379
    },
    {
        "bookingid": 3105
    },
    {
        "bookingid": 14143
    },
    {
        "bookingid": 8215
    },
    {
        "bookingid": 2663
    },
    {
        "bookingid": 7762
    },
    {
        "bookingid": 4308
    },
    {
        "bookingid": 5440
    },
    {
        "bookingid": 13335
    },
    {
        "bookingid": 12528
    },
    {
        "bookingid": 8682
    },
    {
        "bookingid": 4082
    },
    {
        "bookingid": 11373
    },
    {
        "bookingid": 11674
    },
    {
        "bookingid": 11013
    },
    {
        "bookingid": 11734
    },
    {
        "bookingid": 15413
    },
    {
        "bookingid": 10959
    },
    {
        "bookingid": 9915
    },
    {
        "bookingid": 1622
    },
    {
        "bookingid": 5624
    },
    {
        "bookingid": 321
    },
    {
        "bookingid": 14784
    },
    {
        "bookingid": 4106
    },
    {
        "bookingid": 3784
    },
    {
        "bookingid": 12260
    },
    {
        "bookingid": 9881
    },
    {
        "bookingid": 8040
    },
    {
        "bookingid": 14303
    },
    {
        "bookingid": 15646
    },
    {
        "bookingid": 12309
    },
    {
        "bookingid": 12775
    },
    {
        "bookingid": 434
    },
    {
        "bookingid": 4382
    },
    {
        "bookingid": 5936
    },
    {
        "bookingid": 10490
    },
    {
        "bookingid": 10658
    },
    {
        "bookingid": 4399
    },
    {
        "bookingid": 9905
    },
    {
        "bookingid": 4541
    },
    {
        "bookingid": 13649
    },
    {
        "bookingid": 3373
    },
    {
        "bookingid": 3458
    },
    {
        "bookingid": 15539
    },
    {
        "bookingid": 4955
    },
    {
        "bookingid": 3032
    },
    {
        "bookingid": 13240
    },
    {
        "bookingid": 1350
    },
    {
        "bookingid": 11677
    },
    {
        "bookingid": 9176
    },
    {
        "bookingid": 13235
    },
    {
        "bookingid": 10023
    },
    {
        "bookingid": 2069
    },
    {
        "bookingid": 4992
    },
    {
        "bookingid": 3656
    },
    {
        "bookingid": 8936
    },
    {
        "bookingid": 10303
    },
    {
        "bookingid": 3551
    },
    {
        "bookingid": 5422
    },
    {
        "bookingid": 6630
    },
    {
        "bookingid": 1114
    },
    {
        "bookingid": 11285
    },
    {
        "bookingid": 10102
    },
    {
        "bookingid": 1702
    },
    {
        "bookingid": 5188
    },
    {
        "bookingid": 14259
    },
    {
        "bookingid": 8832
    },
    {
        "bookingid": 8408
    },
    {
        "bookingid": 8120
    },
    {
        "bookingid": 15047
    },
    {
        "bookingid": 14026
    },
    {
        "bookingid": 3585
    },
    {
        "bookingid": 14985
    },
    {
        "bookingid": 11101
    },
    {
        "bookingid": 8677
    },
    {
        "bookingid": 303
    },
    {
        "bookingid": 15981
    },
    {
        "bookingid": 5319
    },
    {
        "bookingid": 8540
    },
    {
        "bookingid": 7077
    },
    {
        "bookingid": 9938
    },
    {
        "bookingid": 16004
    },
    {
        "bookingid": 13612
    },
    {
        "bookingid": 2567
    },
    {
        "bookingid": 12216
    },
    {
        "bookingid": 15198
    },
    {
        "bookingid": 12058
    },
    {
        "bookingid": 5414
    },
    {
        "bookingid": 11994
    },
    {
        "bookingid": 15578
    },
    {
        "bookingid": 9130
    },
    {
        "bookingid": 9110
    },
    {
        "bookingid": 13677
    },
    {
        "bookingid": 9249
    },
    {
        "bookingid": 7380
    },
    {
        "bookingid": 15276
    },
    {
        "bookingid": 12799
    },
    {
        "bookingid": 15146
    },
    {
        "bookingid": 111
    },
    {
        "bookingid": 2605
    },
    {
        "bookingid": 15075
    },
    {
        "bookingid": 9189
    },
    {
        "bookingid": 15202
    },
    {
        "bookingid": 7984
    },
    {
        "bookingid": 1186
    },
    {
        "bookingid": 10134
    },
    {
        "bookingid": 1252
    },
    {
        "bookingid": 13747
    },
    {
        "bookingid": 3864
    },
    {
        "bookingid": 2524
    },
    {
        "bookingid": 8201
    },
    {
        "bookingid": 14675
    },
    {
        "bookingid": 8101
    },
    {
        "bookingid": 8681
    },
    {
        "bookingid": 7868
    },
    {
        "bookingid": 14891
    },
    {
        "bookingid": 15008
    },
    {
        "bookingid": 15952
    },
    {
        "bookingid": 5451
    },
    {
        "bookingid": 15922
    },
    {
        "bookingid": 13123
    },
    {
        "bookingid": 13574
    },
    {
        "bookingid": 10370
    },
    {
        "bookingid": 2487
    },
    {
        "bookingid": 7250
    },
    {
        "bookingid": 3965
    },
    {
        "bookingid": 12900
    },
    {
        "bookingid": 3085
    },
    {
        "bookingid": 10839
    },
    {
        "bookingid": 13921
    },
    {
        "bookingid": 12295
    },
    {
        "bookingid": 3623
    },
    {
        "bookingid": 9940
    },
    {
        "bookingid": 1855
    },
    {
        "bookingid": 14213
    },
    {
        "bookingid": 15949
    },
    {
        "bookingid": 7229
    },
    {
        "bookingid": 4868
    },
    {
        "bookingid": 1648
    },
    {
        "bookingid": 10487
    },
    {
        "bookingid": 13982
    },
    {
        "bookingid": 8660
    },
    {
        "bookingid": 2907
    },
    {
        "bookingid": 7010
    },
    {
        "bookingid": 3718
    },
    {
        "bookingid": 10064
    },
    {
        "bookingid": 4094
    },
    {
        "bookingid": 8779
    },
    {
        "bookingid": 7514
    },
    {
        "bookingid": 2584
    },
    {
        "bookingid": 10454
    },
    {
        "bookingid": 14439
    },
    {
        "bookingid": 10095
    },
    {
        "bookingid": 11925
    },
    {
        "bookingid": 12731
    },
    {
        "bookingid": 4193
    },
    {
        "bookingid": 5014
    },
    {
        "bookingid": 12104
    },
    {
        "bookingid": 4949
    },
    {
        "bookingid": 12002
    },
    {
        "bookingid": 7088
    },
    {
        "bookingid": 7154
    },
    {
        "bookingid": 12816
    },
    {
        "bookingid": 9680
    },
    {
        "bookingid": 9848
    },
    {
        "bookingid": 9451
    },
    {
        "bookingid": 2695
    },
    {
        "bookingid": 5812
    },
    {
        "bookingid": 5272
    },
    {
        "bookingid": 9903
    },
    {
        "bookingid": 189
    },
    {
        "bookingid": 655
    },
    {
        "bookingid": 9426
    },
    {
        "bookingid": 8476
    },
    {
        "bookingid": 15274
    },
    {
        "bookingid": 10473
    },
    {
        "bookingid": 11149
    },
    {
        "bookingid": 14338
    },
    {
        "bookingid": 13878
    },
    {
        "bookingid": 11565
    },
    {
        "bookingid": 4924
    },
    {
        "bookingid": 720
    },
    {
        "bookingid": 13261
    },
    {
        "bookingid": 6173
    },
    {
        "bookingid": 1146
    },
    {
        "bookingid": 5780
    },
    {
        "bookingid": 2313
    },
    {
        "bookingid": 13667
    },
    {
        "bookingid": 7316
    },
    {
        "bookingid": 8622
    },
    {
        "bookingid": 2047
    },
    {
        "bookingid": 14369
    },
    {
        "bookingid": 1371
    },
    {
        "bookingid": 7913
    },
    {
        "bookingid": 7636
    },
    {
        "bookingid": 14835
    },
    {
        "bookingid": 5003
    },
    {
        "bookingid": 5328
    },
    {
        "bookingid": 3434
    },
    {
        "bookingid": 14014
    },
    {
        "bookingid": 9649
    },
    {
        "bookingid": 4598
    },
    {
        "bookingid": 7530
    },
    {
        "bookingid": 10433
    },
    {
        "bookingid": 9256
    },
    {
        "bookingid": 14672
    },
    {
        "bookingid": 11030
    },
    {
        "bookingid": 15878
    },
    {
        "bookingid": 2787
    },
    {
        "bookingid": 8026
    },
    {
        "bookingid": 9998
    },
    {
        "bookingid": 11698
    },
    {
        "bookingid": 10930
    },
    {
        "bookingid": 5072
    },
    {
        "bookingid": 8497
    },
    {
        "bookingid": 53
    },
    {
        "bookingid": 5083
    },
    {
        "bookingid": 7389
    },
    {
        "bookingid": 3549
    },
    {
        "bookingid": 7052
    },
    {
        "bookingid": 5257
    },
    {
        "bookingid": 4458
    },
    {
        "bookingid": 7305
    },
    {
        "bookingid": 10203
    },
    {
        "bookingid": 6402
    },
    {
        "bookingid": 1945
    },
    {
        "bookingid": 15543
    },
    {
        "bookingid": 2966
    },
    {
        "bookingid": 5634
    },
    {
        "bookingid": 14390
    },
    {
        "bookingid": 4775
    },
    {
        "bookingid": 10772
    },
    {
        "bookingid": 12282
    },
    {
        "bookingid": 6396
    },
    {
        "bookingid": 325
    },
    {
        "bookingid": 4511
    },
    {
        "bookingid": 6960
    },
    {
        "bookingid": 14943
    },
    {
        "bookingid": 10253
    },
    {
        "bookingid": 14896
    },
    {
        "bookingid": 4457
    },
    {
        "bookingid": 4069
    },
    {
        "bookingid": 1878
    },
    {
        "bookingid": 5930
    },
    {
        "bookingid": 11157
    },
    {
        "bookingid": 8375
    },
    {
        "bookingid": 3571
    },
    {
        "bookingid": 148
    },
    {
        "bookingid": 10733
    },
    {
        "bookingid": 8597
    },
    {
        "bookingid": 10617
    },
    {
        "bookingid": 3334
    },
    {
        "bookingid": 10028
    },
    {
        "bookingid": 5353
    },
    {
        "bookingid": 3052
    },
    {
        "bookingid": 9461
    },
    {
        "bookingid": 1652
    },
    {
        "bookingid": 4179
    },
    {
        "bookingid": 9891
    },
    {
        "bookingid": 7887
    },
    {
        "bookingid": 5489
    },
    {
        "bookingid": 11355
    },
    {
        "bookingid": 13436
    },
    {
        "bookingid": 4567
    },
    {
        "bookingid": 5645
    },
    {
        "bookingid": 2144
    },
    {
        "bookingid": 1232
    },
    {
        "bookingid": 11394
    },
    {
        "bookingid": 10798
    },
    {
        "bookingid": 13588
    },
    {
        "bookingid": 11788
    },
    {
        "bookingid": 892
    },
    {
        "bookingid": 1389
    },
    {
        "bookingid": 13737
    },
    {
        "bookingid": 12730
    },
    {
        "bookingid": 2225
    },
    {
        "bookingid": 9245
    },
    {
        "bookingid": 8127
    },
    {
        "bookingid": 11671
    },
    {
        "bookingid": 9978
    },
    {
        "bookingid": 12953
    },
    {
        "bookingid": 5209
    },
    {
        "bookingid": 13732
    },
    {
        "bookingid": 11129
    },
    {
        "bookingid": 15049
    },
    {
        "bookingid": 3548
    },
    {
        "bookingid": 5790
    },
    {
        "bookingid": 3223
    },
    {
        "bookingid": 351
    },
    {
        "bookingid": 11273
    },
    {
        "bookingid": 11801
    },
    {
        "bookingid": 4915
    },
    {
        "bookingid": 15710
    },
    {
        "bookingid": 3732
    },
    {
        "bookingid": 12150
    },
    {
        "bookingid": 11586
    },
    {
        "bookingid": 2742
    },
    {
        "bookingid": 6313
    },
    {
        "bookingid": 909
    },
    {
        "bookingid": 11606
    },
    {
        "bookingid": 14822
    },
    {
        "bookingid": 11318
    },
    {
        "bookingid": 13901
    },
    {
        "bookingid": 5336
    },
    {
        "bookingid": 11553
    },
    {
        "bookingid": 13312
    },
    {
        "bookingid": 15576
    },
    {
        "bookingid": 15489
    },
    {
        "bookingid": 5448
    },
    {
        "bookingid": 10968
    },
    {
        "bookingid": 5193
    },
    {
        "bookingid": 4714
    },
    {
        "bookingid": 10394
    },
    {
        "bookingid": 55
    },
    {
        "bookingid": 13812
    },
    {
        "bookingid": 5128
    },
    {
        "bookingid": 6901
    },
    {
        "bookingid": 2401
    },
    {
        "bookingid": 4794
    },
    {
        "bookingid": 6457
    },
    {
        "bookingid": 380
    },
    {
        "bookingid": 3495
    },
    {
        "bookingid": 10401
    },
    {
        "bookingid": 3992
    },
    {
        "bookingid": 12916
    },
    {
        "bookingid": 7038
    },
    {
        "bookingid": 12355
    },
    {
        "bookingid": 15272
    },
    {
        "bookingid": 13648
    },
    {
        "bookingid": 9743
    },
    {
        "bookingid": 11172
    },
    {
        "bookingid": 15473
    },
    {
        "bookingid": 9165
    },
    {
        "bookingid": 5514
    },
    {
        "bookingid": 15328
    },
    {
        "bookingid": 15476
    },
    {
        "bookingid": 12763
    },
    {
        "bookingid": 8380
    },
    {
        "bookingid": 15757
    },
    {
        "bookingid": 5349
    },
    {
        "bookingid": 9074
    },
    {
        "bookingid": 5809
    },
    {
        "bookingid": 12446
    },
    {
        "bookingid": 14191
    },
    {
        "bookingid": 5009
    },
    {
        "bookingid": 6534
    },
    {
        "bookingid": 9830
    },
    {
        "bookingid": 3123
    },
    {
        "bookingid": 6436
    },
    {
        "bookingid": 11624
    },
    {
        "bookingid": 8273
    },
    {
        "bookingid": 9039
    },
    {
        "bookingid": 7431
    },
    {
        "bookingid": 5904
    },
    {
        "bookingid": 9416
    },
    {
        "bookingid": 1733
    },
    {
        "bookingid": 8087
    },
    {
        "bookingid": 3865
    },
    {
        "bookingid": 11945
    },
    {
        "bookingid": 1928
    },
    {
        "bookingid": 11951
    },
    {
        "bookingid": 8674
    },
    {
        "bookingid": 11006
    },
    {
        "bookingid": 2180
    },
    {
        "bookingid": 2729
    },
    {
        "bookingid": 14759
    },
    {
        "bookingid": 10130
    },
    {
        "bookingid": 4401
    },
    {
        "bookingid": 10143
    },
    {
        "bookingid": 14231
    },
    {
        "bookingid": 6987
    },
    {
        "bookingid": 13468
    },
    {
        "bookingid": 7218
    },
    {
        "bookingid": 12202
    },
    {
        "bookingid": 7892
    },
    {
        "bookingid": 8012
    },
    {
        "bookingid": 5716
    },
    {
        "bookingid": 10905
    },
    {
        "bookingid": 11088
    },
    {
        "bookingid": 3804
    },
    {
        "bookingid": 1352
    },
    {
        "bookingid": 11349
    },
    {
        "bookingid": 10495
    },
    {
        "bookingid": 9714
    },
    {
        "bookingid": 1181
    },
    {
        "bookingid": 12547
    },
    {
        "bookingid": 13885
    },
    {
        "bookingid": 2572
    },
    {
        "bookingid": 8700
    },
    {
        "bookingid": 4211
    },
    {
        "bookingid": 9058
    },
    {
        "bookingid": 15242
    },
    {
        "bookingid": 5389
    },
    {
        "bookingid": 3630
    },
    {
        "bookingid": 14398
    },
    {
        "bookingid": 4030
    },
    {
        "bookingid": 9053
    },
    {
        "bookingid": 2292
    },
    {
        "bookingid": 14660
    },
    {
        "bookingid": 3870
    },
    {
        "bookingid": 5808
    },
    {
        "bookingid": 1527
    },
    {
        "bookingid": 11133
    },
    {
        "bookingid": 9433
    },
    {
        "bookingid": 6763
    },
    {
        "bookingid": 13679
    },
    {
        "bookingid": 10345
    },
    {
        "bookingid": 10153
    },
    {
        "bookingid": 188
    },
    {
        "bookingid": 8359
    },
    {
        "bookingid": 9871
    },
    {
        "bookingid": 5864
    },
    {
        "bookingid": 14236
    },
    {
        "bookingid": 7467
    },
    {
        "bookingid": 2413
    },
    {
        "bookingid": 8894
    },
    {
        "bookingid": 14079
    },
    {
        "bookingid": 13662
    },
    {
        "bookingid": 9612
    },
    {
        "bookingid": 11146
    },
    {
        "bookingid": 10392
    },
    {
        "bookingid": 13305
    },
    {
        "bookingid": 5838
    },
    {
        "bookingid": 4858
    },
    {
        "bookingid": 5047
    },
    {
        "bookingid": 7701
    },
    {
        "bookingid": 15865
    },
    {
        "bookingid": 6074
    },
    {
        "bookingid": 4899
    },
    {
        "bookingid": 14516
    },
    {
        "bookingid": 1595
    },
    {
        "bookingid": 6904
    },
    {
        "bookingid": 13146
    },
    {
        "bookingid": 8289
    },
    {
        "bookingid": 11880
    },
    {
        "bookingid": 691
    },
    {
        "bookingid": 6923
    },
    {
        "bookingid": 1574
    },
    {
        "bookingid": 4320
    },
    {
        "bookingid": 15582
    },
    {
        "bookingid": 15065
    },
    {
        "bookingid": 628
    },
    {
        "bookingid": 8373
    },
    {
        "bookingid": 11244
    },
    {
        "bookingid": 6328
    },
    {
        "bookingid": 12137
    },
    {
        "bookingid": 12887
    },
    {
        "bookingid": 6515
    },
    {
        "bookingid": 11395
    },
    {
        "bookingid": 7898
    },
    {
        "bookingid": 6458
    },
    {
        "bookingid": 2242
    },
    {
        "bookingid": 106
    },
    {
        "bookingid": 8636
    },
    {
        "bookingid": 371
    },
    {
        "bookingid": 6818
    },
    {
        "bookingid": 14159
    },
    {
        "bookingid": 13900
    },
    {
        "bookingid": 969
    },
    {
        "bookingid": 4962
    },
    {
        "bookingid": 10393
    },
    {
        "bookingid": 130
    },
    {
        "bookingid": 2050
    },
    {
        "bookingid": 7346
    },
    {
        "bookingid": 13518
    },
    {
        "bookingid": 624
    },
    {
        "bookingid": 14033
    },
    {
        "bookingid": 8819
    },
    {
        "bookingid": 11398
    },
    {
        "bookingid": 168
    },
    {
        "bookingid": 2008
    },
    {
        "bookingid": 7156
    },
    {
        "bookingid": 6805
    },
    {
        "bookingid": 10119
    },
    {
        "bookingid": 8407
    },
    {
        "bookingid": 12292
    },
    {
        "bookingid": 13879
    },
    {
        "bookingid": 4215
    },
    {
        "bookingid": 13321
    },
    {
        "bookingid": 9227
    },
    {
        "bookingid": 3161
    },
    {
        "bookingid": 2006
    },
    {
        "bookingid": 9231
    },
    {
        "bookingid": 9724
    },
    {
        "bookingid": 14875
    },
    {
        "bookingid": 2774
    },
    {
        "bookingid": 13032
    },
    {
        "bookingid": 7172
    },
    {
        "bookingid": 13643
    },
    {
        "bookingid": 9515
    },
    {
        "bookingid": 2123
    },
    {
        "bookingid": 5905
    },
    {
        "bookingid": 8914
    },
    {
        "bookingid": 12344
    },
    {
        "bookingid": 1316
    },
    {
        "bookingid": 15457
    },
    {
        "bookingid": 8171
    },
    {
        "bookingid": 4727
    },
    {
        "bookingid": 1541
    },
    {
        "bookingid": 3928
    },
    {
        "bookingid": 4479
    },
    {
        "bookingid": 4174
    },
    {
        "bookingid": 2228
    },
    {
        "bookingid": 1909
    },
    {
        "bookingid": 11838
    },
    {
        "bookingid": 9917
    },
    {
        "bookingid": 7248
    },
    {
        "bookingid": 11445
    },
    {
        "bookingid": 10738
    },
    {
        "bookingid": 5795
    },
    {
        "bookingid": 1965
    },
    {
        "bookingid": 13964
    },
    {
        "bookingid": 4700
    },
    {
        "bookingid": 14575
    },
    {
        "bookingid": 11171
    },
    {
        "bookingid": 115
    },
    {
        "bookingid": 14568
    },
    {
        "bookingid": 8846
    },
    {
        "bookingid": 11308
    },
    {
        "bookingid": 3645
    },
    {
        "bookingid": 2631
    },
    {
        "bookingid": 13314
    },
    {
        "bookingid": 3507
    },
    {
        "bookingid": 10118
    },
    {
        "bookingid": 7569
    },
    {
        "bookingid": 6537
    },
    {
        "bookingid": 2441
    },
    {
        "bookingid": 11003
    },
    {
        "bookingid": 12858
    },
    {
        "bookingid": 12899
    },
    {
        "bookingid": 5372
    },
    {
        "bookingid": 9087
    },
    {
        "bookingid": 2532
    },
    {
        "bookingid": 6729
    },
    {
        "bookingid": 5549
    },
    {
        "bookingid": 13673
    },
    {
        "bookingid": 12970
    },
    {
        "bookingid": 9815
    },
    {
        "bookingid": 9964
    },
    {
        "bookingid": 9787
    },
    {
        "bookingid": 13001
    },
    {
        "bookingid": 8934
    },
    {
        "bookingid": 7660
    },
    {
        "bookingid": 1437
    },
    {
        "bookingid": 7533
    },
    {
        "bookingid": 9901
    },
    {
        "bookingid": 3393
    },
    {
        "bookingid": 2995
    },
    {
        "bookingid": 4331
    },
    {
        "bookingid": 11161
    },
    {
        "bookingid": 8442
    },
    {
        "bookingid": 11578
    },
    {
        "bookingid": 4519
    },
    {
        "bookingid": 5916
    },
    {
        "bookingid": 15800
    },
    {
        "bookingid": 8697
    },
    {
        "bookingid": 3388
    },
    {
        "bookingid": 9788
    },
    {
        "bookingid": 3369
    },
    {
        "bookingid": 9425
    },
    {
        "bookingid": 4369
    },
    {
        "bookingid": 12745
    },
    {
        "bookingid": 214
    },
    {
        "bookingid": 714
    },
    {
        "bookingid": 3923
    },
    {
        "bookingid": 10164
    },
    {
        "bookingid": 11076
    },
    {
        "bookingid": 6794
    },
    {
        "bookingid": 6662
    },
    {
        "bookingid": 11556
    },
    {
        "bookingid": 5604
    },
    {
        "bookingid": 5519
    },
    {
        "bookingid": 11371
    },
    {
        "bookingid": 1863
    },
    {
        "bookingid": 15903
    },
    {
        "bookingid": 11238
    },
    {
        "bookingid": 7011
    },
    {
        "bookingid": 6288
    },
    {
        "bookingid": 1173
    },
    {
        "bookingid": 12514
    },
    {
        "bookingid": 14972
    },
    {
        "bookingid": 12770
    },
    {
        "bookingid": 12371
    },
    {
        "bookingid": 7213
    },
    {
        "bookingid": 8790
    },
    {
        "bookingid": 11907
    },
    {
        "bookingid": 2698
    },
    {
        "bookingid": 1884
    },
    {
        "bookingid": 4870
    },
    {
        "bookingid": 3274
    },
    {
        "bookingid": 2273
    },
    {
        "bookingid": 1603
    },
    {
        "bookingid": 11476
    },
    {
        "bookingid": 8300
    },
    {
        "bookingid": 4580
    },
    {
        "bookingid": 10811
    },
    {
        "bookingid": 12489
    },
    {
        "bookingid": 12943
    },
    {
        "bookingid": 4104
    },
    {
        "bookingid": 13178
    },
    {
        "bookingid": 12015
    },
    {
        "bookingid": 12776
    },
    {
        "bookingid": 6812
    },
    {
        "bookingid": 4248
    },
    {
        "bookingid": 7975
    },
    {
        "bookingid": 12198
    },
    {
        "bookingid": 11346
    },
    {
        "bookingid": 5992
    },
    {
        "bookingid": 6504
    },
    {
        "bookingid": 11890
    },
    {
        "bookingid": 7628
    },
    {
        "bookingid": 15874
    },
    {
        "bookingid": 5347
    },
    {
        "bookingid": 11590
    },
    {
        "bookingid": 2512
    },
    {
        "bookingid": 12063
    },
    {
        "bookingid": 11797
    },
    {
        "bookingid": 7911
    },
    {
        "bookingid": 13077
    },
    {
        "bookingid": 15892
    },
    {
        "bookingid": 10610
    },
    {
        "bookingid": 13311
    },
    {
        "bookingid": 430
    },
    {
        "bookingid": 11804
    },
    {
        "bookingid": 12653
    },
    {
        "bookingid": 11846
    },
    {
        "bookingid": 12586
    },
    {
        "bookingid": 3361
    },
    {
        "bookingid": 7130
    },
    {
        "bookingid": 26
    },
    {
        "bookingid": 4327
    },
    {
        "bookingid": 1180
    },
    {
        "bookingid": 15125
    },
    {
        "bookingid": 11655
    },
    {
        "bookingid": 2757
    },
    {
        "bookingid": 14771
    },
    {
        "bookingid": 2622
    },
    {
        "bookingid": 14065
    },
    {
        "bookingid": 6036
    },
    {
        "bookingid": 1225
    },
    {
        "bookingid": 2617
    },
    {
        "bookingid": 2022
    },
    {
        "bookingid": 5434
    },
    {
        "bookingid": 6281
    },
    {
        "bookingid": 12557
    },
    {
        "bookingid": 1927
    },
    {
        "bookingid": 8858
    },
    {
        "bookingid": 10604
    },
    {
        "bookingid": 12185
    },
    {
        "bookingid": 9900
    },
    {
        "bookingid": 6990
    },
    {
        "bookingid": 6953
    },
    {
        "bookingid": 5207
    },
    {
        "bookingid": 9717
    },
    {
        "bookingid": 788
    },
    {
        "bookingid": 2377
    },
    {
        "bookingid": 10941
    },
    {
        "bookingid": 13090
    },
    {
        "bookingid": 5995
    },
    {
        "bookingid": 4018
    },
    {
        "bookingid": 12360
    },
    {
        "bookingid": 7215
    },
    {
        "bookingid": 4878
    },
    {
        "bookingid": 1723
    },
    {
        "bookingid": 283
    },
    {
        "bookingid": 1397
    },
    {
        "bookingid": 1273
    },
    {
        "bookingid": 10124
    },
    {
        "bookingid": 7486
    },
    {
        "bookingid": 1933
    },
    {
        "bookingid": 6053
    },
    {
        "bookingid": 10605
    },
    {
        "bookingid": 6215
    },
    {
        "bookingid": 8009
    },
    {
        "bookingid": 3419
    },
    {
        "bookingid": 11412
    },
    {
        "bookingid": 3229
    },
    {
        "bookingid": 3772
    },
    {
        "bookingid": 12472
    },
    {
        "bookingid": 5628
    },
    {
        "bookingid": 7702
    },
    {
        "bookingid": 15613
    },
    {
        "bookingid": 15006
    },
    {
        "bookingid": 14748
    },
    {
        "bookingid": 13100
    },
    {
        "bookingid": 14395
    },
    {
        "bookingid": 14725
    },
    {
        "bookingid": 11305
    },
    {
        "bookingid": 4547
    },
    {
        "bookingid": 3303
    },
    {
        "bookingid": 14099
    },
    {
        "bookingid": 2388
    },
    {
        "bookingid": 14521
    },
    {
        "bookingid": 1870
    },
    {
        "bookingid": 10606
    },
    {
        "bookingid": 13736
    },
    {
        "bookingid": 2547
    },
    {
        "bookingid": 5456
    },
    {
        "bookingid": 4914
    },
    {
        "bookingid": 9232
    },
    {
        "bookingid": 2886
    },
    {
        "bookingid": 8615
    },
    {
        "bookingid": 5622
    },
    {
        "bookingid": 6612
    },
    {
        "bookingid": 6105
    },
    {
        "bookingid": 6628
    },
    {
        "bookingid": 7403
    },
    {
        "bookingid": 12418
    },
    {
        "bookingid": 2433
    },
    {
        "bookingid": 9209
    },
    {
        "bookingid": 3415
    },
    {
        "bookingid": 15533
    },
    {
        "bookingid": 14221
    },
    {
        "bookingid": 16000
    },
    {
        "bookingid": 5254
    },
    {
        "bookingid": 9171
    },
    {
        "bookingid": 11888
    },
    {
        "bookingid": 3449
    },
    {
        "bookingid": 4427
    },
    {
        "bookingid": 7271
    },
    {
        "bookingid": 1757
    },
    {
        "bookingid": 12089
    },
    {
        "bookingid": 2956
    },
    {
        "bookingid": 15960
    },
    {
        "bookingid": 14994
    },
    {
        "bookingid": 7670
    },
    {
        "bookingid": 5654
    },
    {
        "bookingid": 12860
    },
    {
        "bookingid": 12867
    },
    {
        "bookingid": 6889
    },
    {
        "bookingid": 13700
    },
    {
        "bookingid": 8525
    },
    {
        "bookingid": 15747
    },
    {
        "bookingid": 4164
    },
    {
        "bookingid": 10813
    },
    {
        "bookingid": 12641
    },
    {
        "bookingid": 7815
    },
    {
        "bookingid": 2822
    },
    {
        "bookingid": 8078
    },
    {
        "bookingid": 10995
    },
    {
        "bookingid": 661
    },
    {
        "bookingid": 14043
    },
    {
        "bookingid": 7163
    },
    {
        "bookingid": 4523
    },
    {
        "bookingid": 6723
    },
    {
        "bookingid": 4076
    },
    {
        "bookingid": 5287
    },
    {
        "bookingid": 8455
    },
    {
        "bookingid": 10007
    },
    {
        "bookingid": 9093
    },
    {
        "bookingid": 8932
    },
    {
        "bookingid": 7539
    },
    {
        "bookingid": 3862
    },
    {
        "bookingid": 4123
    },
    {
        "bookingid": 9561
    },
    {
        "bookingid": 5027
    },
    {
        "bookingid": 14650
    },
    {
        "bookingid": 2965
    },
    {
        "bookingid": 482
    },
    {
        "bookingid": 3281
    },
    {
        "bookingid": 14625
    },
    {
        "bookingid": 8074
    },
    {
        "bookingid": 5179
    },
    {
        "bookingid": 861
    },
    {
        "bookingid": 1112
    },
    {
        "bookingid": 7669
    },
    {
        "bookingid": 12020
    },
    {
        "bookingid": 4735
    },
    {
        "bookingid": 6449
    },
    {
        "bookingid": 6920
    },
    {
        "bookingid": 15862
    },
    {
        "bookingid": 9942
    },
    {
        "bookingid": 639
    },
    {
        "bookingid": 7066
    },
    {
        "bookingid": 7483
    },
    {
        "bookingid": 5575
    },
    {
        "bookingid": 12227
    },
    {
        "bookingid": 7042
    },
    {
        "bookingid": 7275
    },
    {
        "bookingid": 2148
    },
    {
        "bookingid": 9005
    },
    {
        "bookingid": 1356
    },
    {
        "bookingid": 8780
    },
    {
        "bookingid": 15153
    },
    {
        "bookingid": 1657
    },
    {
        "bookingid": 10812
    },
    {
        "bookingid": 6461
    },
    {
        "bookingid": 3522
    },
    {
        "bookingid": 4354
    },
    {
        "bookingid": 11486
    },
    {
        "bookingid": 6591
    },
    {
        "bookingid": 7099
    },
    {
        "bookingid": 5198
    },
    {
        "bookingid": 6668
    },
    {
        "bookingid": 5313
    },
    {
        "bookingid": 9548
    },
    {
        "bookingid": 15363
    },
    {
        "bookingid": 8899
    },
    {
        "bookingid": 6269
    },
    {
        "bookingid": 8692
    },
    {
        "bookingid": 10742
    },
    {
        "bookingid": 5685
    },
    {
        "bookingid": 10892
    },
    {
        "bookingid": 4277
    },
    {
        "bookingid": 997
    },
    {
        "bookingid": 13320
    },
    {
        "bookingid": 14912
    },
    {
        "bookingid": 4252
    },
    {
        "bookingid": 8851
    },
    {
        "bookingid": 9882
    },
    {
        "bookingid": 9726
    },
    {
        "bookingid": 8272
    },
    {
        "bookingid": 11296
    },
    {
        "bookingid": 1050
    },
    {
        "bookingid": 10764
    },
    {
        "bookingid": 12068
    },
    {
        "bookingid": 10300
    },
    {
        "bookingid": 5694
    },
    {
        "bookingid": 12545
    },
    {
        "bookingid": 11033
    },
    {
        "bookingid": 8258
    },
    {
        "bookingid": 3308
    },
    {
        "bookingid": 2375
    },
    {
        "bookingid": 2748
    },
    {
        "bookingid": 10417
    },
    {
        "bookingid": 9643
    },
    {
        "bookingid": 3646
    },
    {
        "bookingid": 2203
    },
    {
        "bookingid": 1802
    },
    {
        "bookingid": 5583
    },
    {
        "bookingid": 11402
    },
    {
        "bookingid": 6491
    },
    {
        "bookingid": 9985
    },
    {
        "bookingid": 8514
    },
    {
        "bookingid": 4778
    },
    {
        "bookingid": 3211
    },
    {
        "bookingid": 4420
    },
    {
        "bookingid": 11736
    },
    {
        "bookingid": 3029
    },
    {
        "bookingid": 7008
    },
    {
        "bookingid": 3521
    },
    {
        "bookingid": 4731
    },
    {
        "bookingid": 7159
    },
    {
        "bookingid": 2862
    },
    {
        "bookingid": 10740
    },
    {
        "bookingid": 14288
    },
    {
        "bookingid": 5807
    },
    {
        "bookingid": 4358
    },
    {
        "bookingid": 15592
    },
    {
        "bookingid": 8836
    },
    {
        "bookingid": 1453
    },
    {
        "bookingid": 13636
    },
    {
        "bookingid": 7607
    },
    {
        "bookingid": 15060
    },
    {
        "bookingid": 271
    },
    {
        "bookingid": 12313
    },
    {
        "bookingid": 15497
    },
    {
        "bookingid": 5113
    },
    {
        "bookingid": 7605
    },
    {
        "bookingid": 1682
    },
    {
        "bookingid": 3987
    },
    {
        "bookingid": 6590
    },
    {
        "bookingid": 3237
    },
    {
        "bookingid": 5831
    },
    {
        "bookingid": 6370
    },
    {
        "bookingid": 8667
    },
    {
        "bookingid": 5680
    },
    {
        "bookingid": 4632
    },
    {
        "bookingid": 3730
    },
    {
        "bookingid": 3661
    },
    {
        "bookingid": 3290
    },
    {
        "bookingid": 5605
    },
    {
        "bookingid": 983
    },
    {
        "bookingid": 14411
    },
    {
        "bookingid": 5921
    },
    {
        "bookingid": 759
    },
    {
        "bookingid": 7489
    },
    {
        "bookingid": 10759
    },
    {
        "bookingid": 2161
    },
    {
        "bookingid": 9037
    },
    {
        "bookingid": 7691
    },
    {
        "bookingid": 6909
    },
    {
        "bookingid": 14284
    },
    {
        "bookingid": 1766
    },
    {
        "bookingid": 11851
    },
    {
        "bookingid": 973
    },
    {
        "bookingid": 8168
    },
    {
        "bookingid": 7631
    },
    {
        "bookingid": 3178
    },
    {
        "bookingid": 7298
    },
    {
        "bookingid": 14225
    },
    {
        "bookingid": 9742
    },
    {
        "bookingid": 6883
    },
    {
        "bookingid": 682
    },
    {
        "bookingid": 6470
    },
    {
        "bookingid": 13263
    },
    {
        "bookingid": 14446
    },
    {
        "bookingid": 3943
    },
    {
        "bookingid": 9350
    },
    {
        "bookingid": 15619
    },
    {
        "bookingid": 6697
    },
    {
        "bookingid": 15610
    },
    {
        "bookingid": 11557
    },
    {
        "bookingid": 3924
    },
    {
        "bookingid": 10284
    },
    {
        "bookingid": 12934
    },
    {
        "bookingid": 7508
    },
    {
        "bookingid": 13109
    },
    {
        "bookingid": 2882
    },
    {
        "bookingid": 10261
    },
    {
        "bookingid": 4743
    },
    {
        "bookingid": 11887
    },
    {
        "bookingid": 11391
    },
    {
        "bookingid": 10063
    },
    {
        "bookingid": 7473
    },
    {
        "bookingid": 2838
    },
    {
        "bookingid": 15978
    },
    {
        "bookingid": 4599
    },
    {
        "bookingid": 9730
    },
    {
        "bookingid": 3087
    },
    {
        "bookingid": 2440
    },
    {
        "bookingid": 13269
    },
    {
        "bookingid": 6082
    },
    {
        "bookingid": 14187
    },
    {
        "bookingid": 4093
    },
    {
        "bookingid": 15490
    },
    {
        "bookingid": 12432
    },
    {
        "bookingid": 4338
    },
    {
        "bookingid": 15450
    },
    {
        "bookingid": 11759
    },
    {
        "bookingid": 11415
    },
    {
        "bookingid": 5922
    },
    {
        "bookingid": 6698
    },
    {
        "bookingid": 14267
    },
    {
        "bookingid": 4785
    },
    {
        "bookingid": 10758
    },
    {
        "bookingid": 13995
    },
    {
        "bookingid": 6813
    },
    {
        "bookingid": 12536
    },
    {
        "bookingid": 12811
    },
    {
        "bookingid": 586
    },
    {
        "bookingid": 7948
    },
    {
        "bookingid": 14951
    },
    {
        "bookingid": 2016
    },
    {
        "bookingid": 822
    },
    {
        "bookingid": 13826
    },
    {
        "bookingid": 6311
    },
    {
        "bookingid": 12720
    },
    {
        "bookingid": 4440
    },
    {
        "bookingid": 10032
    },
    {
        "bookingid": 7365
    },
    {
        "bookingid": 5534
    },
    {
        "bookingid": 14558
    },
    {
        "bookingid": 2216
    },
    {
        "bookingid": 536
    },
    {
        "bookingid": 11522
    },
    {
        "bookingid": 6829
    },
    {
        "bookingid": 7611
    },
    {
        "bookingid": 6213
    },
    {
        "bookingid": 4366
    },
    {
        "bookingid": 7603
    },
    {
        "bookingid": 5020
    },
    {
        "bookingid": 10181
    },
    {
        "bookingid": 13243
    },
    {
        "bookingid": 13936
    },
    {
        "bookingid": 13247
    },
    {
        "bookingid": 7613
    },
    {
        "bookingid": 7755
    },
    {
        "bookingid": 15295
    },
    {
        "bookingid": 5339
    },
    {
        "bookingid": 11334
    },
    {
        "bookingid": 4729
    },
    {
        "bookingid": 6068
    },
    {
        "bookingid": 10691
    },
    {
        "bookingid": 8582
    },
    {
        "bookingid": 14561
    },
    {
        "bookingid": 900
    },
    {
        "bookingid": 2064
    },
    {
        "bookingid": 5973
    },
    {
        "bookingid": 11566
    },
    {
        "bookingid": 898
    },
    {
        "bookingid": 13031
    },
    {
        "bookingid": 8437
    },
    {
        "bookingid": 12107
    },
    {
        "bookingid": 5437
    },
    {
        "bookingid": 11494
    },
    {
        "bookingid": 13953
    },
    {
        "bookingid": 14339
    },
    {
        "bookingid": 9861
    },
    {
        "bookingid": 5040
    },
    {
        "bookingid": 8536
    },
    {
        "bookingid": 15000
    },
    {
        "bookingid": 14384
    },
    {
        "bookingid": 3200
    },
    {
        "bookingid": 9187
    },
    {
        "bookingid": 15807
    },
    {
        "bookingid": 14659
    },
    {
        "bookingid": 10147
    },
    {
        "bookingid": 8523
    },
    {
        "bookingid": 6094
    },
    {
        "bookingid": 12734
    },
    {
        "bookingid": 2254
    },
    {
        "bookingid": 884
    },
    {
        "bookingid": 11505
    },
    {
        "bookingid": 1533
    },
    {
        "bookingid": 7859
    },
    {
        "bookingid": 610
    },
    {
        "bookingid": 8852
    },
    {
        "bookingid": 3888
    },
    {
        "bookingid": 9429
    },
    {
        "bookingid": 962
    },
    {
        "bookingid": 15199
    },
    {
        "bookingid": 14714
    },
    {
        "bookingid": 690
    },
    {
        "bookingid": 14024
    },
    {
        "bookingid": 10470
    },
    {
        "bookingid": 479
    },
    {
        "bookingid": 12871
    },
    {
        "bookingid": 1175
    },
    {
        "bookingid": 13508
    },
    {
        "bookingid": 8439
    },
    {
        "bookingid": 2745
    },
    {
        "bookingid": 12222
    },
    {
        "bookingid": 9577
    },
    {
        "bookingid": 4205
    },
    {
        "bookingid": 14583
    },
    {
        "bookingid": 7095
    },
    {
        "bookingid": 10939
    },
    {
        "bookingid": 3666
    },
    {
        "bookingid": 2634
    },
    {
        "bookingid": 12183
    },
    {
        "bookingid": 7070
    },
    {
        "bookingid": 12807
    },
    {
        "bookingid": 7314
    },
    {
        "bookingid": 12690
    },
    {
        "bookingid": 12989
    },
    {
        "bookingid": 784
    },
    {
        "bookingid": 3475
    },
    {
        "bookingid": 7890
    },
    {
        "bookingid": 12291
    },
    {
        "bookingid": 9789
    },
    {
        "bookingid": 1122
    },
    {
        "bookingid": 3604
    },
    {
        "bookingid": 5359
    },
    {
        "bookingid": 14466
    },
    {
        "bookingid": 98
    },
    {
        "bookingid": 4941
    },
    {
        "bookingid": 5882
    },
    {
        "bookingid": 2988
    },
    {
        "bookingid": 12019
    },
    {
        "bookingid": 7498
    },
    {
        "bookingid": 15626
    },
    {
        "bookingid": 7550
    },
    {
        "bookingid": 7078
    },
    {
        "bookingid": 3292
    },
    {
        "bookingid": 10989
    },
    {
        "bookingid": 12595
    },
    {
        "bookingid": 7594
    },
    {
        "bookingid": 15694
    },
    {
        "bookingid": 2129
    },
    {
        "bookingid": 8301
    },
    {
        "bookingid": 654
    },
    {
        "bookingid": 11219
    },
    {
        "bookingid": 9609
    },
    {
        "bookingid": 5967
    },
    {
        "bookingid": 15994
    },
    {
        "bookingid": 14978
    },
    {
        "bookingid": 8942
    },
    {
        "bookingid": 11381
    },
    {
        "bookingid": 10943
    },
    {
        "bookingid": 11680
    },
    {
        "bookingid": 15072
    },
    {
        "bookingid": 5141
    },
    {
        "bookingid": 6106
    },
    {
        "bookingid": 8850
    },
    {
        "bookingid": 3164
    },
    {
        "bookingid": 13816
    },
    {
        "bookingid": 14349
    },
    {
        "bookingid": 15347
    },
    {
        "bookingid": 12902
    },
    {
        "bookingid": 14795
    },
    {
        "bookingid": 1743
    },
    {
        "bookingid": 8680
    },
    {
        "bookingid": 8068
    },
    {
        "bookingid": 11659
    },
    {
        "bookingid": 8907
    },
    {
        "bookingid": 5276
    },
    {
        "bookingid": 13761
    },
    {
        "bookingid": 12066
    },
    {
        "bookingid": 10613
    },
    {
        "bookingid": 12964
    },
    {
        "bookingid": 2696
    },
    {
        "bookingid": 7742
    },
    {
        "bookingid": 15026
    },
    {
        "bookingid": 12348
    },
    {
        "bookingid": 14564
    },
    {
        "bookingid": 4272
    },
    {
        "bookingid": 1436
    },
    {
        "bookingid": 15102
    },
    {
        "bookingid": 5878
    },
    {
        "bookingid": 4908
    },
    {
        "bookingid": 10757
    },
    {
        "bookingid": 8115
    },
    {
        "bookingid": 11633
    },
    {
        "bookingid": 13526
    },
    {
        "bookingid": 4301
    },
    {
        "bookingid": 12874
    },
    {
        "bookingid": 7175
    },
    {
        "bookingid": 1525
    },
    {
        "bookingid": 10267
    },
    {
        "bookingid": 13434
    },
    {
        "bookingid": 4655
    },
    {
        "bookingid": 11651
    },
    {
        "bookingid": 11439
    },
    {
        "bookingid": 5143
    },
    {
        "bookingid": 15914
    },
    {
        "bookingid": 14667
    },
    {
        "bookingid": 84
    },
    {
        "bookingid": 15117
    },
    {
        "bookingid": 1845
    },
    {
        "bookingid": 3647
    },
    {
        "bookingid": 4872
    },
    {
        "bookingid": 9215
    },
    {
        "bookingid": 6358
    },
    {
        "bookingid": 15850
    },
    {
        "bookingid": 3384
    },
    {
        "bookingid": 2534
    },
    {
        "bookingid": 10924
    },
    {
        "bookingid": 4351
    },
    {
        "bookingid": 14582
    },
    {
        "bookingid": 9980
    },
    {
        "bookingid": 14235
    },
    {
        "bookingid": 8021
    },
    {
        "bookingid": 8376
    },
    {
        "bookingid": 1031
    },
    {
        "bookingid": 14574
    },
    {
        "bookingid": 6004
    },
    {
        "bookingid": 3442
    },
    {
        "bookingid": 15031
    },
    {
        "bookingid": 2340
    },
    {
        "bookingid": 5961
    },
    {
        "bookingid": 10716
    },
    {
        "bookingid": 13423
    },
    {
        "bookingid": 7326
    },
    {
        "bookingid": 1522
    },
    {
        "bookingid": 11105
    },
    {
        "bookingid": 14960
    },
    {
        "bookingid": 9305
    },
    {
        "bookingid": 613
    },
    {
        "bookingid": 10083
    },
    {
        "bookingid": 6944
    },
    {
        "bookingid": 7923
    },
    {
        "bookingid": 1474
    },
    {
        "bookingid": 14240
    },
    {
        "bookingid": 5315
    },
    {
        "bookingid": 3876
    },
    {
        "bookingid": 4587
    },
    {
        "bookingid": 6392
    },
    {
        "bookingid": 5500
    },
    {
        "bookingid": 9111
    },
    {
        "bookingid": 9735
    },
    {
        "bookingid": 2275
    },
    {
        "bookingid": 13181
    },
    {
        "bookingid": 3418
    },
    {
        "bookingid": 3035
    },
    {
        "bookingid": 10755
    },
    {
        "bookingid": 2796
    },
    {
        "bookingid": 11262
    },
    {
        "bookingid": 11895
    },
    {
        "bookingid": 14934
    },
    {
        "bookingid": 10257
    },
    {
        "bookingid": 11963
    },
    {
        "bookingid": 13449
    },
    {
        "bookingid": 11128
    },
    {
        "bookingid": 14419
    },
    {
        "bookingid": 4240
    },
    {
        "bookingid": 6596
    },
    {
        "bookingid": 13313
    },
    {
        "bookingid": 3554
    },
    {
        "bookingid": 4773
    },
    {
        "bookingid": 2992
    },
    {
        "bookingid": 13270
    },
    {
        "bookingid": 7781
    },
    {
        "bookingid": 13111
    },
    {
        "bookingid": 7265
    },
    {
        "bookingid": 8803
    },
    {
        "bookingid": 2513
    },
    {
        "bookingid": 1274
    },
    {
        "bookingid": 8541
    },
    {
        "bookingid": 10633
    },
    {
        "bookingid": 12788
    },
    {
        "bookingid": 10693
    },
    {
        "bookingid": 11405
    },
    {
        "bookingid": 4221
    },
    {
        "bookingid": 14924
    },
    {
        "bookingid": 13974
    },
    {
        "bookingid": 11806
    },
    {
        "bookingid": 12686
    },
    {
        "bookingid": 11259
    },
    {
        "bookingid": 10745
    },
    {
        "bookingid": 687
    },
    {
        "bookingid": 2588
    },
    {
        "bookingid": 7456
    },
    {
        "bookingid": 4500
    },
    {
        "bookingid": 9478
    },
    {
        "bookingid": 1159
    },
    {
        "bookingid": 6145
    },
    {
        "bookingid": 10632
    },
    {
        "bookingid": 6553
    },
    {
        "bookingid": 11817
    },
    {
        "bookingid": 153
    },
    {
        "bookingid": 10520
    },
    {
        "bookingid": 12005
    },
    {
        "bookingid": 12214
    },
    {
        "bookingid": 10042
    },
    {
        "bookingid": 4529
    },
    {
        "bookingid": 9600
    },
    {
        "bookingid": 4276
    },
    {
        "bookingid": 10761
    },
    {
        "bookingid": 6576
    },
    {
        "bookingid": 12016
    },
    {
        "bookingid": 3074
    },
    {
        "bookingid": 7699
    },
    {
        "bookingid": 5655
    },
    {
        "bookingid": 13289
    },
    {
        "bookingid": 7281
    },
    {
        "bookingid": 15600
    },
    {
        "bookingid": 6206
    },
    {
        "bookingid": 6027
    },
    {
        "bookingid": 6340
    },
    {
        "bookingid": 7258
    },
    {
        "bookingid": 5181
    },
    {
        "bookingid": 279
    },
    {
        "bookingid": 4777
    },
    {
        "bookingid": 11608
    },
    {
        "bookingid": 5555
    },
    {
        "bookingid": 13369
    },
    {
        "bookingid": 8311
    },
    {
        "bookingid": 4214
    },
    {
        "bookingid": 2902
    },
    {
        "bookingid": 15825
    },
    {
        "bookingid": 12264
    },
    {
        "bookingid": 4142
    },
    {
        "bookingid": 7825
    },
    {
        "bookingid": 3330
    },
    {
        "bookingid": 9945
    },
    {
        "bookingid": 7303
    },
    {
        "bookingid": 1391
    },
    {
        "bookingid": 12014
    },
    {
        "bookingid": 11431
    },
    {
        "bookingid": 7748
    },
    {
        "bookingid": 39
    },
    {
        "bookingid": 8443
    },
    {
        "bookingid": 8867
    },
    {
        "bookingid": 7014
    },
    {
        "bookingid": 3410
    },
    {
        "bookingid": 3125
    },
    {
        "bookingid": 10396
    },
    {
        "bookingid": 1167
    },
    {
        "bookingid": 7518
    },
    {
        "bookingid": 8812
    },
    {
        "bookingid": 5212
    },
    {
        "bookingid": 2510
    },
    {
        "bookingid": 11183
    },
    {
        "bookingid": 10274
    },
    {
        "bookingid": 16027
    },
    {
        "bookingid": 14296
    },
    {
        "bookingid": 11539
    },
    {
        "bookingid": 11354
    },
    {
        "bookingid": 9937
    },
    {
        "bookingid": 2247
    },
    {
        "bookingid": 11922
    },
    {
        "bookingid": 15839
    },
    {
        "bookingid": 2168
    },
    {
        "bookingid": 4838
    },
    {
        "bookingid": 729
    },
    {
        "bookingid": 12939
    },
    {
        "bookingid": 6832
    },
    {
        "bookingid": 10101
    },
    {
        "bookingid": 3077
    },
    {
        "bookingid": 15425
    },
    {
        "bookingid": 16038
    },
    {
        "bookingid": 7832
    },
    {
        "bookingid": 738
    },
    {
        "bookingid": 12254
    },
    {
        "bookingid": 1906
    },
    {
        "bookingid": 4765
    },
    {
        "bookingid": 2613
    },
    {
        "bookingid": 5813
    },
    {
        "bookingid": 3859
    },
    {
        "bookingid": 9219
    },
    {
        "bookingid": 13464
    },
    {
        "bookingid": 4712
    },
    {
        "bookingid": 6933
    },
    {
        "bookingid": 10377
    },
    {
        "bookingid": 4342
    },
    {
        "bookingid": 11700
    },
    {
        "bookingid": 5172
    },
    {
        "bookingid": 7190
    },
    {
        "bookingid": 2389
    },
    {
        "bookingid": 14077
    },
    {
        "bookingid": 458
    },
    {
        "bookingid": 2219
    },
    {
        "bookingid": 2758
    },
    {
        "bookingid": 2460
    },
    {
        "bookingid": 15054
    },
    {
        "bookingid": 15944
    },
    {
        "bookingid": 2904
    },
    {
        "bookingid": 8558
    },
    {
        "bookingid": 15896
    },
    {
        "bookingid": 14964
    },
    {
        "bookingid": 6571
    },
    {
        "bookingid": 3462
    },
    {
        "bookingid": 5270
    },
    {
        "bookingid": 10825
    },
    {
        "bookingid": 1319
    },
    {
        "bookingid": 14554
    },
    {
        "bookingid": 12687
    },
    {
        "bookingid": 2212
    },
    {
        "bookingid": 9441
    },
    {
        "bookingid": 9367
    },
    {
        "bookingid": 8253
    },
    {
        "bookingid": 12696
    },
    {
        "bookingid": 7643
    },
    {
        "bookingid": 9156
    },
    {
        "bookingid": 4067
    },
    {
        "bookingid": 8743
    },
    {
        "bookingid": 3512
    },
    {
        "bookingid": 11693
    },
    {
        "bookingid": 181
    },
    {
        "bookingid": 1141
    },
    {
        "bookingid": 1599
    },
    {
        "bookingid": 8757
    },
    {
        "bookingid": 13566
    },
    {
        "bookingid": 8445
    },
    {
        "bookingid": 2909
    },
    {
        "bookingid": 12315
    },
    {
        "bookingid": 4126
    },
    {
        "bookingid": 8173
    },
    {
        "bookingid": 7342
    },
    {
        "bookingid": 2940
    },
    {
        "bookingid": 14927
    },
    {
        "bookingid": 2307
    },
    {
        "bookingid": 3683
    },
    {
        "bookingid": 2218
    },
    {
        "bookingid": 13994
    },
    {
        "bookingid": 660
    },
    {
        "bookingid": 11049
    },
    {
        "bookingid": 6539
    },
    {
        "bookingid": 4415
    },
    {
        "bookingid": 3967
    },
    {
        "bookingid": 12278
    },
    {
        "bookingid": 2833
    },
    {
        "bookingid": 1626
    },
    {
        "bookingid": 7997
    },
    {
        "bookingid": 11438
    },
    {
        "bookingid": 5984
    },
    {
        "bookingid": 6414
    },
    {
        "bookingid": 13657
    },
    {
        "bookingid": 4920
    },
    {
        "bookingid": 119
    },
    {
        "bookingid": 14482
    },
    {
        "bookingid": 644
    },
    {
        "bookingid": 2442
    },
    {
        "bookingid": 14399
    },
    {
        "bookingid": 13377
    },
    {
        "bookingid": 11249
    },
    {
        "bookingid": 5054
    },
    {
        "bookingid": 2880
    },
    {
        "bookingid": 12455
    },
    {
        "bookingid": 454
    },
    {
        "bookingid": 6620
    },
    {
        "bookingid": 12564
    },
    {
        "bookingid": 12109
    },
    {
        "bookingid": 5147
    },
    {
        "bookingid": 2429
    },
    {
        "bookingid": 14091
    },
    {
        "bookingid": 9701
    },
    {
        "bookingid": 15161
    },
    {
        "bookingid": 4801
    },
    {
        "bookingid": 1016
    },
    {
        "bookingid": 5343
    },
    {
        "bookingid": 6641
    },
    {
        "bookingid": 4370
    },
    {
        "bookingid": 1680
    },
    {
        "bookingid": 11270
    },
    {
        "bookingid": 1993
    },
    {
        "bookingid": 2620
    },
    {
        "bookingid": 2432
    },
    {
        "bookingid": 775
    },
    {
        "bookingid": 10553
    },
    {
        "bookingid": 5688
    },
    {
        "bookingid": 2708
    },
    {
        "bookingid": 11995
    },
    {
        "bookingid": 13782
    },
    {
        "bookingid": 10489
    },
    {
        "bookingid": 11785
    },
    {
        "bookingid": 7091
    },
    {
        "bookingid": 8499
    },
    {
        "bookingid": 6424
    },
    {
        "bookingid": 5290
    },
    {
        "bookingid": 9063
    },
    {
        "bookingid": 626
    },
    {
        "bookingid": 6130
    },
    {
        "bookingid": 15614
    },
    {
        "bookingid": 11380
    },
    {
        "bookingid": 4311
    },
    {
        "bookingid": 5661
    },
    {
        "bookingid": 1869
    },
    {
        "bookingid": 4988
    },
    {
        "bookingid": 8197
    },
    {
        "bookingid": 1492
    },
    {
        "bookingid": 5390
    },
    {
        "bookingid": 11568
    },
    {
        "bookingid": 12661
    },
    {
        "bookingid": 7143
    },
    {
        "bookingid": 5358
    },
    {
        "bookingid": 7228
    },
    {
        "bookingid": 11574
    },
    {
        "bookingid": 9081
    },
    {
        "bookingid": 135
    },
    {
        "bookingid": 4758
    },
    {
        "bookingid": 9761
    },
    {
        "bookingid": 11159
    },
    {
        "bookingid": 1600
    },
    {
        "bookingid": 5487
    },
    {
        "bookingid": 13543
    },
    {
        "bookingid": 10794
    },
    {
        "bookingid": 8306
    },
    {
        "bookingid": 6338
    },
    {
        "bookingid": 2033
    },
    {
        "bookingid": 3564
    },
    {
        "bookingid": 10596
    },
    {
        "bookingid": 11211
    },
    {
        "bookingid": 5483
    },
    {
        "bookingid": 14998
    },
    {
        "bookingid": 7313
    },
    {
        "bookingid": 4407
    },
    {
        "bookingid": 14666
    },
    {
        "bookingid": 6401
    },
    {
        "bookingid": 13101
    },
    {
        "bookingid": 13107
    },
    {
        "bookingid": 9447
    },
    {
        "bookingid": 9799
    },
    {
        "bookingid": 3920
    },
    {
        "bookingid": 8399
    },
    {
        "bookingid": 227
    },
    {
        "bookingid": 4158
    },
    {
        "bookingid": 9553
    },
    {
        "bookingid": 3673
    },
    {
        "bookingid": 2893
    },
    {
        "bookingid": 2399
    },
    {
        "bookingid": 8486
    },
    {
        "bookingid": 1156
    },
    {
        "bookingid": 4417
    },
    {
        "bookingid": 14536
    },
    {
        "bookingid": 14691
    },
    {
        "bookingid": 6235
    },
    {
        "bookingid": 12569
    },
    {
        "bookingid": 6774
    },
    {
        "bookingid": 15689
    },
    {
        "bookingid": 11970
    },
    {
        "bookingid": 1854
    },
    {
        "bookingid": 10616
    },
    {
        "bookingid": 382
    },
    {
        "bookingid": 12538
    },
    {
        "bookingid": 15711
    },
    {
        "bookingid": 8912
    },
    {
        "bookingid": 14627
    },
    {
        "bookingid": 11943
    },
    {
        "bookingid": 10467
    },
    {
        "bookingid": 10316
    },
    {
        "bookingid": 7474
    },
    {
        "bookingid": 6120
    },
    {
        "bookingid": 9858
    },
    {
        "bookingid": 14278
    },
    {
        "bookingid": 6680
    },
    {
        "bookingid": 5749
    },
    {
        "bookingid": 15510
    },
    {
        "bookingid": 5772
    },
    {
        "bookingid": 5199
    },
    {
        "bookingid": 12549
    },
    {
        "bookingid": 14263
    },
    {
        "bookingid": 10673
    },
    {
        "bookingid": 5039
    },
    {
        "bookingid": 13386
    },
    {
        "bookingid": 7206
    },
    {
        "bookingid": 9712
    },
    {
        "bookingid": 2499
    },
    {
        "bookingid": 5504
    },
    {
        "bookingid": 11889
    },
    {
        "bookingid": 15093
    },
    {
        "bookingid": 1305
    },
    {
        "bookingid": 9006
    },
    {
        "bookingid": 7955
    },
    {
        "bookingid": 5822
    },
    {
        "bookingid": 13292
    },
    {
        "bookingid": 12029
    },
    {
        "bookingid": 10649
    },
    {
        "bookingid": 6506
    },
    {
        "bookingid": 7656
    },
    {
        "bookingid": 528
    },
    {
        "bookingid": 6163
    },
    {
        "bookingid": 14324
    },
    {
        "bookingid": 7110
    },
    {
        "bookingid": 11222
    },
    {
        "bookingid": 3138
    },
    {
        "bookingid": 12132
    },
    {
        "bookingid": 389
    },
    {
        "bookingid": 12457
    },
    {
        "bookingid": 7447
    },
    {
        "bookingid": 4593
    },
    {
        "bookingid": 5657
    },
    {
        "bookingid": 3674
    },
    {
        "bookingid": 2393
    },
    {
        "bookingid": 10295
    },
    {
        "bookingid": 6896
    },
    {
        "bookingid": 8834
    },
    {
        "bookingid": 3444
    },
    {
        "bookingid": 12627
    },
    {
        "bookingid": 15686
    },
    {
        "bookingid": 11886
    },
    {
        "bookingid": 1285
    },
    {
        "bookingid": 14781
    },
    {
        "bookingid": 10796
    },
    {
        "bookingid": 7325
    },
    {
        "bookingid": 15548
    },
    {
        "bookingid": 1065
    },
    {
        "bookingid": 10786
    },
    {
        "bookingid": 1901
    },
    {
        "bookingid": 4042
    },
    {
        "bookingid": 3746
    },
    {
        "bookingid": 5721
    },
    {
        "bookingid": 907
    },
    {
        "bookingid": 4136
    },
    {
        "bookingid": 7761
    },
    {
        "bookingid": 12384
    },
    {
        "bookingid": 1692
    },
    {
        "bookingid": 6768
    },
    {
        "bookingid": 6496
    },
    {
        "bookingid": 9306
    },
    {
        "bookingid": 14658
    },
    {
        "bookingid": 4704
    },
    {
        "bookingid": 7372
    },
    {
        "bookingid": 11107
    },
    {
        "bookingid": 2085
    },
    {
        "bookingid": 1950
    },
    {
        "bookingid": 9955
    },
    {
        "bookingid": 15055
    },
    {
        "bookingid": 1244
    },
    {
        "bookingid": 7414
    },
    {
        "bookingid": 7197
    },
    {
        "bookingid": 4609
    },
    {
        "bookingid": 1457
    },
    {
        "bookingid": 8143
    },
    {
        "bookingid": 4754
    },
    {
        "bookingid": 6140
    },
    {
        "bookingid": 12993
    },
    {
        "bookingid": 401
    },
    {
        "bookingid": 14286
    },
    {
        "bookingid": 13527
    },
    {
        "bookingid": 2271
    },
    {
        "bookingid": 6407
    },
    {
        "bookingid": 5255
    },
    {
        "bookingid": 8634
    },
    {
        "bookingid": 11245
    },
    {
        "bookingid": 9767
    },
    {
        "bookingid": 10120
    },
    {
        "bookingid": 9539
    },
    {
        "bookingid": 6659
    },
    {
        "bookingid": 575
    },
    {
        "bookingid": 4171
    },
    {
        "bookingid": 2783
    },
    {
        "bookingid": 2832
    },
    {
        "bookingid": 11314
    },
    {
        "bookingid": 10501
    },
    {
        "bookingid": 10653
    },
    {
        "bookingid": 5662
    },
    {
        "bookingid": 2984
    },
    {
        "bookingid": 14615
    },
    {
        "bookingid": 1059
    },
    {
        "bookingid": 6335
    },
    {
        "bookingid": 817
    },
    {
        "bookingid": 15684
    },
    {
        "bookingid": 14778
    },
    {
        "bookingid": 13896
    },
    {
        "bookingid": 3098
    },
    {
        "bookingid": 1169
    },
    {
        "bookingid": 11185
    },
    {
        "bookingid": 11504
    },
    {
        "bookingid": 8881
    },
    {
        "bookingid": 1211
    },
    {
        "bookingid": 9159
    },
    {
        "bookingid": 10327
    },
    {
        "bookingid": 11723
    },
    {
        "bookingid": 2133
    },
    {
        "bookingid": 12380
    },
    {
        "bookingid": 4570
    },
    {
        "bookingid": 7494
    },
    {
        "bookingid": 8810
    },
    {
        "bookingid": 4831
    },
    {
        "bookingid": 2252
    },
    {
        "bookingid": 12026
    },
    {
        "bookingid": 2750
    },
    {
        "bookingid": 11241
    },
    {
        "bookingid": 10388
    },
    {
        "bookingid": 1464
    },
    {
        "bookingid": 322
    },
    {
        "bookingid": 6430
    },
    {
        "bookingid": 8389
    },
    {
        "bookingid": 6647
    },
    {
        "bookingid": 3427
    },
    {
        "bookingid": 13615
    },
    {
        "bookingid": 7906
    },
    {
        "bookingid": 4027
    },
    {
        "bookingid": 9406
    },
    {
        "bookingid": 12603
    },
    {
        "bookingid": 4294
    },
    {
        "bookingid": 11119
    },
    {
        "bookingid": 6375
    },
    {
        "bookingid": 8882
    },
    {
        "bookingid": 4841
    },
    {
        "bookingid": 9778
    },
    {
        "bookingid": 10421
    },
    {
        "bookingid": 12714
    },
    {
        "bookingid": 8046
    },
    {
        "bookingid": 7879
    },
    {
        "bookingid": 9702
    },
    {
        "bookingid": 4903
    },
    {
        "bookingid": 7820
    },
    {
        "bookingid": 12069
    },
    {
        "bookingid": 7479
    },
    {
        "bookingid": 8302
    },
    {
        "bookingid": 2651
    },
    {
        "bookingid": 5580
    },
    {
        "bookingid": 2183
    },
    {
        "bookingid": 3817
    },
    {
        "bookingid": 11585
    },
    {
        "bookingid": 2328
    },
    {
        "bookingid": 406
    },
    {
        "bookingid": 3496
    },
    {
        "bookingid": 1842
    },
    {
        "bookingid": 4478
    },
    {
        "bookingid": 12825
    },
    {
        "bookingid": 1166
    },
    {
        "bookingid": 12007
    },
    {
        "bookingid": 8450
    },
    {
        "bookingid": 1150
    },
    {
        "bookingid": 6223
    },
    {
        "bookingid": 7901
    },
    {
        "bookingid": 12675
    },
    {
        "bookingid": 15281
    },
    {
        "bookingid": 14862
    },
    {
        "bookingid": 14515
    },
    {
        "bookingid": 877
    },
    {
        "bookingid": 5417
    },
    {
        "bookingid": 2540
    },
    {
        "bookingid": 5837
    },
    {
        "bookingid": 15908
    },
    {
        "bookingid": 753
    },
    {
        "bookingid": 3254
    },
    {
        "bookingid": 2481
    },
    {
        "bookingid": 800
    },
    {
        "bookingid": 215
    },
    {
        "bookingid": 13633
    },
    {
        "bookingid": 2597
    },
    {
        "bookingid": 13768
[...]
    },
    {
        "bookingid": 2523
    },
    {
        "bookingid": 537
    },
    {
        "bookingid": 9481
    },
    {
        "bookingid": 4128
    },
    {
        "bookingid": 14329
    },
    {
        "bookingid": 731
    },
    {
        "bookingid": 3605
    },
    {
        "bookingid": 12865
    },
    {
        "bookingid": 9635
    },
    {
        "bookingid": 10692
    },
    {
        "bookingid": 8163
    },
    {
        "bookingid": 477
    },
    {
        "bookingid": 8924
    },
    {
        "bookingid": 8008
    },
    {
        "bookingid": 7557
    },
    {
        "bookingid": 12717
    },
    {
        "bookingid": 4776
    },
    {
        "bookingid": 1282
    },
    {
        "bookingid": 15902
    },
    {
        "bookingid": 1619
    },
    {
        "bookingid": 14477
    },
    {
        "bookingid": 12267
    },
    {
        "bookingid": 10451
    },
    {
        "bookingid": 10893
    },
    {
        "bookingid": 4377
    },
    {
        "bookingid": 4932
    },
    {
        "bookingid": 8833
    },
    {
        "bookingid": 13112
    },
    {
        "bookingid": 8739
    },
    {
        "bookingid": 3895
    },
    {
        "bookingid": 3309
    },
    {
        "bookingid": 7045
    },
    {
        "bookingid": 220
    },
    {
        "bookingid": 14947
    },
    {
        "bookingid": 9476
    },
    {
        "bookingid": 13073
    },
    {
        "bookingid": 14485
    },
    {
        "bookingid": 5819
    },
    {
        "bookingid": 3003
    },
    {
        "bookingid": 15586
    },
    {
        "bookingid": 2439
    },
    {
        "bookingid": 2883
    },
    {
        "bookingid": 10024
    },
    {
        "bookingid": 1737
    },
    {
        "bookingid": 7193
    },
    {
        "bookingid": 8088
    },
    {
        "bookingid": 7185
    },
    {
        "bookingid": 671
    },
    {
        "bookingid": 1384
    },
    {
        "bookingid": 9603
    },
    {
        "bookingid": 9008
    },
    {
        "bookingid": 4671
    },
    {
        "bookingid": 14356
    },
    {
        "bookingid": 763
    },
    {
        "bookingid": 14501
    },
    {
        "bookingid": 5942
    },
    {
        "bookingid": 8308
    },
    {
        "bookingid": 5612
    },
    {
        "bookingid": 5481
    },
    {
        "bookingid": 10391
    },
    {
        "bookingid": 10222
    },
    {
        "bookingid": 1071
    },
    {
        "bookingid": 7796
    },
    {
        "bookingid": 14160
    },
    {
        "bookingid": 7987
    },
    {
        "bookingid": 9099
    },
    {
        "bookingid": 1556
    },
    {
        "bookingid": 8473
    },
    {
        "bookingid": 6706
    },
    {
        "bookingid": 2146
    },
    {
        "bookingid": 2739
    },
    {
        "bookingid": 5184
    },
    {
        "bookingid": 13777
    },
    {
        "bookingid": 14676
    },
    {
        "bookingid": 2610
    },
    {
        "bookingid": 10347
    },
    {
        "bookingid": 1974
    },
    {
        "bookingid": 12043
    },
    {
        "bookingid": 14336
    },
    {
        "bookingid": 9316
    },
    {
        "bookingid": 4535
    },
    {
        "bookingid": 6821
    },
    {
        "bookingid": 258
    },
    {
        "bookingid": 9320
    },
    {
        "bookingid": 2470
    },
    {
        "bookingid": 11073
    },
    {
        "bookingid": 814
    },
    {
        "bookingid": 5496
    },
    {
        "bookingid": 6320
    },
    {
        "bookingid": 8588
    },
    {
        "bookingid": 7194
    },
    {
        "bookingid": 14307
    },
    {
        "bookingid": 838
    },
    {
        "bookingid": 776
    },
    {
        "bookingid": 770
    },
    {
        "bookingid": 4336
    },
    {
        "bookingid": 14803
    },
    {
        "bookingid": 14849
    },
    {
        "bookingid": 8161
    },
    {
        "bookingid": 2343
    },
    {
        "bookingid": 704
    },
    {
        "bookingid": 2272
    },
    {
        "bookingid": 15953
    },
    {
        "bookingid": 6847
    },
    {
        "bookingid": 9089
    },
    {
        "bookingid": 6587
    },
    {
        "bookingid": 2785
    },
    {
        "bookingid": 2309
    },
    {
        "bookingid": 12407
    },
    {
        "bookingid": 6925
    },
    {
        "bookingid": 7114
    },
    {
        "bookingid": 1829
    },
    {
        "bookingid": 2754
    },
    {
        "bookingid": 7634
    },
    {
        "bookingid": 6147
    },
    {
        "bookingid": 3790
    },
    {
        "bookingid": 10889
    },
    {
        "bookingid": 6439
    },
    {
        "bookingid": 5296
    },
    {
        "bookingid": 11326
    },
    {
        "bookingid": 2784
    },
    {
        "bookingid": 5398
    },
    {
        "bookingid": 5920
    },
    {
        "bookingid": 8178
    },
    {
        "bookingid": 4501
    },
    {
        "bookingid": 1445
    },
    {
        "bookingid": 442
    },
    {
        "bookingid": 917
    },
    {
        "bookingid": 3724
    },
    {
        "bookingid": 15611
    },
    {
        "bookingid": 2702
    },
    {
        "bookingid": 3851
    },
    {
        "bookingid": 6878
    },
    {
        "bookingid": 2137
    },
    {
        "bookingid": 14061
    },
    {
        "bookingid": 9772
    },
    {
        "bookingid": 2385
    },
    {
        "bookingid": 5495
    },
    {
        "bookingid": 5361
    },
    {
        "bookingid": 10457
    },
    {
        "bookingid": 8915
    },
    {
        "bookingid": 2477
    },
    {
        "bookingid": 8545
    },
    {
        "bookingid": 2829
    },
    {
        "bookingid": 12994
    },
    {
        "bookingid": 9333
    },
    {
        "bookingid": 13309
    },
    {
        "bookingid": 9783
    },
    {
        "bookingid": 15271
    },
    {
        "bookingid": 4224
    },
    {
        "bookingid": 11458
    },
    {
        "bookingid": 15227
    },
    {
        "bookingid": 7272
    },
    {
        "bookingid": 7582
    },
    {
        "bookingid": 1172
    },
    {
        "bookingid": 7189
    },
    {
        "bookingid": 13511
    },
    {
        "bookingid": 14457
    },
    {
        "bookingid": 3787
    },
    {
        "bookingid": 12298
    },
    {
        "bookingid": 2900
    },
    {
        "bookingid": 15653
    },
    {
        "bookingid": 2326
    },
    {
        "bookingid": 7200
    },
    {
        "bookingid": 14424
    },
    {
        "bookingid": 998
    },
    {
        "bookingid": 15623
    },
    {
        "bookingid": 2706
    },
    {
        "bookingid": 342
    },
    {
        "bookingid": 10526
    },
    {
        "bookingid": 13771
    },
    {
        "bookingid": 12079
    },
    {
        "bookingid": 6102
    },
    {
        "bookingid": 5082
    },
    {
        "bookingid": 3706
    },
    {
        "bookingid": 13081
    },
    {
        "bookingid": 8325
    },
    {
        "bookingid": 10405
    },
    {
        "bookingid": 13983
    },
    {
        "bookingid": 15460
    },
    {
        "bookingid": 10013
    },
    {
        "bookingid": 5324
    },
    {
        "bookingid": 10465
    },
    {
        "bookingid": 11111
    },
    {
        "bookingid": 9805
    },
    {
        "bookingid": 10244
    },
    {
        "bookingid": 10380
    },
    {
        "bookingid": 12090
    },
    {
        "bookingid": 7276
    },
    {
        "bookingid": 6567
    },
    {
        "bookingid": 15628
    },
    {
        "bookingid": 15909
    },
    {
        "bookingid": 7974
    },
    {
        "bookingid": 7939
    },
    {
        "bookingid": 11513
    },
    {
        "bookingid": 14922
    },
    {
        "bookingid": 9423
    },
    {
        "bookingid": 933
    },
    {
        "bookingid": 506
    },
    {
        "bookingid": 2072
    },
    {
        "bookingid": 6514
    },
    {
        "bookingid": 13389
    },
    {
        "bookingid": 9633
    },
    {
        "bookingid": 4267
    },
    {
        "bookingid": 13173
    },
    {
        "bookingid": 15542
    },
    {
        "bookingid": 5468
    },
    {
        "bookingid": 5203
    },
    {
        "bookingid": 5000
    },
    {
        "bookingid": 8379
    },
    {
        "bookingid": 7511
    },
    {
        "bookingid": 10883
    },
    {
        "bookingid": 64
    },
    {
        "bookingid": 4521
    },
    {
        "bookingid": 12588
    },
    {
        "bookingid": 8180
    },
    {
        "bookingid": 11063
    },
    {
        "bookingid": 15873
    },
    {
        "bookingid": 3597
    },
    {
        "bookingid": 1003
    },
    {
        "bookingid": 4666
    },
    {
        "bookingid": 2686
    },
    {
        "bookingid": 585
    },
    {
        "bookingid": 12153
    },
    {
        "bookingid": 3039
    },
    {
        "bookingid": 2166
    },
    {
        "bookingid": 12793
    },
    {
        "bookingid": 5028
    },
    {
        "bookingid": 13730
    },
    {
        "bookingid": 3070
    },
    {
        "bookingid": 9216
    },
    {
        "bookingid": 7561
    },
    {
        "bookingid": 862
    },
    {
        "bookingid": 10247
    },
    {
        "bookingid": 3964
    },
    {
        "bookingid": 6395
    },
    {
        "bookingid": 10192
    }
]
]]></system-out>
  </testcase>
  <testcase name="testWithId" classname="BookingTest" time="0.775">
    <failure message="1 expectation failed.&#10;Expected status code &lt;200&gt; but was &lt;404&gt;.&#10;" type="java.lang.AssertionError"><![CDATA[java.lang.AssertionError: 
1 expectation failed.
Expected status code <200> but was <404>.

	at java.base/jdk.internal.reflect.NativeConstructorAccessorImpl.newInstance0(Native Method)
	at java.base/jdk.internal.reflect.NativeConstructorAccessorImpl.newInstance(NativeConstructorAccessorImpl.java:62)
	at java.base/jdk.internal.reflect.DelegatingConstructorAccessorImpl.newInstance(DelegatingConstructorAccessorImpl.java:45)
	at java.base/java.lang.reflect.Constructor.newInstance(Constructor.java:490)
	at org.codehaus.groovy.reflection.CachedConstructor.invoke(CachedConstructor.java:73)
	at org.codehaus.groovy.reflection.CachedConstructor.doConstructorInvoke(CachedConstructor.java:60)
	at org.codehaus.groovy.runtime.callsite.ConstructorSite$ConstructorSiteNoUnwrap.callConstructor(ConstructorSite.java:86)
	at org.codehaus.groovy.runtime.callsite.CallSiteArray.defaultCallConstructor(CallSiteArray.java:57)
	at org.codehaus.groovy.runtime.callsite.AbstractCallSite.callConstructor(AbstractCallSite.java:263)
	at org.codehaus.groovy.runtime.callsite.AbstractCallSite.callConstructor(AbstractCallSite.java:277)
	at io.restassured.internal.ResponseSpecificationImpl$HamcrestAssertionClosure.validate(ResponseSpecificationImpl.groovy:512)
	at io.restassured.internal.ResponseSpecificationImpl$HamcrestAssertionClosure$validate$1.call(Unknown Source)
	at io.restassured.internal.ResponseSpecificationImpl.validateResponseIfRequired(ResponseSpecificationImpl.groovy:696)
	at io.restassured.internal.ResponseSpecificationImpl.this$2$validateResponseIfRequired(ResponseSpecificationImpl.groovy)
	at java.base/jdk.internal.reflect.NativeMethodAccessorImpl.invoke0(Native Method)
	at java.base/jdk.internal.reflect.NativeMethodAccessorImpl.invoke(NativeMethodAccessorImpl.java:62)
	at java.base/jdk.internal.reflect.DelegatingMethodAccessorImpl.invoke(DelegatingMethodAccessorImpl.java:43)
	at java.base/java.lang.reflect.Method.invoke(Method.java:566)
	at org.codehaus.groovy.runtime.callsite.PlainObjectMetaMethodSite.doInvoke(PlainObjectMetaMethodSite.java:43)
	at org.codehaus.groovy.runtime.callsite.PogoMetaMethodSite$PogoCachedMethodSiteNoUnwrapNoCoerce.invoke(PogoMetaMethodSite.java:198)
	at org.codehaus.groovy.runtime.callsite.PogoMetaMethodSite.callCurrent(PogoMetaMethodSite.java:62)
	at org.codehaus.groovy.runtime.callsite.AbstractCallSite.callCurrent(AbstractCallSite.java:185)
	at io.restassured.internal.ResponseSpecificationImpl.statusCode(ResponseSpecificationImpl.groovy:135)
	at io.restassured.specification.ResponseSpecification$statusCode$0.callCurrent(Unknown Source)
	at io.restassured.internal.ResponseSpecificationImpl.statusCode(ResponseSpecificationImpl.groovy:143)
	at io.restassured.internal.ValidatableResponseOptionsImpl.statusCode(ValidatableResponseOptionsImpl.java:89)
	at BookingTest.testWithId(BookingTest.java:42)
	at java.base/jdk.internal.reflect.NativeMethodAccessorImpl.invoke0(Native Method)
	at java.base/jdk.internal.reflect.NativeMethodAccessorImpl.invoke(NativeMethodAccessorImpl.java:62)
	at java.base/jdk.internal.reflect.DelegatingMethodAccessorImpl.invoke(DelegatingMethodAccessorImpl.java:43)
	at java.base/java.lang.reflect.Method.invoke(Method.java:566)
	at org.junit.platform.commons.util.ReflectionUtils.invokeMethod(ReflectionUtils.java:728)
	at org.junit.jupiter.engine.execution.MethodInvocation.proceed(MethodInvocation.java:60)
	at org.junit.jupiter.engine.execution.InvocationInterceptorChain$ValidatingInvocation.proceed(InvocationInterceptorChain.java:131)
	at org.junit.jupiter.engine.extension.TimeoutExtension.intercept(TimeoutExtension.java:156)
	at org.junit.jupiter.engine.extension.TimeoutExtension.interceptTestableMethod(TimeoutExtension.java:147)
	at org.junit.jupiter.engine.extension.TimeoutExtension.interceptTestMethod(TimeoutExtension.java:86)
	at org.junit.jupiter.engine.execution.InterceptingExecutableInvoker$ReflectiveInterceptorCall.lambda$ofVoidMethod$0(InterceptingExecutableInvoker.java:103)
	at org.junit.jupiter.engine.execution.InterceptingExecutableInvoker.lambda$invoke$0(InterceptingExecutableInvoker.java:93)
	at org.junit.jupiter.engine.execution.InvocationInterceptorChain$InterceptedInvocation.proceed(InvocationInterceptorChain.java:106)
	at org.junit.jupiter.engine.execution.InvocationInterceptorChain.proceed(InvocationInterceptorChain.java:64)
	at org.junit.jupiter.engine.execution.InvocationInterceptorChain.chainAndInvoke(InvocationInterceptorChain.java:45)
	at org.junit.jupiter.engine.execution.InvocationInterceptorChain.invoke(InvocationInterceptorChain.java:37)
	at org.junit.jupiter.engine.execution.InterceptingExecutableInvoker.invoke(InterceptingExecutableInvoker.java:92)
	at org.junit.jupiter.engine.execution.InterceptingExecutableInvoker.invoke(InterceptingExecutableInvoker.java:86)
	at org.junit.jupiter.engine.descriptor.TestMethodTestDescriptor.lambda$invokeTestMethod$7(TestMethodTestDescriptor.java:218)
	at org.junit.platform.engine.support.hierarchical.ThrowableCollector.execute(ThrowableCollector.java:73)
	at org.junit.jupiter.engine.descriptor.TestMethodTestDescriptor.invokeTestMethod(TestMethodTestDescriptor.java:214)
	at org.junit.jupiter.engine.descriptor.TestMethodTestDescriptor.execute(TestMethodTestDescriptor.java:139)
	at org.junit.jupiter.engine.descriptor.TestMethodTestDescriptor.execute(TestMethodTestDescriptor.java:69)
	at org.junit.platform.engine.support.hierarchical.NodeTestTask.lambda$executeRecursively$6(NodeTestTask.java:151)
	at org.junit.platform.engine.support.hierarchical.ThrowableCollector.execute(ThrowableCollector.java:73)
	at org.junit.platform.engine.support.hierarchical.NodeTestTask.lambda$executeRecursively$8(NodeTestTask.java:141)
	at org.junit.platform.engine.support.hierarchical.Node.around(Node.java:137)
	at org.junit.platform.engine.support.hierarchical.NodeTestTask.lambda$executeRecursively$9(NodeTestTask.java:139)
	at org.junit.platform.engine.support.hierarchical.ThrowableCollector.execute(ThrowableCollector.java:73)
	at org.junit.platform.engine.support.hierarchical.NodeTestTask.executeRecursively(NodeTestTask.java:138)
	at org.junit.platform.engine.support.hierarchical.NodeTestTask.execute(NodeTestTask.java:95)
	at java.base/java.util.ArrayList.forEach(ArrayList.java:1541)
	at org.junit.platform.engine.support.hierarchical.SameThreadHierarchicalTestExecutorService.invokeAll(SameThreadHierarchicalTestExecutorService.java:41)
	at org.junit.platform.engine.support.hierarchical.NodeTestTask.lambda$executeRecursively$6(NodeTestTask.java:155)
	at org.junit.platform.engine.support.hierarchical.ThrowableCollector.execute(ThrowableCollector.java:73)
	at org.junit.platform.engine.support.hierarchical.NodeTestTask.lambda$executeRecursively$8(NodeTestTask.java:141)
	at org.junit.platform.engine.support.hierarchical.Node.around(Node.java:137)
	at org.junit.platform.engine.support.hierarchical.NodeTestTask.lambda$executeRecursively$9(NodeTestTask.java:139)
	at org.junit.platform.engine.support.hierarchical.ThrowableCollector.execute(ThrowableCollector.java:73)
	at org.junit.platform.engine.support.hierarchical.NodeTestTask.executeRecursively(NodeTestTask.java:138)
	at org.junit.platform.engine.support.hierarchical.NodeTestTask.execute(NodeTestTask.java:95)
	at java.base/java.util.ArrayList.forEach(ArrayList.java:1541)
	at org.junit.platform.engine.support.hierarchical.SameThreadHierarchicalTestExecutorService.invokeAll(SameThreadHierarchicalTestExecutorService.java:41)
	at org.junit.platform.engine.support.hierarchical.NodeTestTask.lambda$executeRecursively$6(NodeTestTask.java:155)
	at org.junit.platform.engine.support.hierarchical.ThrowableCollector.execute(ThrowableCollector.java:73)
	at org.junit.platform.engine.support.hierarchical.NodeTestTask.lambda$executeRecursively$8(NodeTestTask.java:141)
	at org.junit.platform.engine.support.hierarchical.Node.around(Node.java:137)
	at org.junit.platform.engine.support.hierarchical.NodeTestTask.lambda$executeRecursively$9(NodeTestTask.java:139)
	at org.junit.platform.engine.support.hierarchical.ThrowableCollector.execute(ThrowableCollector.java:73)
	at org.junit.platform.engine.support.hierarchical.NodeTestTask.executeRecursively(NodeTestTask.java:138)
	at org.junit.platform.engine.support.hierarchical.NodeTestTask.execute(NodeTestTask.java:95)
	at org.junit.platform.engine.support.hierarchical.SameThreadHierarchicalTestExecutorService.submit(SameThreadHierarchicalTestExecutorService.java:35)
	at org.junit.platform.engine.support.hierarchical.HierarchicalTestExecutor.execute(HierarchicalTestExecutor.java:57)
	at org.junit.platform.engine.support.hierarchical.HierarchicalTestEngine.execute(HierarchicalTestEngine.java:54)
	at org.junit.platform.launcher.core.EngineExecutionOrchestrator.execute(EngineExecutionOrchestrator.java:147)
	at org.junit.platform.launcher.core.EngineExecutionOrchestrator.execute(EngineExecutionOrchestrator.java:127)
	at org.junit.platform.launcher.core.EngineExecutionOrchestrator.execute(EngineExecutionOrchestrator.java:90)
	at org.junit.platform.launcher.core.EngineExecutionOrchestrator.lambda$execute$0(EngineExecutionOrchestrator.java:55)
	at org.junit.platform.launcher.core.EngineExecutionOrchestrator.withInterceptedStreams(EngineExecutionOrchestrator.java:102)
	at org.junit.platform.launcher.core.EngineExecutionOrchestrator.execute(EngineExecutionOrchestrator.java:54)
	at org.junit.platform.launcher.core.DefaultLauncher.execute(DefaultLauncher.java:114)
	at org.junit.platform.launcher.core.DefaultLauncher.execute(DefaultLauncher.java:86)
	at org.junit.platform.launcher.core.DefaultLauncherSession$DelegatingLauncher.execute(DefaultLauncherSession.java:86)
	at org.apache.maven.surefire.junitplatform.LazyLauncher.execute(LazyLauncher.java:50)
	at org.apache.maven.surefire.junitplatform.JUnitPlatformProvider.execute(JUnitPlatformProvider.java:184)
	at org.apache.maven.surefire.junitplatform.JUnitPlatformProvider.invokeAllTests(JUnitPlatformProvider.java:148)
	at org.apache.maven.surefire.junitplatform.JUnitPlatformProvider.invoke(JUnitPlatformProvider.java:122)
	at org.apache.maven.surefire.booter.ForkedBooter.runSuitesInProcess(ForkedBooter.java:385)
	at org.apache.maven.surefire.booter.ForkedBooter.execute(ForkedBooter.java:162)
	at org.apache.maven.surefire.booter.ForkedBooter.run(ForkedBooter.java:507)
	at org.apache.maven.surefire.booter.ForkedBooter.main(ForkedBooter.java:495)
]]></failure>
  </testcase>
</testsuite>