<?xml version="1.0" encoding="UTF-8"?>
<testsuite xmlns:xsi="http://www.w3.org/2001/XMLSchema-instance" xsi:noNamespaceSchemaLocation="https://maven.apache.org/surefire/maven-surefire-plugin/xsd/surefire-test-report-3.0.xsd" version="3.0" name="HomeTest" time="2.93" tests="3" errors="0" skipped="0" failures="1">
  <properties>
[...]
</properties>
  <testcase name="cadastrarReserva" classname="HomeTest" time="0.788"/>
  <testcase name="testGetBooking" classname="HomeTest" time="1.332">
    <system-out><![CDATA[HTTP/1.1 200 OK
Server: Cowboy
Report-To: {"group":"heroku-nel","max_age":3600,"endpoints":[{"url":"https://nel.heroku.com/reports?ts=1743973733&sid=c46efe9b-d3d2-4a0c-8c76-bfafa16c5add&s=NOK4k4t0FYEs8HmiZDDmwVeKI09PQnNsv%2FshQsDzZ4U%3D"}]}
Reporting-Endpoints: heroku-nel=https://nel.heroku.com/reports?ts=1743973733&sid=c46efe9b-d3d2-4a0c-8c76-bfafa16c5add&s=NOK4k4t0FYEs8HmiZDDmwVeKI09PQnNsv%2FshQsDzZ4U%3D
Nel: {"report_to":"heroku-nel","max_age":3600,"success_fraction":0.005,"failure_fraction":0.05,"response_headers":["Via"]}
Connection: keep-alive
X-Powered-By: Express
Content-Type: application/json; charset=utf-8
Content-Length: 263562
Etag: W/"4058a-LYszkegNzBNW4NQe4NUMTEYBwiE"
Date: Sun, 06 Apr 2025 21:08:53 GMT
Via: 1.1 vegur

[
    {
        "bookingid": 10242
    },
    {
        "bookingid": 14147
    },
    {
        "bookingid": 5185
    },
    {
        "bookingid": 11518
    },
    {
        "bookingid": 12510
    },
    {
        "bookingid": 503
    },
    {
        "bookingid": 4608
    },
    {
        "bookingid": 417
    },
    {
        "bookingid": 8985
    },
    {
        "bookingid": 4882
    },
    {
        "bookingid": 6195
    },
    {
        "bookingid": 9107
    },
    {
        "bookingid": 8994
    },
    {
        "bookingid": 665
    },
    {
        "bookingid": 666
    },
    {
        "bookingid": 11153
    },
    {
        "bookingid": 8302
    },
    {
        "bookingid": 10208
    },
    {
        "bookingid": 571
    },
    {
        "bookingid": 6286
    },
    {
        "bookingid": 13401
    },
    {
        "bookingid": 14190
    },
    {
        "bookingid": 6625
    },
    {
        "bookingid": 13966
    },
    {
        "bookingid": 244
    },
    {
        "bookingid": 4640
    },
    {
        "bookingid": 52
    },
    {
        "bookingid": 2303
    },
    {
        "bookingid": 1622
    },
    {
        "bookingid": 4988
    },
    {
        "bookingid": 14449
    },
    {
        "bookingid": 1329
    },
    {
        "bookingid": 119
    },
    {
        "bookingid": 10195
    },
    {
        "bookingid": 11715
    },
    {
        "bookingid": 1354
    },
    {
        "bookingid": 7981
    },
    {
        "bookingid": 13884
    },
    {
        "bookingid": 5630
    },
    {
        "bookingid": 1072
    },
    {
        "bookingid": 7100
    },
    {
        "bookingid": 3513
    },
    {
        "bookingid": 3621
    },
    {
        "bookingid": 3110
    },
    {
        "bookingid": 13463
    },
    {
        "bookingid": 14793
    },
    {
        "bookingid": 5639
    },
    {
        "bookingid": 10680
    },
    {
        "bookingid": 12337
    },
    {
        "bookingid": 14303
    },
    {
        "bookingid": 13197
    },
    {
        "bookingid": 11693
    },
    {
        "bookingid": 1461
    },
    {
        "bookingid": 4960
    },
    {
        "bookingid": 13364
    },
    {
        "bookingid": 12239
    },
    {
        "bookingid": 10049
    },
    {
        "bookingid": 14272
    },
    {
        "bookingid": 10830
    },
    {
        "bookingid": 8614
    },
    {
        "bookingid": 8914
    },
    {
        "bookingid": 6373
    },
    {
        "bookingid": 11043
    },
    {
        "bookingid": 7235
    },
    {
        "bookingid": 979
    },
    {
        "bookingid": 7697
    },
    {
        "bookingid": 10017
    },
    {
        "bookingid": 14096
    },
    {
        "bookingid": 3013
    },
    {
        "bookingid": 1960
    },
    {
        "bookingid": 2197
    },
    {
        "bookingid": 12776
    },
    {
        "bookingid": 3665
    },
    {
        "bookingid": 4345
    },
    {
        "bookingid": 13501
    },
    {
        "bookingid": 2042
    },
    {
        "bookingid": 10297
    },
    {
        "bookingid": 11521
    },
    {
        "bookingid": 2537
    },
    {
        "bookingid": 10823
    },
    {
        "bookingid": 9644
    },
    {
        "bookingid": 6819
    },
    {
        "bookingid": 13061
    },
    {
        "bookingid": 2516
    },
    {
        "bookingid": 5799
    },
    {
        "bookingid": 10207
    },
    {
        "bookingid": 11985
    },
    {
        "bookingid": 9045
    },
    {
        "bookingid": 12000
    },
    {
        "bookingid": 11680
    },
    {
        "bookingid": 14866
    },
    {
        "bookingid": 766
    },
    {
        "bookingid": 4476
    },
    {
        "bookingid": 727
    },
    {
        "bookingid": 1875
    },
    {
        "bookingid": 3461
    },
    {
        "bookingid": 2876
    },
    {
        "bookingid": 12078
    },
    {
        "bookingid": 1237
    },
    {
        "bookingid": 4984
    },
    {
        "bookingid": 8903
    },
    {
        "bookingid": 4747
    },
    {
        "bookingid": 5394
    },
    {
        "bookingid": 7176
    },
    {
        "bookingid": 10504
    },
    {
        "bookingid": 12735
    },
    {
        "bookingid": 10899
    },
    {
        "bookingid": 72
    },
    {
        "bookingid": 3738
    },
    {
        "bookingid": 3127
    },
    {
        "bookingid": 11185
    },
    {
        "bookingid": 6722
    },
    {
        "bookingid": 10603
    },
    {
        "bookingid": 828
    },
    {
        "bookingid": 14246
    },
    {
        "bookingid": 5156
    },
    {
        "bookingid": 8142
    },
    {
        "bookingid": 6080
    },
    {
        "bookingid": 2444
    },
    {
        "bookingid": 3442
    },
    {
        "bookingid": 9907
    },
    {
        "bookingid": 14598
    },
    {
        "bookingid": 4963
    },
    {
        "bookingid": 11079
    },
    {
        "bookingid": 13848
    },
    {
        "bookingid": 14720
    },
    {
        "bookingid": 5128
    },
    {
        "bookingid": 10068
    },
    {
        "bookingid": 8863
    },
    {
        "bookingid": 1674
    },
    {
        "bookingid": 2784
    },
    {
        "bookingid": 13344
    },
    {
        "bookingid": 6441
    },
    {
        "bookingid": 14361
    },
    {
        "bookingid": 12516
    },
    {
        "bookingid": 1524
    },
    {
        "bookingid": 8308
    },
    {
        "bookingid": 1620
    },
    {
        "bookingid": 12430
    },
    {
        "bookingid": 742
    },
    {
        "bookingid": 14653
    },
    {
        "bookingid": 4732
    },
    {
        "bookingid": 11971
    },
    {
        "bookingid": 2493
    },
    {
        "bookingid": 8231
    },
    {
        "bookingid": 1468
    },
    {
        "bookingid": 5262
    },
    {
        "bookingid": 6755
    },
    {
        "bookingid": 12773
    },
    {
        "bookingid": 10009
    },
    {
        "bookingid": 10460
    },
    {
        "bookingid": 2811
    },
    {
        "bookingid": 2700
    },
    {
        "bookingid": 550
    },
    {
        "bookingid": 8185
    },
    {
        "bookingid": 5018
    },
    {
        "bookingid": 8883
    },
    {
        "bookingid": 7638
    },
    {
        "bookingid": 12717
    },
    {
        "bookingid": 4184
    },
    {
        "bookingid": 3938
    },
    {
        "bookingid": 496
    },
    {
        "bookingid": 7486
    },
    {
        "bookingid": 12819
    },
    {
        "bookingid": 4697
    },
    {
        "bookingid": 1087
    },
    {
        "bookingid": 3051
    },
    {
        "bookingid": 6156
    },
    {
        "bookingid": 5158
    },
    {
        "bookingid": 12678
    },
    {
        "bookingid": 6433
    },
    {
        "bookingid": 6924
    },
    {
        "bookingid": 1881
    },
    {
        "bookingid": 10474
    },
    {
        "bookingid": 5337
    },
    {
        "bookingid": 2836
    },
    {
        "bookingid": 1256
    },
    {
        "bookingid": 2091
    },
    {
        "bookingid": 13301
    },
    {
        "bookingid": 9637
    },
    {
        "bookingid": 7211
    },
    {
        "bookingid": 2131
    },
    {
        "bookingid": 10026
    },
    {
        "bookingid": 6541
    },
    {
        "bookingid": 143
    },
    {
        "bookingid": 8373
    },
    {
        "bookingid": 13257
    },
    {
        "bookingid": 12687
    },
    {
        "bookingid": 13284
    },
    {
        "bookingid": 14092
    },
    {
        "bookingid": 7660
    },
    {
        "bookingid": 7906
    },
    {
        "bookingid": 9499
    },
    {
        "bookingid": 4788
    },
    {
        "bookingid": 5191
    },
    {
        "bookingid": 10233
    },
    {
        "bookingid": 1592
    },
    {
        "bookingid": 5728
    },
    {
        "bookingid": 9480
    },
    {
        "bookingid": 1851
    },
    {
        "bookingid": 12622
    },
    {
        "bookingid": 12283
    },
    {
        "bookingid": 10313
    },
    {
        "bookingid": 5709
    },
    {
        "bookingid": 10501
    },
    {
        "bookingid": 5462
    },
    {
        "bookingid": 2291
    },
    {
        "bookingid": 3581
    },
    {
        "bookingid": 5730
    },
    {
        "bookingid": 9825
    },
    {
        "bookingid": 7334
    },
    {
        "bookingid": 8978
    },
    {
        "bookingid": 285
    },
    {
        "bookingid": 14001
    },
    {
        "bookingid": 5796
    },
    {
        "bookingid": 11249
    },
    {
        "bookingid": 6783
    },
    {
        "bookingid": 13591
    },
    {
        "bookingid": 13694
    },
    {
        "bookingid": 596
    },
    {
        "bookingid": 13267
    },
    {
        "bookingid": 1545
    },
    {
        "bookingid": 10764
    },
    {
        "bookingid": 12502
    },
    {
        "bookingid": 9309
    },
    {
        "bookingid": 8716
    },
    {
        "bookingid": 12380
    },
    {
        "bookingid": 4101
    },
    {
        "bookingid": 14608
    },
    {
        "bookingid": 11673
    },
    {
        "bookingid": 92
    },
    {
        "bookingid": 13995
    },
    {
        "bookingid": 11608
    },
    {
        "bookingid": 801
    },
    {
        "bookingid": 2261
    },
    {
        "bookingid": 11984
    },
    {
        "bookingid": 1682
    },
    {
        "bookingid": 4612
    },
    {
        "bookingid": 8729
    },
    {
        "bookingid": 13639
    },
    {
        "bookingid": 8110
    },
    {
        "bookingid": 8836
    },
    {
        "bookingid": 11020
    },
    {
        "bookingid": 6359
    },
    {
        "bookingid": 9256
    },
    {
        "bookingid": 5683
    },
    {
        "bookingid": 11253
    },
    {
        "bookingid": 11356
    },
    {
        "bookingid": 12725
    },
    {
        "bookingid": 2089
    },
    {
        "bookingid": 6989
    },
    {
        "bookingid": 8541
    },
    {
        "bookingid": 8723
    },
    {
        "bookingid": 3069
    },
    {
        "bookingid": 370
    },
    {
        "bookingid": 4288
    },
    {
        "bookingid": 1282
    },
    {
        "bookingid": 4256
    },
    {
        "bookingid": 14587
    },
    {
        "bookingid": 13495
    },
    {
        "bookingid": 8899
    },
    {
        "bookingid": 3049
    },
    {
        "bookingid": 12540
    },
    {
        "bookingid": 12691
    },
    {
        "bookingid": 14632
    },
    {
        "bookingid": 830
    },
    {
        "bookingid": 13414
    },
    {
        "bookingid": 13910
    },
    {
        "bookingid": 11269
    },
    {
        "bookingid": 6510
    },
    {
        "bookingid": 6699
    },
    {
        "bookingid": 5150
    },
    {
        "bookingid": 3116
    },
    {
        "bookingid": 5435
    },
    {
        "bookingid": 6931
    },
    {
        "bookingid": 13614
    },
    {
        "bookingid": 7961
    },
    {
        "bookingid": 8505
    },
    {
        "bookingid": 13734
    },
    {
        "bookingid": 11236
    },
    {
        "bookingid": 7509
    },
    {
        "bookingid": 12210
    },
    {
        "bookingid": 4692
    },
    {
        "bookingid": 9945
    },
    {
        "bookingid": 8033
    },
    {
        "bookingid": 5793
    },
    {
        "bookingid": 2102
    },
    {
        "bookingid": 927
    },
    {
        "bookingid": 13084
    },
    {
        "bookingid": 6607
    },
    {
        "bookingid": 9703
    },
    {
        "bookingid": 12120
    },
    {
        "bookingid": 1660
    },
    {
        "bookingid": 10772
    },
    {
        "bookingid": 10803
    },
    {
        "bookingid": 3693
    },
    {
        "bookingid": 9151
    },
    {
        "bookingid": 11030
    },
    {
        "bookingid": 7330
    },
    {
        "bookingid": 3468
    },
    {
        "bookingid": 8684
    },
    {
        "bookingid": 13308
    },
    {
        "bookingid": 8623
    },
    {
        "bookingid": 13436
    },
    {
        "bookingid": 14654
    },
    {
        "bookingid": 1284
    },
    {
        "bookingid": 7920
    },
    {
        "bookingid": 2133
    },
    {
        "bookingid": 10951
    },
    {
        "bookingid": 5928
    },
    {
        "bookingid": 12221
    },
    {
        "bookingid": 12885
    },
    {
        "bookingid": 6731
    },
    {
        "bookingid": 6052
    },
    {
        "bookingid": 6311
    },
    {
        "bookingid": 6701
    },
    {
        "bookingid": 8682
    },
    {
        "bookingid": 5016
    },
    {
        "bookingid": 12348
    },
    {
        "bookingid": 13524
    },
    {
        "bookingid": 12853
    },
    {
        "bookingid": 11443
    },
    {
        "bookingid": 4257
    },
    {
        "bookingid": 5175
    },
    {
        "bookingid": 6444
    },
    {
        "bookingid": 12402
    },
    {
        "bookingid": 580
    },
    {
        "bookingid": 10072
    },
    {
        "bookingid": 6317
    },
    {
        "bookingid": 10325
    },
    {
        "bookingid": 9429
    },
    {
        "bookingid": 2751
    },
    {
        "bookingid": 189
    },
    {
        "bookingid": 6416
    },
    {
        "bookingid": 6772
    },
    {
        "bookingid": 3679
    },
    {
        "bookingid": 6729
    },
    {
        "bookingid": 8587
    },
    {
        "bookingid": 10566
    },
    {
        "bookingid": 6011
    },
    {
        "bookingid": 2168
    },
    {
        "bookingid": 11157
    },
    {
        "bookingid": 13801
    },
    {
        "bookingid": 7506
    },
    {
        "bookingid": 7833
    },
    {
        "bookingid": 14116
    },
    {
        "bookingid": 7048
    },
    {
        "bookingid": 12360
    },
    {
        "bookingid": 10761
    },
    {
        "bookingid": 4291
    },
    {
        "bookingid": 1039
    },
    {
        "bookingid": 3848
    },
    {
        "bookingid": 11035
    },
    {
        "bookingid": 2376
    },
    {
        "bookingid": 6252
    },
    {
        "bookingid": 2745
    },
    {
        "bookingid": 8244
    },
    {
        "bookingid": 2757
    },
    {
        "bookingid": 6092
    },
    {
        "bookingid": 646
    },
    {
        "bookingid": 7276
    },
    {
        "bookingid": 11378
    },
    {
        "bookingid": 14832
    },
    {
        "bookingid": 6365
    },
    {
        "bookingid": 7761
    },
    {
        "bookingid": 12394
    },
    {
        "bookingid": 14870
    },
    {
        "bookingid": 3653
    },
    {
        "bookingid": 12702
    },
    {
        "bookingid": 12055
    },
    {
        "bookingid": 12278
    },
    {
        "bookingid": 4714
    },
    {
        "bookingid": 11724
    },
    {
        "bookingid": 14052
    },
    {
        "bookingid": 8906
    },
    {
        "bookingid": 14605
    },
    {
        "bookingid": 631
    },
    {
        "bookingid": 5499
    },
    {
        "bookingid": 10516
    },
    {
        "bookingid": 11321
    },
    {
        "bookingid": 5592
    },
    {
        "bookingid": 1648
    },
    {
        "bookingid": 5912
    },
    {
        "bookingid": 2899
    },
    {
        "bookingid": 9291
    },
    {
        "bookingid": 3871
    },
    {
        "bookingid": 9434
    },
    {
        "bookingid": 7811
    },
    {
        "bookingid": 4402
    },
    {
        "bookingid": 3097
    },
    {
        "bookingid": 4830
    },
    {
        "bookingid": 2657
    },
    {
        "bookingid": 3252
    },
    {
        "bookingid": 10003
    },
    {
        "bookingid": 1478
    },
    {
        "bookingid": 8585
    },
    {
        "bookingid": 11262
    },
    {
        "bookingid": 10257
    },
    {
        "bookingid": 11322
    },
    {
        "bookingid": 842
    },
    {
        "bookingid": 704
    },
    {
        "bookingid": 2375
    },
    {
        "bookingid": 8046
    },
    {
        "bookingid": 4531
    },
    {
        "bookingid": 8741
    },
    {
        "bookingid": 14241
    },
    {
        "bookingid": 1887
    },
    {
        "bookingid": 358
    },
    {
        "bookingid": 1868
    },
    {
        "bookingid": 13496
    },
    {
        "bookingid": 14581
    },
    {
        "bookingid": 6694
    },
    {
        "bookingid": 609
    },
    {
        "bookingid": 7605
    },
    {
        "bookingid": 8601
    },
    {
        "bookingid": 7341
    },
    {
        "bookingid": 13160
    },
    {
        "bookingid": 10100
    },
    {
        "bookingid": 1202
    },
    {
        "bookingid": 13643
    },
    {
        "bookingid": 4289
    },
    {
        "bookingid": 10637
    },
    {
        "bookingid": 11040
    },
    {
        "bookingid": 3772
    },
    {
        "bookingid": 6774
    },
    {
        "bookingid": 1877
    },
    {
        "bookingid": 7419
    },
    {
        "bookingid": 9431
    },
    {
        "bookingid": 14586
    },
    {
        "bookingid": 13994
    },
    {
        "bookingid": 1517
    },
    {
        "bookingid": 524
    },
    {
        "bookingid": 8798
    },
    {
        "bookingid": 5240
    },
    {
        "bookingid": 6543
    },
    {
        "bookingid": 8043
    },
    {
        "bookingid": 7069
    },
    {
        "bookingid": 3404
    },
    {
        "bookingid": 1012
    },
    {
        "bookingid": 11124
    },
    {
        "bookingid": 10740
    },
    {
        "bookingid": 13173
    },
    {
        "bookingid": 12366
    },
    {
        "bookingid": 4495
    },
    {
        "bookingid": 4298
    },
    {
        "bookingid": 13868
    },
    {
        "bookingid": 6664
    },
    {
        "bookingid": 12384
    },
    {
        "bookingid": 8860
    },
    {
        "bookingid": 6561
    },
    {
        "bookingid": 9118
    },
    {
        "bookingid": 9269
    },
    {
        "bookingid": 13124
    },
    {
        "bookingid": 745
    },
    {
        "bookingid": 10721
    },
    {
        "bookingid": 5007
    },
    {
        "bookingid": 14658
    },
    {
        "bookingid": 13172
    },
    {
        "bookingid": 14522
    },
    {
        "bookingid": 13234
    },
    {
        "bookingid": 4363
    },
    {
        "bookingid": 2159
    },
    {
        "bookingid": 11067
    },
    {
        "bookingid": 9155
    },
    {
        "bookingid": 8722
    },
    {
        "bookingid": 8077
    },
    {
        "bookingid": 12149
    },
    {
        "bookingid": 982
    },
    {
        "bookingid": 400
    },
    {
        "bookingid": 4175
    },
    {
        "bookingid": 5057
    },
    {
        "bookingid": 13151
    },
    {
        "bookingid": 1159
    },
    {
        "bookingid": 8353
    },
    {
        "bookingid": 1062
    },
    {
        "bookingid": 12796
    },
    {
        "bookingid": 12391
    },
    {
        "bookingid": 13298
    },
    {
        "bookingid": 10549
    },
    {
        "bookingid": 1131
    },
    {
        "bookingid": 3453
    },
    {
        "bookingid": 10090
    },
    {
        "bookingid": 149
    },
    {
        "bookingid": 949
    },
    {
        "bookingid": 2036
    },
    {
        "bookingid": 13716
    },
    {
        "bookingid": 2109
    },
    {
        "bookingid": 12294
    },
    {
        "bookingid": 1277
    },
    {
        "bookingid": 9017
    },
    {
        "bookingid": 3895
    },
    {
        "bookingid": 14844
    },
    {
        "bookingid": 7479
    },
    {
        "bookingid": 2161
    },
    {
        "bookingid": 9377
    },
    {
        "bookingid": 14062
    },
    {
        "bookingid": 13376
    },
    {
        "bookingid": 790
    },
    {
        "bookingid": 5177
    },
    {
        "bookingid": 7620
    },
    {
        "bookingid": 2476
    },
    {
        "bookingid": 4072
    },
    {
        "bookingid": 10927
    },
    {
        "bookingid": 2600
    },
    {
        "bookingid": 3098
    },
    {
        "bookingid": 12178
    },
    {
        "bookingid": 3371
    },
    {
        "bookingid": 9253
    },
    {
        "bookingid": 11525
    },
    {
        "bookingid": 1053
    },
    {
        "bookingid": 7963
    },
    {
        "bookingid": 11174
    },
    {
        "bookingid": 5722
    },
    {
        "bookingid": 8681
    },
    {
        "bookingid": 831
    },
    {
        "bookingid": 8423
    },
    {
        "bookingid": 6605
    },
    {
        "bookingid": 3666
    },
    {
        "bookingid": 10503
    },
    {
        "bookingid": 449
    },
    {
        "bookingid": 13427
    },
    {
        "bookingid": 11496
    },
    {
        "bookingid": 12517
    },
    {
        "bookingid": 11033
    },
    {
        "bookingid": 1416
    },
    {
        "bookingid": 9592
    },
    {
        "bookingid": 7647
    },
    {
        "bookingid": 8133
    },
    {
        "bookingid": 10580
    },
    {
        "bookingid": 12908
    },
    {
        "bookingid": 570
    },
    {
        "bookingid": 8113
    },
    {
        "bookingid": 14464
    },
    {
        "bookingid": 2542
    },
    {
        "bookingid": 10620
    },
    {
        "bookingid": 9739
    },
    {
        "bookingid": 11466
    },
    {
        "bookingid": 13926
    },
    {
        "bookingid": 711
    },
    {
        "bookingid": 13858
    },
    {
        "bookingid": 13335
    },
    {
        "bookingid": 6739
    },
    {
        "bookingid": 2995
    },
    {
        "bookingid": 4746
    },
    {
        "bookingid": 12966
    },
    {
        "bookingid": 9992
    },
    {
        "bookingid": 11952
    },
    {
        "bookingid": 2071
    },
    {
        "bookingid": 9569
    },
    {
        "bookingid": 10587
    },
    {
        "bookingid": 12928
    },
    {
        "bookingid": 7968
    },
    {
        "bookingid": 11575
    },
    {
        "bookingid": 5515
    },
    {
        "bookingid": 4028
    },
    {
        "bookingid": 4839
    },
    {
        "bookingid": 3058
    },
    {
        "bookingid": 11667
    },
    {
        "bookingid": 1692
    },
    {
        "bookingid": 7023
    },
    {
        "bookingid": 832
    },
    {
        "bookingid": 9022
    },
    {
        "bookingid": 2869
    },
    {
        "bookingid": 2287
    },
    {
        "bookingid": 5716
    },
    {
        "bookingid": 10203
    },
    {
        "bookingid": 3137
    },
    {
        "bookingid": 2149
    },
    {
        "bookingid": 9135
    },
    {
        "bookingid": 4307
    },
    {
        "bookingid": 5095
    },
    {
        "bookingid": 8925
    },
    {
        "bookingid": 7157
    },
    {
        "bookingid": 7437
    },
    {
        "bookingid": 1429
    },
    {
        "bookingid": 6384
    },
    {
        "bookingid": 5200
    },
    {
        "bookingid": 9410
    },
    {
        "bookingid": 1657
    },
    {
        "bookingid": 1696
    },
    {
        "bookingid": 11164
    },
    {
        "bookingid": 8989
    },
    {
        "bookingid": 247
    },
    {
        "bookingid": 2932
    },
    {
        "bookingid": 9100
    },
    {
        "bookingid": 4866
    },
    {
        "bookingid": 7972
    },
    {
        "bookingid": 12813
    },
    {
        "bookingid": 10359
    },
    {
        "bookingid": 13310
    },
    {
        "bookingid": 1774
    },
    {
        "bookingid": 10177
    },
    {
        "bookingid": 12157
    },
    {
        "bookingid": 1847
    },
    {
        "bookingid": 5810
    },
    {
        "bookingid": 12177
    },
    {
        "bookingid": 7033
    },
    {
        "bookingid": 799
    },
    {
        "bookingid": 10777
    },
    {
        "bookingid": 12603
    },
    {
        "bookingid": 10552
    },
    {
        "bookingid": 7122
    },
    {
        "bookingid": 8689
    },
    {
        "bookingid": 12895
    },
    {
        "bookingid": 6152
    },
    {
        "bookingid": 6559
    },
    {
        "bookingid": 7867
    },
    {
        "bookingid": 13488
    },
    {
        "bookingid": 8475
    },
    {
        "bookingid": 3826
    },
    {
        "bookingid": 12459
    },
    {
        "bookingid": 6200
    },
    {
        "bookingid": 7224
    },
    {
        "bookingid": 8935
    },
    {
        "bookingid": 14569
    },
    {
        "bookingid": 14471
    },
    {
        "bookingid": 6835
    },
    {
        "bookingid": 14426
    },
    {
        "bookingid": 8085
    },
    {
        "bookingid": 7359
    },
    {
        "bookingid": 12758
    },
    {
        "bookingid": 10525
    },
    {
        "bookingid": 2314
    },
    {
        "bookingid": 4222
    },
    {
        "bookingid": 13789
    },
    {
        "bookingid": 8263
    },
    {
        "bookingid": 5849
    },
    {
        "bookingid": 5328
    },
    {
        "bookingid": 3075
    },
    {
        "bookingid": 5014
    },
    {
        "bookingid": 9819
    },
    {
        "bookingid": 6867
    },
    {
        "bookingid": 5835
    },
    {
        "bookingid": 6478
    },
    {
        "bookingid": 13551
    },
    {
        "bookingid": 9335
    },
    {
        "bookingid": 9883
    },
    {
        "bookingid": 8246
    },
    {
        "bookingid": 14899
    },
    {
        "bookingid": 8307
    },
    {
        "bookingid": 196
    },
    {
        "bookingid": 8958
    },
    {
        "bookingid": 121
    },
    {
        "bookingid": 14159
    },
    {
        "bookingid": 2085
    },
    {
        "bookingid": 2310
    },
    {
        "bookingid": 1643
    },
    {
        "bookingid": 13651
    },
    {
        "bookingid": 9330
    },
    {
        "bookingid": 13904
    },
    {
        "bookingid": 795
    },
    {
        "bookingid": 9781
    },
    {
        "bookingid": 14570
    },
    {
        "bookingid": 3732
    },
    {
        "bookingid": 14004
    },
    {
        "bookingid": 1880
    },
    {
        "bookingid": 14050
    },
    {
        "bookingid": 509
    },
    {
        "bookingid": 10142
    },
    {
        "bookingid": 12332
    },
    {
        "bookingid": 10505
    },
    {
        "bookingid": 2123
    },
    {
        "bookingid": 11416
    },
    {
        "bookingid": 12786
    },
    {
        "bookingid": 6744
    },
    {
        "bookingid": 7311
    },
    {
        "bookingid": 1874
    },
    {
        "bookingid": 8992
    },
    {
        "bookingid": 5890
    },
    {
        "bookingid": 6367
    },
    {
        "bookingid": 8704
    },
    {
        "bookingid": 2045
    },
    {
        "bookingid": 2640
    },
    {
        "bookingid": 514
    },
    {
        "bookingid": 12722
    },
    {
        "bookingid": 9932
    },
    {
        "bookingid": 3017
    },
    {
        "bookingid": 14576
    },
    {
        "bookingid": 13873
    },
    {
        "bookingid": 7993
    },
    {
        "bookingid": 4569
    },
    {
        "bookingid": 14891
    },
    {
        "bookingid": 6455
    },
    {
        "bookingid": 548
    },
    {
        "bookingid": 11637
    },
    {
        "bookingid": 79
    },
    {
        "bookingid": 13249
    },
    {
        "bookingid": 12362
    },
    {
        "bookingid": 12826
    },
    {
        "bookingid": 582
    },
    {
        "bookingid": 13738
    },
    {
        "bookingid": 13795
    },
    {
        "bookingid": 5510
    },
    {
        "bookingid": 9681
    },
    {
        "bookingid": 12834
    },
    {
        "bookingid": 6312
    },
    {
        "bookingid": 9981
    },
    {
        "bookingid": 1967
    },
    {
        "bookingid": 11225
    },
    {
        "bookingid": 10909
    },
    {
        "bookingid": 6153
    },
    {
        "bookingid": 1098
    },
    {
        "bookingid": 3622
    },
    {
        "bookingid": 7114
    },
    {
        "bookingid": 13751
    },
    {
        "bookingid": 8335
    },
    {
        "bookingid": 3619
    },
    {
        "bookingid": 2572
    },
    {
        "bookingid": 956
    },
    {
        "bookingid": 2883
    },
    {
        "bookingid": 6340
    },
    {
        "bookingid": 4547
    },
    {
        "bookingid": 4856
    },
    {
        "bookingid": 10711
    },
    {
        "bookingid": 12564
    },
    {
        "bookingid": 13115
    },
    {
        "bookingid": 5463
    },
    {
        "bookingid": 7865
    },
    {
        "bookingid": 721
    },
    {
        "bookingid": 12639
    },
    {
        "bookingid": 3456
    },
    {
        "bookingid": 13031
    },
    {
        "bookingid": 13418
    },
    {
        "bookingid": 1217
    },
    {
        "bookingid": 11358
    },
    {
        "bookingid": 4481
    },
    {
        "bookingid": 4010
    },
    {
        "bookingid": 3038
    },
    {
        "bookingid": 10367
    },
    {
        "bookingid": 14013
    },
    {
        "bookingid": 13773
    },
    {
        "bookingid": 11701
    },
    {
        "bookingid": 7105
    },
    {
        "bookingid": 2052
    },
    {
        "bookingid": 1755
    },
    {
        "bookingid": 11294
    },
    {
        "bookingid": 12119
    },
    {
        "bookingid": 4064
    },
    {
        "bookingid": 12140
    },
    {
        "bookingid": 14403
    },
    {
        "bookingid": 1830
    },
    {
        "bookingid": 2533
    },
    {
        "bookingid": 197
    },
    {
        "bookingid": 12176
    },
    {
        "bookingid": 1817
    },
    {
        "bookingid": 12474
    },
    {
        "bookingid": 3941
    },
    {
        "bookingid": 11233
    },
    {
        "bookingid": 3541
    },
    {
        "bookingid": 5968
    },
    {
        "bookingid": 659
    },
    {
        "bookingid": 14229
    },
    {
        "bookingid": 10805
    },
    {
        "bookingid": 5983
    },
    {
        "bookingid": 2606
    },
    {
        "bookingid": 7219
    },
    {
        "bookingid": 6950
    },
    {
        "bookingid": 8774
    },
    {
        "bookingid": 13297
    },
    {
        "bookingid": 13908
    },
    {
        "bookingid": 6805
    },
    {
        "bookingid": 8739
    },
    {
        "bookingid": 4212
    },
    {
        "bookingid": 12666
    },
    {
        "bookingid": 4473
    },
    {
        "bookingid": 5536
    },
    {
        "bookingid": 3981
    },
    {
        "bookingid": 3612
    },
    {
        "bookingid": 6445
    },
    {
        "bookingid": 547
    },
    {
        "bookingid": 4178
    },
    {
        "bookingid": 1105
    },
    {
        "bookingid": 13846
    },
    {
        "bookingid": 6808
    },
    {
        "bookingid": 4491
    },
    {
        "bookingid": 5096
    },
    {
        "bookingid": 7625
    },
    {
        "bookingid": 11765
    },
    {
        "bookingid": 4189
    },
    {
        "bookingid": 9820
    },
    {
        "bookingid": 6784
    },
    {
        "bookingid": 11884
    },
    {
        "bookingid": 11571
    },
    {
        "bookingid": 1353
    },
    {
        "bookingid": 11527
    },
    {
        "bookingid": 12252
    },
    {
        "bookingid": 13522
    },
    {
        "bookingid": 3687
    },
    {
        "bookingid": 12025
    },
    {
        "bookingid": 10258
    },
    {
        "bookingid": 1383
    },
    {
        "bookingid": 9147
    },
    {
        "bookingid": 7143
    },
    {
        "bookingid": 14176
    },
    {
        "bookingid": 2582
    },
    {
        "bookingid": 6248
    },
    {
        "bookingid": 14710
    },
    {
        "bookingid": 5285
    },
    {
        "bookingid": 10712
    },
    {
        "bookingid": 9121
    },
    {
        "bookingid": 1186
    },
    {
        "bookingid": 5099
    },
    {
        "bookingid": 10738
    },
    {
        "bookingid": 945
    },
    {
        "bookingid": 1377
    },
    {
        "bookingid": 11190
    },
    {
        "bookingid": 6292
    },
    {
        "bookingid": 5045
    },
    {
        "bookingid": 7849
    },
    {
        "bookingid": 3695
    },
    {
        "bookingid": 2251
    },
    {
        "bookingid": 14340
    },
    {
        "bookingid": 7580
    },
    {
        "bookingid": 933
    },
    {
        "bookingid": 4238
    },
    {
        "bookingid": 12109
    },
    {
        "bookingid": 7369
    },
    {
        "bookingid": 1091
    },
    {
        "bookingid": 5338
    },
    {
        "bookingid": 5396
    },
    {
        "bookingid": 12551
    },
    {
        "bookingid": 14742
    },
    {
        "bookingid": 3354
    },
    {
        "bookingid": 6493
    },
    {
        "bookingid": 6936
    },
    {
        "bookingid": 4879
    },
    {
        "bookingid": 110
    },
    {
        "bookingid": 14888
    },
    {
        "bookingid": 11381
    },
    {
        "bookingid": 1437
    },
    {
        "bookingid": 6401
    },
    {
        "bookingid": 10418
    },
    {
        "bookingid": 5023
    },
    {
        "bookingid": 7581
    },
    {
        "bookingid": 9782
    },
    {
        "bookingid": 13947
    },
    {
        "bookingid": 8934
    },
    {
        "bookingid": 10897
    },
    {
        "bookingid": 13443
    },
    {
        "bookingid": 1128
    },
    {
        "bookingid": 12153
    },
    {
        "bookingid": 12724
    },
    {
        "bookingid": 5031
    },
    {
        "bookingid": 8127
    },
    {
        "bookingid": 11186
    },
    {
        "bookingid": 4409
    },
    {
        "bookingid": 10173
    },
    {
        "bookingid": 5443
    },
    {
        "bookingid": 9326
    },
    {
        "bookingid": 12234
    },
    {
        "bookingid": 12415
    },
    {
        "bookingid": 14865
    },
    {
        "bookingid": 2759
    },
    {
        "bookingid": 4705
    },
    {
        "bookingid": 2470
    },
    {
        "bookingid": 14287
    },
    {
        "bookingid": 13319
    },
    {
        "bookingid": 8420
    },
    {
        "bookingid": 12037
    },
    {
        "bookingid": 3247
    },
    {
        "bookingid": 10618
    },
    {
        "bookingid": 4210
    },
    {
        "bookingid": 8862
    },
    {
        "bookingid": 7202
    },
    {
        "bookingid": 1995
    },
    {
        "bookingid": 321
    },
    {
        "bookingid": 11599
    },
    {
        "bookingid": 4632
    },
    {
        "bookingid": 8466
    },
    {
        "bookingid": 13104
    },
    {
        "bookingid": 11419
    },
    {
        "bookingid": 14180
    },
    {
        "bookingid": 6512
    },
    {
        "bookingid": 4670
    },
    {
        "bookingid": 13529
    },
    {
        "bookingid": 6276
    },
    {
        "bookingid": 8102
    },
    {
        "bookingid": 12174
    },
    {
        "bookingid": 11317
    },
    {
        "bookingid": 8580
    },
    {
        "bookingid": 6858
    },
    {
        "bookingid": 4455
    },
    {
        "bookingid": 1968
    },
    {
        "bookingid": 5582
    },
    {
        "bookingid": 5772
    },
    {
        "bookingid": 4377
    },
    {
        "bookingid": 11120
    },
    {
        "bookingid": 3570
    },
    {
        "bookingid": 12913
    },
    {
        "bookingid": 6703
    },
    {
        "bookingid": 11858
    },
    {
        "bookingid": 9445
    },
    {
        "bookingid": 6392
    },
    {
        "bookingid": 2563
    },
    {
        "bookingid": 3839
    },
    {
        "bookingid": 13804
    },
    {
        "bookingid": 2025
    },
    {
        "bookingid": 1970
    },
    {
        "bookingid": 2664
    },
    {
        "bookingid": 1681
    },
    {
        "bookingid": 2627
    },
    {
        "bookingid": 4518
    },
    {
        "bookingid": 11581
    },
    {
        "bookingid": 10420
    },
    {
        "bookingid": 6247
    },
    {
        "bookingid": 7239
    },
    {
        "bookingid": 4917
    },
    {
        "bookingid": 537
    },
    {
        "bookingid": 6336
    },
    {
        "bookingid": 13914
    },
    {
        "bookingid": 7896
    },
    {
        "bookingid": 6838
    },
    {
        "bookingid": 13227
    },
    {
        "bookingid": 1280
    },
    {
        "bookingid": 4140
    },
    {
        "bookingid": 8114
    },
    {
        "bookingid": 11568
    },
    {
        "bookingid": 6651
    },
    {
        "bookingid": 8526
    },
    {
        "bookingid": 8597
    },
    {
        "bookingid": 1096
    },
    {
        "bookingid": 2241
    },
    {
        "bookingid": 14555
    },
    {
        "bookingid": 7634
    },
    {
        "bookingid": 3896
    },
    {
        "bookingid": 11833
    },
    {
        "bookingid": 3403
    },
    {
        "bookingid": 11252
    },
    {
        "bookingid": 5485
    },
    {
        "bookingid": 8949
    },
    {
        "bookingid": 1777
    },
    {
        "bookingid": 9098
    },
    {
        "bookingid": 2370
    },
    {
        "bookingid": 4791
    },
    {
        "bookingid": 13217
    },
    {
        "bookingid": 5767
    },
    {
        "bookingid": 6321
    },
    {
        "bookingid": 12701
    },
    {
        "bookingid": 9044
    },
    {
        "bookingid": 144
    },
    {
        "bookingid": 1018
    },
    {
        "bookingid": 4469
    },
    {
        "bookingid": 7919
    },
    {
        "bookingid": 8749
    },
    {
        "bookingid": 2850
    },
    {
        "bookingid": 2902
    },
    {
        "bookingid": 11488
    },
    {
        "bookingid": 9140
    },
    {
        "bookingid": 13674
    },
    {
        "bookingid": 11722
    },
    {
        "bookingid": 3642
    },
    {
        "bookingid": 4370
    },
    {
        "bookingid": 9969
    },
    {
        "bookingid": 4297
    },
    {
        "bookingid": 5092
    },
    {
        "bookingid": 5274
    },
    {
        "bookingid": 5921
    },
    {
        "bookingid": 11499
    },
    {
        "bookingid": 4566
    },
    {
        "bookingid": 12963
    },
    {
        "bookingid": 4711
    },
    {
        "bookingid": 5398
    },
    {
        "bookingid": 12827
    },
    {
        "bookingid": 10333
    },
    {
        "bookingid": 10821
    },
    {
        "bookingid": 7079
    },
    {
        "bookingid": 13896
    },
    {
        "bookingid": 9296
    },
    {
        "bookingid": 1086
    },
    {
        "bookingid": 241
    },
    {
        "bookingid": 7759
    },
    {
        "bookingid": 14546
    },
    {
        "bookingid": 9572
    },
    {
        "bookingid": 12007
    },
    {
        "bookingid": 9701
    },
    {
        "bookingid": 10810
    },
    {
        "bookingid": 11612
    },
    {
        "bookingid": 6895
    },
    {
        "bookingid": 8901
    },
    {
        "bookingid": 2558
    },
    {
        "bookingid": 364
    },
    {
        "bookingid": 6453
    },
    {
        "bookingid": 9797
    },
    {
        "bookingid": 13147
    },
    {
        "bookingid": 7992
    },
    {
        "bookingid": 8568
    },
    {
        "bookingid": 3211
    },
    {
        "bookingid": 8898
    },
    {
        "bookingid": 12683
    },
    {
        "bookingid": 11332
    },
    {
        "bookingid": 6219
    },
    {
        "bookingid": 1309
    },
    {
        "bookingid": 8773
    },
    {
        "bookingid": 11764
    },
    {
        "bookingid": 14237
    },
    {
        "bookingid": 9650
    },
    {
        "bookingid": 7850
    },
    {
        "bookingid": 1588
    },
    {
        "bookingid": 11246
    },
    {
        "bookingid": 8846
    },
    {
        "bookingid": 2810
    },
    {
        "bookingid": 1414
    },
    {
        "bookingid": 1647
    },
    {
        "bookingid": 6869
    },
    {
        "bookingid": 3328
    },
    {
        "bookingid": 11156
    },
    {
        "bookingid": 3715
    },
    {
        "bookingid": 9845
    },
    {
        "bookingid": 12271
    },
    {
        "bookingid": 8598
    },
    {
        "bookingid": 5442
    },
    {
        "bookingid": 13546
    },
    {
        "bookingid": 10521
    },
    {
        "bookingid": 12830
    },
    {
        "bookingid": 6198
    },
    {
        "bookingid": 14029
    },
    {
        "bookingid": 8020
    },
    {
        "bookingid": 14234
    },
    {
        "bookingid": 13707
    },
    {
        "bookingid": 3444
    },
    {
        "bookingid": 8546
    },
    {
        "bookingid": 14512
    },
    {
        "bookingid": 853
    },
    {
        "bookingid": 6693
    },
    {
        "bookingid": 10731
    },
    {
        "bookingid": 5291
    },
    {
        "bookingid": 5238
    },
    {
        "bookingid": 7125
    },
    {
        "bookingid": 9281
    },
    {
        "bookingid": 1782
    },
    {
        "bookingid": 2867
    },
    {
        "bookingid": 13079
    },
    {
        "bookingid": 13296
    },
    {
        "bookingid": 14314
    },
    {
        "bookingid": 10449
    },
    {
        "bookingid": 6193
    },
    {
        "bookingid": 5346
    },
    {
        "bookingid": 9790
    },
    {
        "bookingid": 4157
    },
    {
        "bookingid": 13753
    },
    {
        "bookingid": 738
    },
    {
        "bookingid": 11548
    },
    {
        "bookingid": 8744
    },
    {
        "bookingid": 5432
    },
    {
        "bookingid": 9696
    },
    {
        "bookingid": 14709
    },
    {
        "bookingid": 1489
    },
    {
        "bookingid": 1949
    },
    {
        "bookingid": 11227
    },
    {
        "bookingid": 2766
    },
    {
        "bookingid": 1220
    },
    {
        "bookingid": 13477
    },
    {
        "bookingid": 7300
    },
    {
        "bookingid": 5074
    },
    {
        "bookingid": 4935
    },
    {
        "bookingid": 14282
    },
    {
        "bookingid": 5239
    },
    {
        "bookingid": 2012
    },
    {
        "bookingid": 1621
    },
    {
        "bookingid": 14179
    },
    {
        "bookingid": 2724
    },
    {
        "bookingid": 3753
    },
    {
        "bookingid": 8804
    },
    {
        "bookingid": 13355
    },
    {
        "bookingid": 8058
    },
    {
        "bookingid": 4138
    },
    {
        "bookingid": 11630
    },
    {
        "bookingid": 2651
    },
    {
        "bookingid": 5644
    },
    {
        "bookingid": 1434
    },
    {
        "bookingid": 11800
    },
    {
        "bookingid": 13939
    },
    {
        "bookingid": 4339
    },
    {
        "bookingid": 12751
    },
    {
        "bookingid": 11903
    },
    {
        "bookingid": 139
    },
    {
        "bookingid": 14099
    },
    {
        "bookingid": 6514
    },
    {
        "bookingid": 1820
    },
    {
        "bookingid": 10025
    },
    {
        "bookingid": 6801
    },
    {
        "bookingid": 12662
    },
    {
        "bookingid": 2948
    },
    {
        "bookingid": 9564
    },
    {
        "bookingid": 9759
    },
    {
        "bookingid": 14043
    },
    {
        "bookingid": 9224
    },
    {
        "bookingid": 107
    },
    {
        "bookingid": 4649
    },
    {
        "bookingid": 2031
    },
    {
        "bookingid": 8101
    },
    {
        "bookingid": 8081
    },
    {
        "bookingid": 14312
    },
    {
        "bookingid": 2813
    },
    {
        "bookingid": 3605
    },
    {
        "bookingid": 6628
    },
    {
        "bookingid": 6172
    },
    {
        "bookingid": 2992
    },
    {
        "bookingid": 4383
    },
    {
        "bookingid": 13018
    },
    {
        "bookingid": 8443
    },
    {
        "bookingid": 3686
    },
    {
        "bookingid": 12327
    },
    {
        "bookingid": 546
    },
    {
        "bookingid": 5227
    },
    {
        "bookingid": 8382
    },
    {
        "bookingid": 12524
    },
    {
        "bookingid": 1656
    },
    {
        "bookingid": 1318
    },
    {
        "bookingid": 6957
    },
    {
        "bookingid": 9247
    },
    {
        "bookingid": 6717
    },
    {
        "bookingid": 8462
    },
    {
        "bookingid": 2200
    },
    {
        "bookingid": 5011
    },
    {
        "bookingid": 3109
    },
    {
        "bookingid": 2570
    },
    {
        "bookingid": 3905
    },
    {
        "bookingid": 12181
    },
    {
        "bookingid": 9835
    },
    {
        "bookingid": 8801
    },
    {
        "bookingid": 10215
    },
    {
        "bookingid": 12434
    },
    {
        "bookingid": 2003
    },
    {
        "bookingid": 3146
    },
    {
        "bookingid": 7432
    },
    {
        "bookingid": 13887
    },
    {
        "bookingid": 6751
    },
    {
        "bookingid": 1445
    },
    {
        "bookingid": 1228
    },
    {
        "bookingid": 13595
    },
    {
        "bookingid": 6612
    },
    {
        "bookingid": 11440
    },
    {
        "bookingid": 7588
    },
    {
        "bookingid": 3317
    },
    {
        "bookingid": 13183
    },
    {
        "bookingid": 11786
    },
    {
        "bookingid": 12111
    },
    {
        "bookingid": 1340
    },
    {
        "bookingid": 10741
    },
    {
        "bookingid": 6164
    },
    {
        "bookingid": 4357
    },
    {
        "bookingid": 2084
    },
    {
        "bookingid": 2373
    },
    {
        "bookingid": 2459
    },
    {
        "bookingid": 4245
    },
    {
        "bookingid": 9208
    },
    {
        "bookingid": 11511
    },
    {
        "bookingid": 6299
    },
    {
        "bookingid": 4354
    },
    {
        "bookingid": 3011
    },
    {
        "bookingid": 5314
    },
    {
        "bookingid": 2634
    },
    {
        "bookingid": 2023
    },
    {
        "bookingid": 12960
    },
    {
        "bookingid": 5589
    },
    {
        "bookingid": 13919
    },
    {
        "bookingid": 1458
    },
    {
        "bookingid": 13131
    },
    {
        "bookingid": 6615
    },
    {
        "bookingid": 610
    },
    {
        "bookingid": 2357
    },
    {
        "bookingid": 2313
    },
    {
        "bookingid": 1125
    },
    {
        "bookingid": 9416
    },
    {
        "bookingid": 12883
    },
    {
        "bookingid": 12878
    },
    {
        "bookingid": 7179
    },
    {
        "bookingid": 1571
    },
    {
        "bookingid": 8912
    },
    {
        "bookingid": 5426
    },
    {
        "bookingid": 13885
    },
    {
        "bookingid": 7766
    },
    {
        "bookingid": 9123
    },
    {
        "bookingid": 1937
    },
    {
        "bookingid": 8709
    },
    {
        "bookingid": 1100
    },
    {
        "bookingid": 4949
    },
    {
        "bookingid": 3993
    },
    {
        "bookingid": 11338
    },
    {
        "bookingid": 8965
    },
    {
        "bookingid": 13383
    },
    {
        "bookingid": 4159
    },
    {
        "bookingid": 10172
    },
    {
        "bookingid": 13691
    },
    {
        "bookingid": 8285
    },
    {
        "bookingid": 5527
    },
    {
        "bookingid": 88
    },
    {
        "bookingid": 3481
    },
    {
        "bookingid": 5172
    },
    {
        "bookingid": 3973
    },
    {
        "bookingid": 3274
    },
    {
        "bookingid": 10873
    },
    {
        "bookingid": 10382
    },
    {
        "bookingid": 1418
    },
    {
        "bookingid": 2009
    },
    {
        "bookingid": 71
    },
    {
        "bookingid": 13992
    },
    {
        "bookingid": 7244
    },
    {
        "bookingid": 7591
    },
    {
        "bookingid": 618
    },
    {
        "bookingid": 5790
    },
    {
        "bookingid": 2778
    },
    {
        "bookingid": 1047
    },
    {
        "bookingid": 14149
    },
    {
        "bookingid": 5889
    },
    {
        "bookingid": 11908
    },
    {
        "bookingid": 2194
    },
    {
        "bookingid": 10898
    },
    {
        "bookingid": 1393
    },
    {
        "bookingid": 2862
    },
    {
        "bookingid": 2039
    },
    {
        "bookingid": 1401
    },
    {
        "bookingid": 11311
    },
    {
        "bookingid": 13283
    },
    {
        "bookingid": 1544
    },
    {
        "bookingid": 238
    },
    {
        "bookingid": 5676
    },
    {
        "bookingid": 13255
    },
    {
        "bookingid": 3538
    },
    {
        "bookingid": 12956
    },
    {
        "bookingid": 5942
    },
    {
        "bookingid": 12059
    },
    {
        "bookingid": 14221
    },
    {
        "bookingid": 7870
    },
    {
        "bookingid": 5825
    },
    {
        "bookingid": 6454
    },
    {
        "bookingid": 8802
    },
    {
        "bookingid": 9857
    },
    {
        "bookingid": 11295
    },
    {
        "bookingid": 10947
    },
    {
        "bookingid": 14422
    },
    {
        "bookingid": 7001
    },
    {
        "bookingid": 10033
    },
    {
        "bookingid": 11912
    },
    {
        "bookingid": 12888
    },
    {
        "bookingid": 11136
    },
    {
        "bookingid": 7022
    },
    {
        "bookingid": 11863
    },
    {
        "bookingid": 797
    },
    {
        "bookingid": 5725
    },
    {
        "bookingid": 9504
    },
    {
        "bookingid": 10263
    },
    {
        "bookingid": 8317
    },
    {
        "bookingid": 13876
    },
    {
        "bookingid": 7758
    },
    {
        "bookingid": 7254
    },
    {
        "bookingid": 919
    },
    {
        "bookingid": 3889
    },
    {
        "bookingid": 13470
    },
    {
        "bookingid": 9814
    },
    {
        "bookingid": 9490
    },
    {
        "bookingid": 8803
    },
    {
        "bookingid": 5996
    },
    {
        "bookingid": 3246
    },
    {
        "bookingid": 1112
    },
    {
        "bookingid": 1823
    },
    {
        "bookingid": 6045
    },
    {
        "bookingid": 5352
    },
    {
        "bookingid": 8576
    },
    {
        "bookingid": 9060
    },
    {
        "bookingid": 7424
    },
    {
        "bookingid": 12476
    },
    {
        "bookingid": 14871
    },
    {
        "bookingid": 10693
    },
    {
        "bookingid": 3271
    },
    {
        "bookingid": 13982
    },
    {
        "bookingid": 381
    },
    {
        "bookingid": 3037
    },
    {
        "bookingid": 7232
    },
    {
        "bookingid": 13023
    },
    {
        "bookingid": 5959
    },
    {
        "bookingid": 11042
    },
    {
        "bookingid": 1257
    },
    {
        "bookingid": 2225
    },
    {
        "bookingid": 3173
    },
    {
        "bookingid": 884
    },
    {
        "bookingid": 13332
    },
    {
        "bookingid": 14139
    },
    {
        "bookingid": 10219
    },
    {
        "bookingid": 12578
    },
    {
        "bookingid": 8180
    },
    {
        "bookingid": 8854
    },
    {
        "bookingid": 10500
    },
    {
        "bookingid": 12220
    },
    {
        "bookingid": 2323
    },
    {
        "bookingid": 5685
    },
    {
        "bookingid": 2028
    },
    {
        "bookingid": 10303
    },
    {
        "bookingid": 10415
    },
    {
        "bookingid": 12923
    },
    {
        "bookingid": 14032
    },
    {
        "bookingid": 4278
    },
    {
        "bookingid": 11401
    },
    {
        "bookingid": 1475
    },
    {
        "bookingid": 13244
    },
    {
        "bookingid": 2720
    },
    {
        "bookingid": 7862
    },
    {
        "bookingid": 8832
    },
    {
        "bookingid": 625
    },
    {
        "bookingid": 14846
    },
    {
        "bookingid": 2157
    },
    {
        "bookingid": 3664
    },
    {
        "bookingid": 6839
    },
    {
        "bookingid": 9142
    },
    {
        "bookingid": 6968
    },
    {
        "bookingid": 3388
    },
    {
        "bookingid": 7062
    },
    {
        "bookingid": 2129
    },
    {
        "bookingid": 4015
    },
    {
        "bookingid": 10986
    },
    {
        "bookingid": 818
    },
    {
        "bookingid": 10103
    },
    {
        "bookingid": 8550
    },
    {
        "bookingid": 3254
    },
    {
        "bookingid": 10598
    },
    {
        "bookingid": 7983
    },
    {
        "bookingid": 187
    },
    {
        "bookingid": 961
    },
    {
        "bookingid": 14090
    },
    {
        "bookingid": 3416
    },
    {
        "bookingid": 3900
    },
    {
        "bookingid": 6671
    },
    {
        "bookingid": 4721
    },
    {
        "bookingid": 14173
    },
    {
        "bookingid": 12829
    },
    {
        "bookingid": 2827
    },
    {
        "bookingid": 14763
    },
    {
        "bookingid": 424
    },
    {
        "bookingid": 12015
    },
    {
        "bookingid": 7035
    },
    {
        "bookingid": 13568
    },
    {
        "bookingid": 8756
    },
    {
        "bookingid": 2074
    },
    {
        "bookingid": 13349
    },
    {
        "bookingid": 5305
    },
    {
        "bookingid": 14820
    },
    {
        "bookingid": 7553
    },
    {
        "bookingid": 9760
    },
    {
        "bookingid": 10984
    },
    {
        "bookingid": 12652
    },
    {
        "bookingid": 8279
    },
    {
        "bookingid": 14071
    },
    {
        "bookingid": 2145
    },
    {
        "bookingid": 9046
    },
    {
        "bookingid": 2467
    },
    {
        "bookingid": 9475
    },
    {
        "bookingid": 10235
    },
    {
        "bookingid": 11758
    },
    {
        "bookingid": 7682
    },
    {
        "bookingid": 9061
    },
    {
        "bookingid": 6339
    },
    {
        "bookingid": 8861
    },
    {
        "bookingid": 5086
    },
    {
        "bookingid": 10735
    },
    {
        "bookingid": 10827
    },
    {
        "bookingid": 9597
    },
    {
        "bookingid": 9942
    },
    {
        "bookingid": 13740
    },
    {
        "bookingid": 3673
    },
    {
        "bookingid": 4520
    },
    {
        "bookingid": 13572
    },
    {
        "bookingid": 11479
    },
    {
        "bookingid": 5423
    },
    {
        "bookingid": 14796
    },
    {
        "bookingid": 10032
    },
    {
        "bookingid": 13809
    },
    {
        "bookingid": 2802
    },
    {
        "bookingid": 6325
    },
    {
        "bookingid": 4617
    },
    {
        "bookingid": 7017
    },
    {
        "bookingid": 14266
    },
    {
        "bookingid": 14172
    },
    {
        "bookingid": 9963
    },
    {
        "bookingid": 7110
    },
    {
        "bookingid": 943
    },
    {
        "bookingid": 5153
    },
    {
        "bookingid": 5886
    },
    {
        "bookingid": 3059
    },
    {
        "bookingid": 14378
    },
    {
        "bookingid": 12976
    },
    {
        "bookingid": 6145
    },
    {
        "bookingid": 5638
    },
    {
        "bookingid": 3489
    },
    {
        "bookingid": 5301
    },
    {
        "bookingid": 48
    },
    {
        "bookingid": 1752
    },
    {
        "bookingid": 10988
    },
    {
        "bookingid": 8211
    },
    {
        "bookingid": 7889
    },
    {
        "bookingid": 10992
    },
    {
        "bookingid": 13736
    },
    {
        "bookingid": 2844
    },
    {
        "bookingid": 1555
    },
    {
        "bookingid": 3877
    },
    {
        "bookingid": 12388
    },
    {
        "bookingid": 10854
    },
    {
        "bookingid": 11105
    },
    {
        "bookingid": 7207
    },
    {
        "bookingid": 5460
    },
    {
        "bookingid": 6611
    },
    {
        "bookingid": 11797
    },
    {
        "bookingid": 9115
    },
    {
        "bookingid": 7893
    },
    {
        "bookingid": 1860
    },
    {
        "bookingid": 1448
    },
    {
        "bookingid": 9344
    },
    {
        "bookingid": 7298
    },
    {
        "bookingid": 11991
    },
    {
        "bookingid": 12049
    },
    {
        "bookingid": 11886
    },
    {
        "bookingid": 11261
    },
    {
        "bookingid": 870
    },
    {
        "bookingid": 12539
    },
    {
        "bookingid": 11005
    },
    {
        "bookingid": 13158
    },
    {
        "bookingid": 3967
    },
    {
        "bookingid": 9749
    },
    {
        "bookingid": 12783
    },
    {
        "bookingid": 14002
    },
    {
        "bookingid": 5021
    },
    {
        "bookingid": 1992
    },
    {
        "bookingid": 2388
    },
    {
        "bookingid": 2111
    },
    {
        "bookingid": 510
    },
    {
        "bookingid": 4459
    },
    {
        "bookingid": 5237
    },
    {
        "bookingid": 5588
    },
    {
        "bookingid": 9185
    },
    {
        "bookingid": 11731
    },
    {
        "bookingid": 12555
    },
    {
        "bookingid": 12851
    },
    {
        "bookingid": 9446
    },
    {
        "bookingid": 7208
    },
    {
        "bookingid": 4267
    },
    {
        "bookingid": 8378
    },
    {
        "bookingid": 2228
    },
    {
        "bookingid": 4050
    },
    {
        "bookingid": 5104
    },
    {
        "bookingid": 12305
    },
    {
        "bookingid": 13076
    },
    {
        "bookingid": 3083
    },
    {
        "bookingid": 6927
    },
    {
        "bookingid": 13764
    },
    {
        "bookingid": 605
    },
    {
        "bookingid": 14477
    },
    {
        "bookingid": 12943
    },
    {
        "bookingid": 8398
    },
    {
        "bookingid": 7009
    },
    {
        "bookingid": 10311
    },
    {
        "bookingid": 11469
    },
    {
        "bookingid": 636
    },
    {
        "bookingid": 2619
    },
    {
        "bookingid": 12506
    },
    {
        "bookingid": 9129
    },
    {
        "bookingid": 8234
    },
    {
        "bookingid": 1979
    },
    {
        "bookingid": 9663
    },
    {
        "bookingid": 11547
    },
    {
        "bookingid": 7873
    },
    {
        "bookingid": 1224
    },
    {
        "bookingid": 3301
    },
    {
        "bookingid": 6335
    },
    {
        "bookingid": 11284
    },
    {
        "bookingid": 3066
    },
    {
        "bookingid": 7037
    },
    {
        "bookingid": 1137
    },
    {
        "bookingid": 1549
    },
    {
        "bookingid": 10184
    },
    {
        "bookingid": 2568
    },
    {
        "bookingid": 12416
    },
    {
        "bookingid": 5405
    },
    {
        "bookingid": 396
    },
    {
        "bookingid": 6116
    },
    {
        "bookingid": 8306
    },
    {
        "bookingid": 9037
    },
    {
        "bookingid": 11197
    },
    {
        "bookingid": 14783
    },
    {
        "bookingid": 5903
    },
    {
        "bookingid": 1000
    },
    {
        "bookingid": 9761
    },
    {
        "bookingid": 11389
    },
    {
        "bookingid": 5961
    },
    {
        "bookingid": 8151
    },
    {
        "bookingid": 2847
    },
    {
        "bookingid": 4957
    },
    {
        "bookingid": 12906
    },
    {
        "bookingid": 12609
    },
    {
        "bookingid": 11125
    },
    {
        "bookingid": 5350
    },
    {
        "bookingid": 12932
    },
    {
        "bookingid": 4859
    },
    {
        "bookingid": 12580
    },
    {
        "bookingid": 6845
    },
    {
        "bookingid": 9589
    },
    {
        "bookingid": 4578
    },
    {
        "bookingid": 2396
    },
    {
        "bookingid": 5252
    },
    {
        "bookingid": 11867
    },
    {
        "bookingid": 9368
    },
    {
        "bookingid": 9850
    },
    {
        "bookingid": 11784
    },
    {
        "bookingid": 3291
    },
    {
        "bookingid": 6389
    },
    {
        "bookingid": 12648
    },
    {
        "bookingid": 8131
    },
    {
        "bookingid": 9003
    },
    {
        "bookingid": 12230
    },
    {
        "bookingid": 13398
    },
    {
        "bookingid": 289
    },
    {
        "bookingid": 5386
    },
    {
        "bookingid": 1392
    },
    {
        "bookingid": 4131
    },
    {
        "bookingid": 2783
    },
    {
        "bookingid": 5918
    },
    {
        "bookingid": 10874
    },
    {
        "bookingid": 5681
    },
    {
        "bookingid": 6675
    },
    {
        "bookingid": 13508
    },
    {
        "bookingid": 13465
    },
    {
        "bookingid": 7450
    },
    {
        "bookingid": 8783
    },
    {
        "bookingid": 10292
    },
    {
        "bookingid": 3474
    },
    {
        "bookingid": 6038
    },
    {
        "bookingid": 2822
    },
    {
        "bookingid": 5062
    },
    {
        "bookingid": 3692
    },
    {
        "bookingid": 10819
    },
    {
        "bookingid": 782
    },
    {
        "bookingid": 10374
    },
    {
        "bookingid": 458
    },
    {
        "bookingid": 6834
    },
    {
        "bookingid": 3644
    },
    {
        "bookingid": 14482
    },
    {
        "bookingid": 1964
    },
    {
        "bookingid": 14789
    },
    {
        "bookingid": 8673
    },
    {
        "bookingid": 6521
    },
    {
        "bookingid": 8330
    },
    {
        "bookingid": 11092
    },
    {
        "bookingid": 12222
    },
    {
        "bookingid": 4782
    },
    {
        "bookingid": 4074
    },
    {
        "bookingid": 2587
    },
    {
        "bookingid": 13421
    },
    {
        "bookingid": 10371
    },
    {
        "bookingid": 14434
    },
    {
        "bookingid": 12300
    },
    {
        "bookingid": 3256
    },
    {
        "bookingid": 12004
    },
    {
        "bookingid": 2986
    },
    {
        "bookingid": 7550
    },
    {
        "bookingid": 14419
    },
    {
        "bookingid": 7380
    },
    {
        "bookingid": 12372
    },
    {
        "bookingid": 7613
    },
    {
        "bookingid": 863
    },
    {
        "bookingid": 6523
    },
    {
        "bookingid": 3233
    },
    {
        "bookingid": 446
    },
    {
        "bookingid": 5757
    },
    {
        "bookingid": 3172
    },
    {
        "bookingid": 13796
    },
    {
        "bookingid": 12024
    },
    {
        "bookingid": 6682
    },
    {
        "bookingid": 9234
    },
    {
        "bookingid": 14227
    },
    {
        "bookingid": 9503
    },
    {
        "bookingid": 11411
    },
    {
        "bookingid": 6041
    },
    {
        "bookingid": 4944
    },
    {
        "bookingid": 3685
    },
    {
        "bookingid": 4756
    },
    {
        "bookingid": 8844
    },
    {
        "bookingid": 286
    },
    {
        "bookingid": 2529
    },
    {
        "bookingid": 10512
    },
    {
        "bookingid": 13193
    },
    {
        "bookingid": 4609
    },
    {
        "bookingid": 3347
    },
    {
        "bookingid": 11552
    },
    {
        "bookingid": 9251
    },
    {
        "bookingid": 6479
    },
    {
        "bookingid": 3931
    },
    {
        "bookingid": 5599
    },
    {
        "bookingid": 1134
    },
    {
        "bookingid": 14262
    },
    {
        "bookingid": 3466
    },
    {
        "bookingid": 11424
    },
    {
        "bookingid": 7560
    },
    {
        "bookingid": 10256
    },
    {
        "bookingid": 14734
    },
    {
        "bookingid": 1114
    },
    {
        "bookingid": 5846
    },
    {
        "bookingid": 11959
    },
    {
        "bookingid": 8301
    },
    {
        "bookingid": 10330
    },
    {
        "bookingid": 7946
    },
    {
        "bookingid": 6632
    },
    {
        "bookingid": 2411
    },
    {
        "bookingid": 3857
    },
    {
        "bookingid": 8911
    },
    {
        "bookingid": 10387
    },
    {
        "bookingid": 9261
    },
    {
        "bookingid": 9463
    },
    {
        "bookingid": 11623
    },
    {
        "bookingid": 6109
    },
    {
        "bookingid": 3986
    },
    {
        "bookingid": 1634
    },
    {
        "bookingid": 8588
    },
    {
        "bookingid": 649
    },
    {
        "bookingid": 225
    },
    {
        "bookingid": 3149
    },
    {
        "bookingid": 8688
    },
    {
        "bookingid": 1381
    },
    {
        "bookingid": 8328
    },
    {
        "bookingid": 5560
    },
    {
        "bookingid": 55
    },
    {
        "bookingid": 12289
    },
    {
        "bookingid": 13543
    },
    {
        "bookingid": 13765
    },
    {
        "bookingid": 3014
    },
    {
        "bookingid": 9943
    },
    {
        "bookingid": 3949
    },
    {
        "bookingid": 687
    },
    {
        "bookingid": 2
    },
    {
        "bookingid": 1164
    },
    {
        "bookingid": 9626
    },
    {
        "bookingid": 11898
    },
    {
        "bookingid": 6085
    },
    {
        "bookingid": 999
    },
    {
        "bookingid": 6525
    },
    {
        "bookingid": 13397
    },
    {
        "bookingid": 8481
    },
    {
        "bookingid": 14255
    },
    {
        "bookingid": 5201
    },
    {
        "bookingid": 13670
    },
    {
        "bookingid": 2148
    },
    {
        "bookingid": 12269
    },
    {
        "bookingid": 3569
    },
    {
        "bookingid": 8451
    },
    {
        "bookingid": 104
    },
    {
        "bookingid": 11564
    },
    {
        "bookingid": 9697
    },
    {
        "bookingid": 925
    },
    {
        "bookingid": 10317
    },
    {
        "bookingid": 9374
    },
    {
        "bookingid": 10494
    },
    {
        "bookingid": 3589
    },
    {
        "bookingid": 3050
    },
    {
        "bookingid": 1308
    },
    {
        "bookingid": 9423
    },
    {
        "bookingid": 9485
    },
    {
        "bookingid": 7326
    },
    {
        "bookingid": 9610
    },
    {
        "bookingid": 7742
    },
    {
        "bookingid": 8337
    },
    {
        "bookingid": 4261
    },
    {
        "bookingid": 7636
    },
    {
        "bookingid": 13240
    },
    {
        "bookingid": 2950
    },
    {
        "bookingid": 6466
    },
    {
        "bookingid": 13299
    },
    {
        "bookingid": 12448
    },
    {
        "bookingid": 13323
    },
    {
        "bookingid": 291
    },
    {
        "bookingid": 7908
    },
    {
        "bookingid": 13199
    },
    {
        "bookingid": 7225
    },
    {
        "bookingid": 4000
    },
    {
        "bookingid": 5273
    },
    {
        "bookingid": 12262
    },
    {
        "bookingid": 526
    },
    {
        "bookingid": 2646
    },
    {
        "bookingid": 1239
    },
    {
        "bookingid": 3795
    },
    {
        "bookingid": 6472
    },
    {
        "bookingid": 12821
    },
    {
        "bookingid": 2605
    },
    {
        "bookingid": 10450
    },
    {
        "bookingid": 3842
    },
    {
        "bookingid": 4573
    },
    {
        "bookingid": 13565
    },
    {
        "bookingid": 3583
    },
    {
        "bookingid": 11480
    },
    {
        "bookingid": 10466
    },
    {
        "bookingid": 12817
    },
    {
        "bookingid": 2233
    },
    {
        "bookingid": 1452
    },
    {
        "bookingid": 12006
    },
    {
        "bookingid": 2984
    },
    {
        "bookingid": 4203
    },
    {
        "bookingid": 1095
    },
    {
        "bookingid": 51
    },
    {
        "bookingid": 11053
    },
    {
        "bookingid": 12740
    },
    {
        "bookingid": 13210
    },
    {
        "bookingid": 8972
    },
    {
        "bookingid": 3238
    },
    {
        "bookingid": 1101
    },
    {
        "bookingid": 2906
    },
    {
        "bookingid": 14867
    },
    {
        "bookingid": 7744
    },
    {
        "bookingid": 3756
    },
    {
        "bookingid": 1612
    },
    {
        "bookingid": 3479
    },
    {
        "bookingid": 1171
    },
    {
        "bookingid": 9329
    },
    {
        "bookingid": 4190
    },
    {
        "bookingid": 12241
    },
    {
        "bookingid": 5293
    },
    {
        "bookingid": 9737
    },
    {
        "bookingid": 13052
    },
    {
        "bookingid": 4950
    },
    {
        "bookingid": 5453
    },
    {
        "bookingid": 12293
    },
    {
        "bookingid": 6341
    },
    {
        "bookingid": 9494
    },
    {
        "bookingid": 1476
    },
    {
        "bookingid": 12240
    },
    {
        "bookingid": 12743
    },
    {
        "bookingid": 10835
    },
    {
        "bookingid": 11196
    },
    {
        "bookingid": 7584
    },
    {
        "bookingid": 10559
    },
    {
        "bookingid": 14724
    },
    {
        "bookingid": 2369
    },
    {
        "bookingid": 3487
    },
    {
        "bookingid": 8469
    },
    {
        "bookingid": 8226
    },
    {
        "bookingid": 4540
    },
    {
        "bookingid": 9793
    },
    {
        "bookingid": 3290
    },
    {
        "bookingid": 11000
    },
    {
        "bookingid": 13016
    },
    {
        "bookingid": 8812
    },
    {
        "bookingid": 12698
    },
    {
        "bookingid": 5472
    },
    {
        "bookingid": 7805
    },
    {
        "bookingid": 12127
    },
    {
        "bookingid": 7762
    },
    {
        "bookingid": 5674
    },
    {
        "bookingid": 13807
    },
    {
        "bookingid": 2395
    },
    {
        "bookingid": 2938
    },
    {
        "bookingid": 12048
    },
    {
        "bookingid": 1583
    },
    {
        "bookingid": 8581
    },
    {
        "bookingid": 5859
    },
    {
        "bookingid": 14747
    },
    {
        "bookingid": 8018
    },
    {
        "bookingid": 3300
    },
    {
        "bookingid": 4728
    },
    {
        "bookingid": 8589
    },
    {
        "bookingid": 10870
    },
    {
        "bookingid": 1733
    },
    {
        "bookingid": 9775
    },
    {
        "bookingid": 3633
    },
    {
        "bookingid": 3526
    },
    {
        "bookingid": 5370
    },
    {
        "bookingid": 10931
    },
    {
        "bookingid": 11248
    },
    {
        "bookingid": 1560
    },
    {
        "bookingid": 9
    },
    {
        "bookingid": 1205
    },
    {
        "bookingid": 3921
    },
    {
        "bookingid": 13165
    },
    {
        "bookingid": 4492
    },
    {
        "bookingid": 5555
    },
    {
        "bookingid": 2095
    },
    {
        "bookingid": 6649
    },
    {
        "bookingid": 963
    },
    {
        "bookingid": 3859
    },
    {
        "bookingid": 12944
    },
    {
        "bookingid": 2900
    },
    {
        "bookingid": 8599
    },
    {
        "bookingid": 8097
    },
    {
        "bookingid": 7161
    },
    {
        "bookingid": 224
    },
    {
        "bookingid": 7221
    },
    {
        "bookingid": 13634
    },
    {
        "bookingid": 3160
    },
    {
        "bookingid": 10476
    },
    {
        "bookingid": 794
    },
    {
        "bookingid": 7151
    },
    {
        "bookingid": 7512
    },
    {
        "bookingid": 14662
    },
    {
        "bookingid": 10700
    },
    {
        "bookingid": 983
    },
    {
        "bookingid": 4389
    },
    {
        "bookingid": 2779
    },
    {
        "bookingid": 1464
    },
    {
        "bookingid": 8135
    },
    {
        "bookingid": 6593
    },
    {
        "bookingid": 5165
    },
    {
        "bookingid": 5923
    },
    {
        "bookingid": 2565
    },
    {
        "bookingid": 4219
    },
    {
        "bookingid": 7101
    },
    {
        "bookingid": 14024
    },
    {
        "bookingid": 2268
    },
    {
        "bookingid": 10995
    },
    {
        "bookingid": 8082
    },
    {
        "bookingid": 11615
    },
    {
        "bookingid": 6979
    },
    {
        "bookingid": 5055
    },
    {
        "bookingid": 7610
    },
    {
        "bookingid": 9264
    },
    {
        "bookingid": 2183
    },
    {
        "bookingid": 8168
    },
    {
        "bookingid": 1097
    },
    {
        "bookingid": 4176
    },
    {
        "bookingid": 62
    },
    {
        "bookingid": 2796
    },
    {
        "bookingid": 14257
    },
    {
        "bookingid": 3776
    },
    {
        "bookingid": 166
    },
    {
        "bookingid": 1977
    },
    {
        "bookingid": 14122
    },
    {
        "bookingid": 4355
    },
    {
        "bookingid": 9529
    },
    {
        "bookingid": 13479
    },
    {
        "bookingid": 10129
    },
    {
        "bookingid": 2463
    },
    {
        "bookingid": 2094
    },
    {
        "bookingid": 9860
    },
    {
        "bookingid": 5892
    },
    {
        "bookingid": 14430
    },
    {
        "bookingid": 2898
    },
    {
        "bookingid": 11304
    },
    {
        "bookingid": 7652
    },
    {
        "bookingid": 5450
    },
    {
        "bookingid": 3862
    },
    {
        "bookingid": 12549
    },
    {
        "bookingid": 5739
    },
    {
        "bookingid": 9026
    },
    {
        "bookingid": 6031
    },
    {
        "bookingid": 10210
    },
    {
        "bookingid": 14137
    },
    {
        "bookingid": 10941
    },
    {
        "bookingid": 4276
    },
    {
        "bookingid": 6282
    },
    {
        "bookingid": 12600
    },
    {
        "bookingid": 7679
    },
    {
        "bookingid": 8414
    },
    {
        "bookingid": 901
    },
    {
        "bookingid": 2866
    },
    {
        "bookingid": 1338
    },
    {
        "bookingid": 5650
    },
    {
        "bookingid": 4840
    },
    {
        "bookingid": 8319
    },
    {
        "bookingid": 2296
    },
    {
        "bookingid": 11081
    },
    {
        "bookingid": 9157
    },
    {
        "bookingid": 1204
    },
    {
        "bookingid": 4095
    },
    {
        "bookingid": 9370
    },
    {
        "bookingid": 7828
    },
    {
        "bookingid": 12631
    },
    {
        "bookingid": 12697
    },
    {
        "bookingid": 12870
    },
    {
        "bookingid": 8793
    },
    {
        "bookingid": 8922
    },
    {
        "bookingid": 6163
    },
    {
        "bookingid": 4595
    },
    {
        "bookingid": 11562
    },
    {
        "bookingid": 1031
    },
    {
        "bookingid": 11290
    },
    {
        "bookingid": 1161
    },
    {
        "bookingid": 7109
    },
    {
        "bookingid": 5065
    },
    {
        "bookingid": 14755
    },
    {
        "bookingid": 10316
    },
    {
        "bookingid": 2885
    },
    {
        "bookingid": 1498
    },
    {
        "bookingid": 8087
    },
    {
        "bookingid": 5385
    },
    {
        "bookingid": 12154
    },
    {
        "bookingid": 9585
    },
    {
        "bookingid": 11719
    },
    {
        "bookingid": 14259
    },
    {
        "bookingid": 13176
    },
    {
        "bookingid": 1963
    },
    {
        "bookingid": 12816
    },
    {
        "bookingid": 12113
    },
    {
        "bookingid": 9532
    },
    {
        "bookingid": 5244
    },
    {
        "bookingid": 2173
    },
    {
        "bookingid": 1627
    },
    {
        "bookingid": 9887
    },
    {
        "bookingid": 7442
    },
    {
        "bookingid": 8492
    },
    {
        "bookingid": 3748
    },
    {
        "bookingid": 9065
    },
    {
        "bookingid": 13623
    },
    {
        "bookingid": 2958
    },
    {
        "bookingid": 7568
    },
    {
        "bookingid": 1565
    },
    {
        "bookingid": 7342
    },
    {
        "bookingid": 14573
    },
    {
        "bookingid": 5822
    },
    {
        "bookingid": 9966
    },
    {
        "bookingid": 5116
    },
    {
        "bookingid": 3259
    },
    {
        "bookingid": 8932
    },
    {
        "bookingid": 1180
    },
    {
        "bookingid": 9928
    },
    {
        "bookingid": 11679
    },
    {
        "bookingid": 12800
    },
    {
        "bookingid": 11441
    },
    {
        "bookingid": 4036
    },
    {
        "bookingid": 12428
    },
    {
        "bookingid": 6532
    },
    {
        "bookingid": 11992
    },
    {
        "bookingid": 10869
    },
    {
        "bookingid": 14167
    },
    {
        "bookingid": 13534
    },
    {
        "bookingid": 11743
    },
    {
        "bookingid": 2484
    },
    {
        "bookingid": 8841
    },
    {
        "bookingid": 3543
    },
    {
        "bookingid": 5182
    },
    {
        "bookingid": 5193
    },
    {
        "bookingid": 7476
    },
    {
        "bookingid": 8120
    },
    {
        "bookingid": 271
    },
    {
        "bookingid": 11563
    },
    {
        "bookingid": 12287
    },
    {
        "bookingid": 7387
    },
    {
        "bookingid": 44
    },
    {
        "bookingid": 6997
    },
    {
        "bookingid": 4683
    },
    {
        "bookingid": 6852
    },
    {
        "bookingid": 3255
    },
    {
        "bookingid": 906
    },
    {
        "bookingid": 1462
    },
    {
        "bookingid": 1718
    },
    {
        "bookingid": 4038
    },
    {
        "bookingid": 6228
    },
    {
        "bookingid": 12733
    },
    {
        "bookingid": 8088
    },
    {
        "bookingid": 2120
    },
    {
        "bookingid": 3632
    },
    {
        "bookingid": 14801
    },
    {
        "bookingid": 5742
    },
    {
        "bookingid": 7175
    },
    {
        "bookingid": 1303
    },
    {
        "bookingid": 6668
    },
    {
        "bookingid": 3310
    },
    {
        "bookingid": 10390
    },
    {
        "bookingid": 14671
    },
    {
        "bookingid": 628
    },
    {
        "bookingid": 697
    },
    {
        "bookingid": 14017
    },
    {
        "bookingid": 2007
    },
    {
        "bookingid": 12461
    },
    {
        "bookingid": 1935
    },
    {
        "bookingid": 627
    },
    {
        "bookingid": 3937
    },
    {
        "bookingid": 2181
    },
    {
        "bookingid": 5988
    },
    {
        "bookingid": 9482
    },
    {
        "bookingid": 4431
    },
    {
        "bookingid": 2269
    },
    {
        "bookingid": 7186
    },
    {
        "bookingid": 14254
    },
    {
        "bookingid": 4800
    },
    {
        "bookingid": 14465
    },
    {
        "bookingid": 4737
    },
    {
        "bookingid": 867
    },
    {
        "bookingid": 4335
    },
    {
        "bookingid": 1941
    },
    {
        "bookingid": 2764
    },
    {
        "bookingid": 2072
    },
    {
        "bookingid": 9586
    },
    {
        "bookingid": 6566
    },
    {
        "bookingid": 6976
    },
    {
        "bookingid": 7630
    },
    {
        "bookingid": 12533
    },
    {
        "bookingid": 1270
    },
    {
        "bookingid": 2264
    },
    {
        "bookingid": 1833
    },
    {
        "bookingid": 7178
    },
    {
        "bookingid": 11326
    },
    {
        "bookingid": 12084
    },
    {
        "bookingid": 9038
    },
    {
        "bookingid": 2245
    },
    {
        "bookingid": 11596
    },
    {
        "bookingid": 6201
    },
    {
        "bookingid": 2662
    },
    {
        "bookingid": 4710
    },
    {
        "bookingid": 14141
    },
    {
        "bookingid": 14824
    },
    {
        "bookingid": 6447
    },
    {
        "bookingid": 14822
    },
    {
        "bookingid": 4067
    },
    {
        "bookingid": 11410
    },
    {
        "bookingid": 13189
    },
    {
        "bookingid": 7926
    },
    {
        "bookingid": 4001
    },
    {
        "bookingid": 5680
    },
    {
        "bookingid": 7455
    },
    {
        "bookingid": 4749
    },
    {
        "bookingid": 11224
    },
    {
[...]
    },
    {
        "bookingid": 14440
    },
    {
        "bookingid": 10320
    },
    {
        "bookingid": 1721
    },
    {
        "bookingid": 6760
    },
    {
        "bookingid": 14171
    },
    {
        "bookingid": 2221
    },
    {
        "bookingid": 10106
    },
    {
        "bookingid": 9712
    },
    {
        "bookingid": 12128
    },
    {
        "bookingid": 2466
    },
    {
        "bookingid": 7960
    },
    {
        "bookingid": 3974
    },
    {
        "bookingid": 8630
    },
    {
        "bookingid": 1252
    },
    {
        "bookingid": 9521
    },
    {
        "bookingid": 2413
    },
    {
        "bookingid": 5469
    },
    {
        "bookingid": 1245
    },
    {
        "bookingid": 1316
    },
    {
        "bookingid": 5973
    },
    {
        "bookingid": 8510
    },
    {
        "bookingid": 2383
    },
    {
        "bookingid": 2489
    },
    {
        "bookingid": 8164
    },
    {
        "bookingid": 10607
    },
    {
        "bookingid": 89
    },
    {
        "bookingid": 12571
    },
    {
        "bookingid": 9086
    },
    {
        "bookingid": 13608
    },
    {
        "bookingid": 3062
    },
    {
        "bookingid": 14503
    },
    {
        "bookingid": 10695
    },
    {
        "bookingid": 4304
    },
    {
        "bookingid": 63
    },
    {
        "bookingid": 11214
    },
    {
        "bookingid": 12255
    },
    {
        "bookingid": 12857
    },
    {
        "bookingid": 8361
    },
    {
        "bookingid": 13494
    },
    {
        "bookingid": 575
    },
    {
        "bookingid": 14786
    },
    {
        "bookingid": 2353
    },
    {
        "bookingid": 9515
    },
    {
        "bookingid": 11697
    },
    {
        "bookingid": 4645
    },
    {
        "bookingid": 1909
    },
    {
        "bookingid": 10175
    },
    {
        "bookingid": 2917
    },
    {
        "bookingid": 11632
    },
    {
        "bookingid": 3786
    },
    {
        "bookingid": 3135
    },
    {
        "bookingid": 3330
    },
    {
        "bookingid": 10155
    },
    {
        "bookingid": 10654
    },
    {
        "bookingid": 4277
    },
    {
        "bookingid": 10277
    },
    {
        "bookingid": 2158
    },
    {
        "bookingid": 14031
    },
    {
        "bookingid": 14799
    },
    {
        "bookingid": 1994
    },
    {
        "bookingid": 1533
    },
    {
        "bookingid": 11875
    },
    {
        "bookingid": 13664
    },
    {
        "bookingid": 4790
    },
    {
        "bookingid": 7853
    },
    {
        "bookingid": 8463
    },
    {
        "bookingid": 7935
    },
    {
        "bookingid": 1409
    },
    {
        "bookingid": 14741
    },
    {
        "bookingid": 9519
    },
    {
        "bookingid": 1870
    },
    {
        "bookingid": 12528
    },
    {
        "bookingid": 2010
    },
    {
        "bookingid": 13979
    },
    {
        "bookingid": 10686
    },
    {
        "bookingid": 11169
    },
    {
        "bookingid": 13045
    },
    {
        "bookingid": 12124
    },
    {
        "bookingid": 137
    },
    {
        "bookingid": 11373
    },
    {
        "bookingid": 6641
    },
    {
        "bookingid": 10040
    },
    {
        "bookingid": 2479
    },
    {
        "bookingid": 435
    },
    {
        "bookingid": 13943
    },
    {
        "bookingid": 12799
    },
    {
        "bookingid": 9498
    },
    {
        "bookingid": 7549
    },
    {
        "bookingid": 3850
    },
    {
        "bookingid": 7685
    },
    {
        "bookingid": 2046
    },
    {
        "bookingid": 233
    },
    {
        "bookingid": 3091
    },
    {
        "bookingid": 3485
    },
    {
        "bookingid": 12264
    },
    {
        "bookingid": 7932
    },
    {
        "bookingid": 13518
    },
    {
        "bookingid": 5351
    },
    {
        "bookingid": 11493
    },
    {
        "bookingid": 3834
    },
    {
        "bookingid": 14297
    },
    {
        "bookingid": 5209
    },
    {
        "bookingid": 9604
    },
    {
        "bookingid": 13984
    },
    {
        "bookingid": 4111
    },
    {
        "bookingid": 5247
    },
    {
        "bookingid": 4607
    },
    {
        "bookingid": 10073
    },
    {
        "bookingid": 10631
    },
    {
        "bookingid": 12472
    },
    {
        "bookingid": 2424
    },
    {
        "bookingid": 11537
    },
    {
        "bookingid": 6804
    },
    {
        "bookingid": 9655
    },
    {
        "bookingid": 11732
    },
    {
        "bookingid": 8465
    },
    {
        "bookingid": 8456
    },
    {
        "bookingid": 1762
    },
    {
        "bookingid": 9467
    },
    {
        "bookingid": 1287
    },
    {
        "bookingid": 3040
    },
    {
        "bookingid": 5428
    },
    {
        "bookingid": 4896
    },
    {
        "bookingid": 1590
    },
    {
        "bookingid": 5653
    },
    {
        "bookingid": 8159
    },
    {
        "bookingid": 3338
    },
    {
        "bookingid": 14212
    },
    {
        "bookingid": 8629
    },
    {
        "bookingid": 2596
    },
    {
        "bookingid": 8183
    },
    {
        "bookingid": 8590
    },
    {
        "bookingid": 8698
    },
    {
        "bookingid": 13213
    },
    {
        "bookingid": 12771
    },
    {
        "bookingid": 5302
    },
    {
        "bookingid": 9372
    },
    {
        "bookingid": 798
    },
    {
        "bookingid": 10085
    },
    {
        "bookingid": 889
    },
    {
        "bookingid": 1838
    },
    {
        "bookingid": 3044
    },
    {
        "bookingid": 3140
    },
    {
        "bookingid": 6473
    },
    {
        "bookingid": 5935
    },
    {
        "bookingid": 373
    },
    {
        "bookingid": 4306
    },
    {
        "bookingid": 10588
    },
    {
        "bookingid": 9218
    },
    {
        "bookingid": 5168
    },
    {
        "bookingid": 8395
    },
    {
        "bookingid": 11955
    },
    {
        "bookingid": 2955
    },
    {
        "bookingid": 1274
    },
    {
        "bookingid": 6913
    },
    {
        "bookingid": 9242
    },
    {
        "bookingid": 1538
    },
    {
        "bookingid": 8426
    },
    {
        "bookingid": 9830
    },
    {
        "bookingid": 6051
    },
    {
        "bookingid": 1059
    },
    {
        "bookingid": 4626
    },
    {
        "bookingid": 1991
    },
    {
        "bookingid": 9136
    },
    {
        "bookingid": 3840
    },
    {
        "bookingid": 12039
    },
    {
        "bookingid": 5514
    },
    {
        "bookingid": 6795
    },
    {
        "bookingid": 14345
    },
    {
        "bookingid": 11999
    },
    {
        "bookingid": 5126
    },
    {
        "bookingid": 4487
    },
    {
        "bookingid": 6893
    },
    {
        "bookingid": 12527
    },
    {
        "bookingid": 11481
    },
    {
        "bookingid": 13362
    },
    {
        "bookingid": 5002
    },
    {
        "bookingid": 13931
    },
    {
        "bookingid": 8336
    },
    {
        "bookingid": 12310
    },
    {
        "bookingid": 11340
    },
    {
        "bookingid": 64
    },
    {
        "bookingid": 1705
    },
    {
        "bookingid": 1713
    },
    {
        "bookingid": 11429
    },
    {
        "bookingid": 12951
    },
    {
        "bookingid": 5006
    },
    {
        "bookingid": 7356
    },
    {
        "bookingid": 3863
    },
    {
        "bookingid": 1818
    },
    {
        "bookingid": 3010
    },
    {
        "bookingid": 1845
    },
    {
        "bookingid": 9471
    },
    {
        "bookingid": 6058
    },
    {
        "bookingid": 1680
    },
    {
        "bookingid": 8833
    },
    {
        "bookingid": 10687
    },
    {
        "bookingid": 8357
    },
    {
        "bookingid": 3886
    },
    {
        "bookingid": 5219
    },
    {
        "bookingid": 3914
    },
    {
        "bookingid": 8981
    },
    {
        "bookingid": 1562
    },
    {
        "bookingid": 6428
    },
    {
        "bookingid": 1465
    },
    {
        "bookingid": 2591
    },
    {
        "bookingid": 7753
    },
    {
        "bookingid": 14078
    },
    {
        "bookingid": 6439
    },
    {
        "bookingid": 1703
    },
    {
        "bookingid": 14197
    },
    {
        "bookingid": 2690
    },
    {
        "bookingid": 13832
    },
    {
        "bookingid": 11341
    },
    {
        "bookingid": 4279
    },
    {
        "bookingid": 3620
    },
    {
        "bookingid": 5950
    },
    {
        "bookingid": 3833
    },
    {
        "bookingid": 2496
    },
    {
        "bookingid": 7133
    },
    {
        "bookingid": 6362
    },
    {
        "bookingid": 14772
    },
    {
        "bookingid": 3351
    },
    {
        "bookingid": 7941
    },
    {
        "bookingid": 45
    },
    {
        "bookingid": 10338
    },
    {
        "bookingid": 13004
    },
    {
        "bookingid": 12439
    },
    {
        "bookingid": 7485
    },
    {
        "bookingid": 9659
    },
    {
        "bookingid": 6974
    },
    {
        "bookingid": 8460
    },
    {
        "bookingid": 3892
    },
    {
        "bookingid": 12267
    },
    {
        "bookingid": 13576
    },
    {
        "bookingid": 1058
    },
    {
        "bookingid": 12925
    },
    {
        "bookingid": 9299
    },
    {
        "bookingid": 3726
    },
    {
        "bookingid": 13852
    },
    {
        "bookingid": 14445
    },
    {
        "bookingid": 7579
    },
    {
        "bookingid": 12823
    },
    {
        "bookingid": 8897
    }
]
]]></system-out>
  </testcase>
  <testcase name="testWithId" classname="HomeTest" time="0.802">
    <failure message="1 expectation failed.&#10;JSON path firstname doesn&apos;t match.&#10;Expected: Josh&#10;  Actual: User 9062&#10;" type="java.lang.AssertionError"><![CDATA[java.lang.AssertionError: 
1 expectation failed.
JSON path firstname doesn't match.
Expected: Josh
  Actual: User 9062

	at java.base/jdk.internal.reflect.NativeConstructorAccessorImpl.newInstance0(Native Method)
	at java.base/jdk.internal.reflect.NativeConstructorAccessorImpl.newInstance(NativeConstructorAccessorImpl.java:62)
	at java.base/jdk.internal.reflect.DelegatingConstructorAccessorImpl.newInstance(DelegatingConstructorAccessorImpl.java:45)
	at java.base/java.lang.reflect.Constructor.newInstance(Constructor.java:490)
	at org.codehaus.groovy.reflection.CachedConstructor.invoke(CachedConstructor.java:73)
	at org.codehaus.groovy.reflection.CachedConstructor.doConstructorInvoke(CachedConstructor.java:60)
	at org.codehaus.groovy.runtime.callsite.ConstructorSite$ConstructorSiteNoUnwrap.callConstructor(ConstructorSite.java:86)
	at org.codehaus.groovy.runtime.callsite.AbstractCallSite.callConstructor(AbstractCallSite.java:277)
	at io.restassured.internal.ResponseSpecificationImpl$HamcrestAssertionClosure.validate(ResponseSpecificationImpl.groovy:512)
	at io.restassured.internal.ResponseSpecificationImpl$HamcrestAssertionClosure$validate$1.call(Unknown Source)
	at io.restassured.internal.ResponseSpecificationImpl.validateResponseIfRequired(ResponseSpecificationImpl.groovy:696)
	at io.restassured.internal.ResponseSpecificationImpl.this$2$validateResponseIfRequired(ResponseSpecificationImpl.groovy)
	at jdk.internal.reflect.GeneratedMethodAccessor42.invoke(Unknown Source)
	at java.base/jdk.internal.reflect.DelegatingMethodAccessorImpl.invoke(DelegatingMethodAccessorImpl.java:43)
	at java.base/java.lang.reflect.Method.invoke(Method.java:566)
	at org.codehaus.groovy.runtime.callsite.PlainObjectMetaMethodSite.doInvoke(PlainObjectMetaMethodSite.java:43)
	at org.codehaus.groovy.runtime.callsite.PogoMetaMethodSite$PogoCachedMethodSiteNoUnwrapNoCoerce.invoke(PogoMetaMethodSite.java:198)
	at org.codehaus.groovy.runtime.callsite.PogoMetaMethodSite.callCurrent(PogoMetaMethodSite.java:62)
	at org.codehaus.groovy.runtime.callsite.AbstractCallSite.callCurrent(AbstractCallSite.java:185)
	at io.restassured.internal.ResponseSpecificationImpl.body(ResponseSpecificationImpl.groovy:270)
	at io.restassured.specification.ResponseSpecification$body$1.callCurrent(Unknown Source)
	at io.restassured.internal.ResponseSpecificationImpl.body(ResponseSpecificationImpl.groovy:117)
	at io.restassured.internal.ValidatableResponseOptionsImpl.body(ValidatableResponseOptionsImpl.java:244)
	at HomeTest.testWithId(HomeTest.java:47)
	at java.base/jdk.internal.reflect.NativeMethodAccessorImpl.invoke0(Native Method)
	at java.base/jdk.internal.reflect.NativeMethodAccessorImpl.invoke(NativeMethodAccessorImpl.java:62)
	at java.base/jdk.internal.reflect.DelegatingMethodAccessorImpl.invoke(DelegatingMethodAccessorImpl.java:43)
	at java.base/java.lang.reflect.Method.invoke(Method.java:566)
	at org.junit.platform.commons.util.ReflectionUtils.invokeMethod(ReflectionUtils.java:728)
	at org.junit.jupiter.engine.execution.MethodInvocation.proceed(MethodInvocation.java:60)
	at org.junit.jupiter.engine.execution.InvocationInterceptorChain$ValidatingInvocation.proceed(InvocationInterceptorChain.java:131)
	at org.junit.jupiter.engine.extension.TimeoutExtension.intercept(TimeoutExtension.java:156)
	at org.junit.jupiter.engine.extension.TimeoutExtension.interceptTestableMethod(TimeoutExtension.java:147)
	at org.junit.jupiter.engine.extension.TimeoutExtension.interceptTestMethod(TimeoutExtension.java:86)
	at org.junit.jupiter.engine.execution.InterceptingExecutableInvoker$ReflectiveInterceptorCall.lambda$ofVoidMethod$0(InterceptingExecutableInvoker.java:103)
	at org.junit.jupiter.engine.execution.InterceptingExecutableInvoker.lambda$invoke$0(InterceptingExecutableInvoker.java:93)
	at org.junit.jupiter.engine.execution.InvocationInterceptorChain$InterceptedInvocation.proceed(InvocationInterceptorChain.java:106)
	at org.junit.jupiter.engine.execution.InvocationInterceptorChain.proceed(InvocationInterceptorChain.java:64)
	at org.junit.jupiter.engine.execution.InvocationInterceptorChain.chainAndInvoke(InvocationInterceptorChain.java:45)
	at org.junit.jupiter.engine.execution.InvocationInterceptorChain.invoke(InvocationInterceptorChain.java:37)
	at org.junit.jupiter.engine.execution.InterceptingExecutableInvoker.invoke(InterceptingExecutableInvoker.java:92)
	at org.junit.jupiter.engine.execution.InterceptingExecutableInvoker.invoke(InterceptingExecutableInvoker.java:86)
	at org.junit.jupiter.engine.descriptor.TestMethodTestDescriptor.lambda$invokeTestMethod$7(TestMethodTestDescriptor.java:218)
	at org.junit.platform.engine.support.hierarchical.ThrowableCollector.execute(ThrowableCollector.java:73)
	at org.junit.jupiter.engine.descriptor.TestMethodTestDescriptor.invokeTestMethod(TestMethodTestDescriptor.java:214)
	at org.junit.jupiter.engine.descriptor.TestMethodTestDescriptor.execute(TestMethodTestDescriptor.java:139)
	at org.junit.jupiter.engine.descriptor.TestMethodTestDescriptor.execute(TestMethodTestDescriptor.java:69)
	at org.junit.platform.engine.support.hierarchical.NodeTestTask.lambda$executeRecursively$6(NodeTestTask.java:151)
	at org.junit.platform.engine.support.hierarchical.ThrowableCollector.execute(ThrowableCollector.java:73)
	at org.junit.platform.engine.support.hierarchical.NodeTestTask.lambda$executeRecursively$8(NodeTestTask.java:141)
	at org.junit.platform.engine.support.hierarchical.Node.around(Node.java:137)
	at org.junit.platform.engine.support.hierarchical.NodeTestTask.lambda$executeRecursively$9(NodeTestTask.java:139)
	at org.junit.platform.engine.support.hierarchical.ThrowableCollector.execute(ThrowableCollector.java:73)
	at org.junit.platform.engine.support.hierarchical.NodeTestTask.executeRecursively(NodeTestTask.java:138)
	at org.junit.platform.engine.support.hierarchical.NodeTestTask.execute(NodeTestTask.java:95)
	at java.base/java.util.ArrayList.forEach(ArrayList.java:1541)
	at org.junit.platform.engine.support.hierarchical.SameThreadHierarchicalTestExecutorService.invokeAll(SameThreadHierarchicalTestExecutorService.java:41)
	at org.junit.platform.engine.support.hierarchical.NodeTestTask.lambda$executeRecursively$6(NodeTestTask.java:155)
	at org.junit.platform.engine.support.hierarchical.ThrowableCollector.execute(ThrowableCollector.java:73)
	at org.junit.platform.engine.support.hierarchical.NodeTestTask.lambda$executeRecursively$8(NodeTestTask.java:141)
	at org.junit.platform.engine.support.hierarchical.Node.around(Node.java:137)
	at org.junit.platform.engine.support.hierarchical.NodeTestTask.lambda$executeRecursively$9(NodeTestTask.java:139)
	at org.junit.platform.engine.support.hierarchical.ThrowableCollector.execute(ThrowableCollector.java:73)
	at org.junit.platform.engine.support.hierarchical.NodeTestTask.executeRecursively(NodeTestTask.java:138)
	at org.junit.platform.engine.support.hierarchical.NodeTestTask.execute(NodeTestTask.java:95)
	at java.base/java.util.ArrayList.forEach(ArrayList.java:1541)
	at org.junit.platform.engine.support.hierarchical.SameThreadHierarchicalTestExecutorService.invokeAll(SameThreadHierarchicalTestExecutorService.java:41)
	at org.junit.platform.engine.support.hierarchical.NodeTestTask.lambda$executeRecursively$6(NodeTestTask.java:155)
	at org.junit.platform.engine.support.hierarchical.ThrowableCollector.execute(ThrowableCollector.java:73)
	at org.junit.platform.engine.support.hierarchical.NodeTestTask.lambda$executeRecursively$8(NodeTestTask.java:141)
	at org.junit.platform.engine.support.hierarchical.Node.around(Node.java:137)
	at org.junit.platform.engine.support.hierarchical.NodeTestTask.lambda$executeRecursively$9(NodeTestTask.java:139)
	at org.junit.platform.engine.support.hierarchical.ThrowableCollector.execute(ThrowableCollector.java:73)
	at org.junit.platform.engine.support.hierarchical.NodeTestTask.executeRecursively(NodeTestTask.java:138)
	at org.junit.platform.engine.support.hierarchical.NodeTestTask.execute(NodeTestTask.java:95)
	at org.junit.platform.engine.support.hierarchical.SameThreadHierarchicalTestExecutorService.submit(SameThreadHierarchicalTestExecutorService.java:35)
	at org.junit.platform.engine.support.hierarchical.HierarchicalTestExecutor.execute(HierarchicalTestExecutor.java:57)
	at org.junit.platform.engine.support.hierarchical.HierarchicalTestEngine.execute(HierarchicalTestEngine.java:54)
	at org.junit.platform.launcher.core.EngineExecutionOrchestrator.execute(EngineExecutionOrchestrator.java:147)
	at org.junit.platform.launcher.core.EngineExecutionOrchestrator.execute(EngineExecutionOrchestrator.java:127)
	at org.junit.platform.launcher.core.EngineExecutionOrchestrator.execute(EngineExecutionOrchestrator.java:90)
	at org.junit.platform.launcher.core.EngineExecutionOrchestrator.lambda$execute$0(EngineExecutionOrchestrator.java:55)
	at org.junit.platform.launcher.core.EngineExecutionOrchestrator.withInterceptedStreams(EngineExecutionOrchestrator.java:102)
	at org.junit.platform.launcher.core.EngineExecutionOrchestrator.execute(EngineExecutionOrchestrator.java:54)
	at org.junit.platform.launcher.core.DefaultLauncher.execute(DefaultLauncher.java:114)
	at org.junit.platform.launcher.core.DefaultLauncher.execute(DefaultLauncher.java:86)
	at org.junit.platform.launcher.core.DefaultLauncherSession$DelegatingLauncher.execute(DefaultLauncherSession.java:86)
	at org.apache.maven.surefire.junitplatform.LazyLauncher.execute(LazyLauncher.java:50)
	at org.apache.maven.surefire.junitplatform.JUnitPlatformProvider.execute(JUnitPlatformProvider.java:184)
	at org.apache.maven.surefire.junitplatform.JUnitPlatformProvider.invokeAllTests(JUnitPlatformProvider.java:148)
	at org.apache.maven.surefire.junitplatform.JUnitPlatformProvider.invoke(JUnitPlatformProvider.java:122)
	at org.apache.maven.surefire.booter.ForkedBooter.runSuitesInProcess(ForkedBooter.java:385)
	at org.apache.maven.surefire.booter.ForkedBooter.execute(ForkedBooter.java:162)
	at org.apache.maven.surefire.booter.ForkedBooter.run(ForkedBooter.java:507)
	at org.apache.maven.surefire.booter.ForkedBooter.main(ForkedBooter.java:495)
]]></failure>
  </testcase>
</testsuite>